<?xml version="1.0" encoding="UTF-8"?>
<testsuites name="SimpleForm" time="135.648" tests="10" failures="0" errors="0">
   <testsuite name="SimpleForm" tests="10" failures="0" errors="0" time="135.648" timestamp="2020-07-30 12:58:42" hostname="adamz - DESKTOP-9O3DKQB" id="Test Suites/SimpleForm">
      <properties>
         <property name="deviceName" value=""/>
         <property name="devicePlatform" value=""/>
         <property name="logFolder" value="C:\\Users\\adamz\\git\\seleniumeasy-katalon\\Reports\\20200730_125840\\SimpleForm\\20200730_125840"/>
         <property name="logFiles" value="C:\\Users\\adamz\\git\\seleniumeasy-katalon\\Reports\\20200730_125840\\SimpleForm\\20200730_125840\\execution0.log"/>
         <property name="attachments" value=""/>
         <property name="hostName" value="adamz - DESKTOP-9O3DKQB"/>
         <property name="os" value="Windows 10 64bit"/>
         <property name="katalonVersion" value="7.6.2.205"/>
         <property name="browser" value="Chrome 84.0.4147.105"/>
         <property name="hostAddress" value="10.202.0.2"/>
         <property name="sessionId" value="c96538057d1defdf287a54a89e516016"/>
         <property name="seleniumVersion" value="3.141.59"/>
         <property name="proxyInformation" value="ProxyInformation { proxyOption=NO_PROXY, proxyServerType=HTTP, username=, password=********, proxyServerAddress=, proxyServerPort=0, executionList=\&quot;\&quot;, isApplyToDesiredCapabilities=true }"/>
         <property name="platform" value="Windows 10"/>
      </properties>
      <testcase name="Test Cases/SimpleForm/textInputSimpleFormTest" time="15.311" classname="Test Cases/SimpleForm/textInputSimpleFormTest" status="PASSED">
         <system-out><![CDATA[2020-07-30 12:58:42 - [TEST_CASE][PASSED] - Test Cases/SimpleForm/textInputSimpleFormTest: Test Cases/SimpleForm/textInputSimpleFormTest

2020-07-30 12:58:42 - [TEST_STEP][PASSED] - openBrowser(""): Browser is opened with url: ''

2020-07-30 12:58:43 - [MESSAGE][INFO] - Starting 'Chrome' driver

2020-07-30 12:58:43 - [MESSAGE][INFO] - Action delay is set to 0 milliseconds

2020-07-30 12:58:47 - [MESSAGE][PASSED] - Browser is opened with url: ''

2020-07-30 12:58:47 - [TEST_STEP][PASSED] - maximizeWindow(): Current window maximized

2020-07-30 12:58:49 - [MESSAGE][PASSED] - Current window maximized

2020-07-30 12:58:49 - [TEST_STEP][PASSED] - navigateToUrl("https://www.seleniumeasy.com/test/basic-first-form-demo.html"): Navigate to 'https://www.seleniumeasy.com/test/basic-first-form-demo.html' successfully

2020-07-30 12:58:52 - [MESSAGE][PASSED] - Navigate to 'https://www.seleniumeasy.com/test/basic-first-form-demo.html' successfully

2020-07-30 12:58:52 - [TEST_STEP][PASSED] - delay(2): Delayed 2 second(s)

2020-07-30 12:58:54 - [MESSAGE][PASSED] - Delayed 2 second(s)

2020-07-30 12:58:54 - [TEST_STEP][PASSED] - click(findTestObject("TestPage/popupCloseBtn")): Object: 'Object Repository/TestPage/popupCloseBtn' is clicked on

2020-07-30 12:58:55 - [MESSAGE][PASSED] - Object: 'Object Repository/TestPage/popupCloseBtn' is clicked on

2020-07-30 12:58:55 - [TEST_STEP][PASSED] - sendKeys(findTestObject("SimpleFormDemoPage/textInputSimpleForm"), textInput): Keys 'test data' sent to object: 'Object Repository/SimpleFormDemoPage/textInputSimpleForm'

2020-07-30 12:58:56 - [MESSAGE][PASSED] - Keys 'test data' sent to object: 'Object Repository/SimpleFormDemoPage/textInputSimpleForm'

2020-07-30 12:58:56 - [TEST_STEP][PASSED] - click(findTestObject("SimpleFormDemoPage/showMessageBtn")): Object: 'Object Repository/SimpleFormDemoPage/showMessageBtn' is clicked on

2020-07-30 12:58:56 - [MESSAGE][PASSED] - Object: 'Object Repository/SimpleFormDemoPage/showMessageBtn' is clicked on

2020-07-30 12:58:56 - [TEST_STEP][PASSED] - verifyElementText(findTestObject("SimpleFormDemoPage/printedValueFromTextInput"), textInput): Actual text and expected text of test object 'Object Repository/SimpleFormDemoPage/printedValueFromTextInput' are matched.

2020-07-30 12:58:57 - [MESSAGE][PASSED] - Actual text and expected text of test object 'Object Repository/SimpleFormDemoPage/printedValueFromTextInput' are matched.

2020-07-30 12:58:57 - [TEST_STEP][PASSED] - closeBrowser(): Browser is closed

2020-07-30 12:58:57 - [MESSAGE][PASSED] - Browser is closed]]></system-out>
         <system-err><![CDATA[]]></system-err>
      </testcase>
      <testcase name="Test Cases/SimpleForm/textInputSimpleFormTest" time="13.752" classname="Test Cases/SimpleForm/textInputSimpleFormTest" status="PASSED">
         <system-out><![CDATA[2020-07-30 12:58:57 - [TEST_CASE][PASSED] - Test Cases/SimpleForm/textInputSimpleFormTest: Test Cases/SimpleForm/textInputSimpleFormTest

2020-07-30 12:58:57 - [TEST_STEP][PASSED] - openBrowser(""): Browser is opened with url: ''

2020-07-30 12:58:57 - [MESSAGE][INFO] - Starting 'Chrome' driver

2020-07-30 12:58:57 - [MESSAGE][INFO] - Action delay is set to 0 milliseconds

2020-07-30 12:59:01 - [MESSAGE][PASSED] - Browser is opened with url: ''

2020-07-30 12:59:01 - [TEST_STEP][PASSED] - maximizeWindow(): Current window maximized

2020-07-30 12:59:03 - [MESSAGE][PASSED] - Current window maximized

2020-07-30 12:59:03 - [TEST_STEP][PASSED] - navigateToUrl("https://www.seleniumeasy.com/test/basic-first-form-demo.html"): Navigate to 'https://www.seleniumeasy.com/test/basic-first-form-demo.html' successfully

2020-07-30 12:59:06 - [MESSAGE][PASSED] - Navigate to 'https://www.seleniumeasy.com/test/basic-first-form-demo.html' successfully

2020-07-30 12:59:06 - [TEST_STEP][PASSED] - delay(2): Delayed 2 second(s)

2020-07-30 12:59:08 - [MESSAGE][PASSED] - Delayed 2 second(s)

2020-07-30 12:59:08 - [TEST_STEP][PASSED] - click(findTestObject("TestPage/popupCloseBtn")): Object: 'Object Repository/TestPage/popupCloseBtn' is clicked on

2020-07-30 12:59:09 - [MESSAGE][PASSED] - Object: 'Object Repository/TestPage/popupCloseBtn' is clicked on

2020-07-30 12:59:09 - [TEST_STEP][PASSED] - sendKeys(findTestObject("SimpleFormDemoPage/textInputSimpleForm"), textInput): Keys 'this is a long long long long long long long test data' sent to object: 'Object Repository/SimpleFormDemoPage/textInputSimpleForm'

2020-07-30 12:59:10 - [MESSAGE][PASSED] - Keys 'this is a long long long long long long long test data' sent to object: 'Object Repository/SimpleFormDemoPage/textInputSimpleForm'

2020-07-30 12:59:10 - [TEST_STEP][PASSED] - click(findTestObject("SimpleFormDemoPage/showMessageBtn")): Object: 'Object Repository/SimpleFormDemoPage/showMessageBtn' is clicked on

2020-07-30 12:59:10 - [MESSAGE][PASSED] - Object: 'Object Repository/SimpleFormDemoPage/showMessageBtn' is clicked on

2020-07-30 12:59:10 - [TEST_STEP][PASSED] - verifyElementText(findTestObject("SimpleFormDemoPage/printedValueFromTextInput"), textInput): Actual text and expected text of test object 'Object Repository/SimpleFormDemoPage/printedValueFromTextInput' are matched.

2020-07-30 12:59:11 - [MESSAGE][PASSED] - Actual text and expected text of test object 'Object Repository/SimpleFormDemoPage/printedValueFromTextInput' are matched.

2020-07-30 12:59:11 - [TEST_STEP][PASSED] - closeBrowser(): Browser is closed

2020-07-30 12:59:11 - [MESSAGE][PASSED] - Browser is closed]]></system-out>
         <system-err><![CDATA[]]></system-err>
      </testcase>
      <testcase name="Test Cases/SimpleForm/textInputSimpleFormTest" time="12.947" classname="Test Cases/SimpleForm/textInputSimpleFormTest" status="PASSED">
         <system-out><![CDATA[2020-07-30 12:59:11 - [TEST_CASE][PASSED] - Test Cases/SimpleForm/textInputSimpleFormTest: Test Cases/SimpleForm/textInputSimpleFormTest

2020-07-30 12:59:11 - [TEST_STEP][PASSED] - openBrowser(""): Browser is opened with url: ''

2020-07-30 12:59:11 - [MESSAGE][INFO] - Starting 'Chrome' driver

2020-07-30 12:59:11 - [MESSAGE][INFO] - Action delay is set to 0 milliseconds

2020-07-30 12:59:14 - [MESSAGE][PASSED] - Browser is opened with url: ''

2020-07-30 12:59:14 - [TEST_STEP][PASSED] - maximizeWindow(): Current window maximized

2020-07-30 12:59:16 - [MESSAGE][PASSED] - Current window maximized

2020-07-30 12:59:16 - [TEST_STEP][PASSED] - navigateToUrl("https://www.seleniumeasy.com/test/basic-first-form-demo.html"): Navigate to 'https://www.seleniumeasy.com/test/basic-first-form-demo.html' successfully

2020-07-30 12:59:19 - [MESSAGE][PASSED] - Navigate to 'https://www.seleniumeasy.com/test/basic-first-form-demo.html' successfully

2020-07-30 12:59:19 - [TEST_STEP][PASSED] - delay(2): Delayed 2 second(s)

2020-07-30 12:59:21 - [MESSAGE][PASSED] - Delayed 2 second(s)

2020-07-30 12:59:21 - [TEST_STEP][PASSED] - click(findTestObject("TestPage/popupCloseBtn")): Object: 'Object Repository/TestPage/popupCloseBtn' is clicked on

2020-07-30 12:59:22 - [MESSAGE][PASSED] - Object: 'Object Repository/TestPage/popupCloseBtn' is clicked on

2020-07-30 12:59:22 - [TEST_STEP][PASSED] - sendKeys(findTestObject("SimpleFormDemoPage/textInputSimpleForm"), textInput): Keys '0' sent to object: 'Object Repository/SimpleFormDemoPage/textInputSimpleForm'

2020-07-30 12:59:23 - [MESSAGE][PASSED] - Keys '0' sent to object: 'Object Repository/SimpleFormDemoPage/textInputSimpleForm'

2020-07-30 12:59:23 - [TEST_STEP][PASSED] - click(findTestObject("SimpleFormDemoPage/showMessageBtn")): Object: 'Object Repository/SimpleFormDemoPage/showMessageBtn' is clicked on

2020-07-30 12:59:23 - [MESSAGE][PASSED] - Object: 'Object Repository/SimpleFormDemoPage/showMessageBtn' is clicked on

2020-07-30 12:59:23 - [TEST_STEP][PASSED] - verifyElementText(findTestObject("SimpleFormDemoPage/printedValueFromTextInput"), textInput): Actual text and expected text of test object 'Object Repository/SimpleFormDemoPage/printedValueFromTextInput' are matched.

2020-07-30 12:59:24 - [MESSAGE][PASSED] - Actual text and expected text of test object 'Object Repository/SimpleFormDemoPage/printedValueFromTextInput' are matched.

2020-07-30 12:59:24 - [TEST_STEP][PASSED] - closeBrowser(): Browser is closed

2020-07-30 12:59:24 - [MESSAGE][PASSED] - Browser is closed]]></system-out>
         <system-err><![CDATA[]]></system-err>
      </testcase>
      <testcase name="Test Cases/SimpleForm/textInputSimpleFormTest" time="13.164" classname="Test Cases/SimpleForm/textInputSimpleFormTest" status="PASSED">
         <system-out><![CDATA[2020-07-30 12:59:24 - [TEST_CASE][PASSED] - Test Cases/SimpleForm/textInputSimpleFormTest: Test Cases/SimpleForm/textInputSimpleFormTest

2020-07-30 12:59:24 - [TEST_STEP][PASSED] - openBrowser(""): Browser is opened with url: ''

2020-07-30 12:59:24 - [MESSAGE][INFO] - Starting 'Chrome' driver

2020-07-30 12:59:24 - [MESSAGE][INFO] - Action delay is set to 0 milliseconds

2020-07-30 12:59:27 - [MESSAGE][PASSED] - Browser is opened with url: ''

2020-07-30 12:59:27 - [TEST_STEP][PASSED] - maximizeWindow(): Current window maximized

2020-07-30 12:59:29 - [MESSAGE][PASSED] - Current window maximized

2020-07-30 12:59:29 - [TEST_STEP][PASSED] - navigateToUrl("https://www.seleniumeasy.com/test/basic-first-form-demo.html"): Navigate to 'https://www.seleniumeasy.com/test/basic-first-form-demo.html' successfully

2020-07-30 12:59:33 - [MESSAGE][PASSED] - Navigate to 'https://www.seleniumeasy.com/test/basic-first-form-demo.html' successfully

2020-07-30 12:59:33 - [TEST_STEP][PASSED] - delay(2): Delayed 2 second(s)

2020-07-30 12:59:35 - [MESSAGE][PASSED] - Delayed 2 second(s)

2020-07-30 12:59:35 - [TEST_STEP][PASSED] - click(findTestObject("TestPage/popupCloseBtn")): Object: 'Object Repository/TestPage/popupCloseBtn' is clicked on

2020-07-30 12:59:35 - [MESSAGE][PASSED] - Object: 'Object Repository/TestPage/popupCloseBtn' is clicked on

2020-07-30 12:59:35 - [TEST_STEP][PASSED] - sendKeys(findTestObject("SimpleFormDemoPage/textInputSimpleForm"), textInput): Keys '"+!%/=()Ö#@' sent to object: 'Object Repository/SimpleFormDemoPage/textInputSimpleForm'

2020-07-30 12:59:36 - [MESSAGE][PASSED] - Keys '"+!%/=()Ö#@' sent to object: 'Object Repository/SimpleFormDemoPage/textInputSimpleForm'

2020-07-30 12:59:36 - [TEST_STEP][PASSED] - click(findTestObject("SimpleFormDemoPage/showMessageBtn")): Object: 'Object Repository/SimpleFormDemoPage/showMessageBtn' is clicked on

2020-07-30 12:59:36 - [MESSAGE][PASSED] - Object: 'Object Repository/SimpleFormDemoPage/showMessageBtn' is clicked on

2020-07-30 12:59:36 - [TEST_STEP][PASSED] - verifyElementText(findTestObject("SimpleFormDemoPage/printedValueFromTextInput"), textInput): Actual text and expected text of test object 'Object Repository/SimpleFormDemoPage/printedValueFromTextInput' are matched.

2020-07-30 12:59:37 - [MESSAGE][PASSED] - Actual text and expected text of test object 'Object Repository/SimpleFormDemoPage/printedValueFromTextInput' are matched.

2020-07-30 12:59:37 - [TEST_STEP][PASSED] - closeBrowser(): Browser is closed

2020-07-30 12:59:37 - [MESSAGE][PASSED] - Browser is closed]]></system-out>
         <system-err><![CDATA[]]></system-err>
      </testcase>
      <testcase name="Test Cases/SimpleForm/numberInputSimpleFormTest" time="13.535" classname="Test Cases/SimpleForm/numberInputSimpleFormTest" status="PASSED">
         <system-out><![CDATA[2020-07-30 12:59:37 - [TEST_CASE][PASSED] - Test Cases/SimpleForm/numberInputSimpleFormTest: Test Cases/SimpleForm/numberInputSimpleFormTest

2020-07-30 12:59:37 - [TEST_STEP][PASSED] - openBrowser(""): Browser is opened with url: ''

2020-07-30 12:59:37 - [MESSAGE][INFO] - Starting 'Chrome' driver

2020-07-30 12:59:38 - [MESSAGE][INFO] - Action delay is set to 0 milliseconds

2020-07-30 12:59:41 - [MESSAGE][PASSED] - Browser is opened with url: ''

2020-07-30 12:59:41 - [TEST_STEP][PASSED] - maximizeWindow(): Current window maximized

2020-07-30 12:59:43 - [MESSAGE][PASSED] - Current window maximized

2020-07-30 12:59:43 - [TEST_STEP][PASSED] - navigateToUrl("https://www.seleniumeasy.com/test/basic-first-form-demo.html"): Navigate to 'https://www.seleniumeasy.com/test/basic-first-form-demo.html' successfully

2020-07-30 12:59:46 - [MESSAGE][PASSED] - Navigate to 'https://www.seleniumeasy.com/test/basic-first-form-demo.html' successfully

2020-07-30 12:59:46 - [TEST_STEP][PASSED] - delay(2): Delayed 2 second(s)

2020-07-30 12:59:48 - [MESSAGE][PASSED] - Delayed 2 second(s)

2020-07-30 12:59:48 - [TEST_STEP][PASSED] - click(findTestObject("TestPage/popupCloseBtn")): Object: 'Object Repository/TestPage/popupCloseBtn' is clicked on

2020-07-30 12:59:49 - [MESSAGE][PASSED] - Object: 'Object Repository/TestPage/popupCloseBtn' is clicked on

2020-07-30 12:59:49 - [TEST_STEP][PASSED] - sendKeys(findTestObject("SimpleFormDemoPage/a_numberInputField"), numberA): Keys '0' sent to object: 'Object Repository/SimpleFormDemoPage/a_numberInputField'

2020-07-30 12:59:49 - [MESSAGE][PASSED] - Keys '0' sent to object: 'Object Repository/SimpleFormDemoPage/a_numberInputField'

2020-07-30 12:59:49 - [TEST_STEP][PASSED] - sendKeys(findTestObject("SimpleFormDemoPage/b_numberInputField"), numberB): Keys '0' sent to object: 'Object Repository/SimpleFormDemoPage/b_numberInputField'

2020-07-30 12:59:49 - [MESSAGE][PASSED] - Keys '0' sent to object: 'Object Repository/SimpleFormDemoPage/b_numberInputField'

2020-07-30 12:59:49 - [TEST_STEP][PASSED] - click(findTestObject("SimpleFormDemoPage/getTotalBtn")): Object: 'Object Repository/SimpleFormDemoPage/getTotalBtn' is clicked on

2020-07-30 12:59:50 - [MESSAGE][PASSED] - Object: 'Object Repository/SimpleFormDemoPage/getTotalBtn' is clicked on

2020-07-30 12:59:50 - [TEST_STEP][PASSED] - verifyElementText(findTestObject("SimpleFormDemoPage/resultNumber"), numberResult): Actual text and expected text of test object 'Object Repository/SimpleFormDemoPage/resultNumber' are matched.

2020-07-30 12:59:50 - [MESSAGE][PASSED] - Actual text and expected text of test object 'Object Repository/SimpleFormDemoPage/resultNumber' are matched.

2020-07-30 12:59:50 - [TEST_STEP][PASSED] - closeBrowser(): Browser is closed

2020-07-30 12:59:51 - [MESSAGE][PASSED] - Browser is closed]]></system-out>
         <system-err><![CDATA[]]></system-err>
      </testcase>
      <testcase name="Test Cases/SimpleForm/numberInputSimpleFormTest" time="13.018" classname="Test Cases/SimpleForm/numberInputSimpleFormTest" status="PASSED">
         <system-out><![CDATA[2020-07-30 12:59:51 - [TEST_CASE][PASSED] - Test Cases/SimpleForm/numberInputSimpleFormTest: Test Cases/SimpleForm/numberInputSimpleFormTest

2020-07-30 12:59:51 - [TEST_STEP][PASSED] - openBrowser(""): Browser is opened with url: ''

2020-07-30 12:59:51 - [MESSAGE][INFO] - Starting 'Chrome' driver

2020-07-30 12:59:51 - [MESSAGE][INFO] - Action delay is set to 0 milliseconds

2020-07-30 12:59:54 - [MESSAGE][PASSED] - Browser is opened with url: ''

2020-07-30 12:59:54 - [TEST_STEP][PASSED] - maximizeWindow(): Current window maximized

2020-07-30 12:59:56 - [MESSAGE][PASSED] - Current window maximized

2020-07-30 12:59:56 - [TEST_STEP][PASSED] - navigateToUrl("https://www.seleniumeasy.com/test/basic-first-form-demo.html"): Navigate to 'https://www.seleniumeasy.com/test/basic-first-form-demo.html' successfully

2020-07-30 12:59:59 - [MESSAGE][PASSED] - Navigate to 'https://www.seleniumeasy.com/test/basic-first-form-demo.html' successfully

2020-07-30 12:59:59 - [TEST_STEP][PASSED] - delay(2): Delayed 2 second(s)

2020-07-30 13:00:01 - [MESSAGE][PASSED] - Delayed 2 second(s)

2020-07-30 13:00:01 - [TEST_STEP][PASSED] - click(findTestObject("TestPage/popupCloseBtn")): Object: 'Object Repository/TestPage/popupCloseBtn' is clicked on

2020-07-30 13:00:02 - [MESSAGE][PASSED] - Object: 'Object Repository/TestPage/popupCloseBtn' is clicked on

2020-07-30 13:00:02 - [TEST_STEP][PASSED] - sendKeys(findTestObject("SimpleFormDemoPage/a_numberInputField"), numberA): Keys '1' sent to object: 'Object Repository/SimpleFormDemoPage/a_numberInputField'

2020-07-30 13:00:02 - [MESSAGE][PASSED] - Keys '1' sent to object: 'Object Repository/SimpleFormDemoPage/a_numberInputField'

2020-07-30 13:00:02 - [TEST_STEP][PASSED] - sendKeys(findTestObject("SimpleFormDemoPage/b_numberInputField"), numberB): Keys '1' sent to object: 'Object Repository/SimpleFormDemoPage/b_numberInputField'

2020-07-30 13:00:02 - [MESSAGE][PASSED] - Keys '1' sent to object: 'Object Repository/SimpleFormDemoPage/b_numberInputField'

2020-07-30 13:00:02 - [TEST_STEP][PASSED] - click(findTestObject("SimpleFormDemoPage/getTotalBtn")): Object: 'Object Repository/SimpleFormDemoPage/getTotalBtn' is clicked on

2020-07-30 13:00:03 - [MESSAGE][PASSED] - Object: 'Object Repository/SimpleFormDemoPage/getTotalBtn' is clicked on

2020-07-30 13:00:03 - [TEST_STEP][PASSED] - verifyElementText(findTestObject("SimpleFormDemoPage/resultNumber"), numberResult): Actual text and expected text of test object 'Object Repository/SimpleFormDemoPage/resultNumber' are matched.

2020-07-30 13:00:03 - [MESSAGE][PASSED] - Actual text and expected text of test object 'Object Repository/SimpleFormDemoPage/resultNumber' are matched.

2020-07-30 13:00:03 - [TEST_STEP][PASSED] - closeBrowser(): Browser is closed

2020-07-30 13:00:04 - [MESSAGE][PASSED] - Browser is closed]]></system-out>
         <system-err><![CDATA[]]></system-err>
      </testcase>
      <testcase name="Test Cases/SimpleForm/numberInputSimpleFormTest" time="13.522" classname="Test Cases/SimpleForm/numberInputSimpleFormTest" status="PASSED">
         <system-out><![CDATA[2020-07-30 13:00:04 - [TEST_CASE][PASSED] - Test Cases/SimpleForm/numberInputSimpleFormTest: Test Cases/SimpleForm/numberInputSimpleFormTest

2020-07-30 13:00:04 - [TEST_STEP][PASSED] - openBrowser(""): Browser is opened with url: ''

2020-07-30 13:00:04 - [MESSAGE][INFO] - Starting 'Chrome' driver

2020-07-30 13:00:04 - [MESSAGE][INFO] - Action delay is set to 0 milliseconds

2020-07-30 13:00:07 - [MESSAGE][PASSED] - Browser is opened with url: ''

2020-07-30 13:00:07 - [TEST_STEP][PASSED] - maximizeWindow(): Current window maximized

2020-07-30 13:00:09 - [MESSAGE][PASSED] - Current window maximized

2020-07-30 13:00:09 - [TEST_STEP][PASSED] - navigateToUrl("https://www.seleniumeasy.com/test/basic-first-form-demo.html"): Navigate to 'https://www.seleniumeasy.com/test/basic-first-form-demo.html' successfully

2020-07-30 13:00:13 - [MESSAGE][PASSED] - Navigate to 'https://www.seleniumeasy.com/test/basic-first-form-demo.html' successfully

2020-07-30 13:00:13 - [TEST_STEP][PASSED] - delay(2): Delayed 2 second(s)

2020-07-30 13:00:15 - [MESSAGE][PASSED] - Delayed 2 second(s)

2020-07-30 13:00:15 - [TEST_STEP][PASSED] - click(findTestObject("TestPage/popupCloseBtn")): Object: 'Object Repository/TestPage/popupCloseBtn' is clicked on

2020-07-30 13:00:15 - [MESSAGE][PASSED] - Object: 'Object Repository/TestPage/popupCloseBtn' is clicked on

2020-07-30 13:00:15 - [TEST_STEP][PASSED] - sendKeys(findTestObject("SimpleFormDemoPage/a_numberInputField"), numberA): Keys '-1' sent to object: 'Object Repository/SimpleFormDemoPage/a_numberInputField'

2020-07-30 13:00:16 - [MESSAGE][PASSED] - Keys '-1' sent to object: 'Object Repository/SimpleFormDemoPage/a_numberInputField'

2020-07-30 13:00:16 - [TEST_STEP][PASSED] - sendKeys(findTestObject("SimpleFormDemoPage/b_numberInputField"), numberB): Keys '-1' sent to object: 'Object Repository/SimpleFormDemoPage/b_numberInputField'

2020-07-30 13:00:16 - [MESSAGE][PASSED] - Keys '-1' sent to object: 'Object Repository/SimpleFormDemoPage/b_numberInputField'

2020-07-30 13:00:16 - [TEST_STEP][PASSED] - click(findTestObject("SimpleFormDemoPage/getTotalBtn")): Object: 'Object Repository/SimpleFormDemoPage/getTotalBtn' is clicked on

2020-07-30 13:00:16 - [MESSAGE][PASSED] - Object: 'Object Repository/SimpleFormDemoPage/getTotalBtn' is clicked on

2020-07-30 13:00:16 - [TEST_STEP][PASSED] - verifyElementText(findTestObject("SimpleFormDemoPage/resultNumber"), numberResult): Actual text and expected text of test object 'Object Repository/SimpleFormDemoPage/resultNumber' are matched.

2020-07-30 13:00:17 - [MESSAGE][PASSED] - Actual text and expected text of test object 'Object Repository/SimpleFormDemoPage/resultNumber' are matched.

2020-07-30 13:00:17 - [TEST_STEP][PASSED] - closeBrowser(): Browser is closed

2020-07-30 13:00:17 - [MESSAGE][PASSED] - Browser is closed]]></system-out>
         <system-err><![CDATA[]]></system-err>
      </testcase>
      <testcase name="Test Cases/SimpleForm/numberInputSimpleFormTest" time="13.404" classname="Test Cases/SimpleForm/numberInputSimpleFormTest" status="PASSED">
         <system-out><![CDATA[2020-07-30 13:00:17 - [TEST_CASE][PASSED] - Test Cases/SimpleForm/numberInputSimpleFormTest: Test Cases/SimpleForm/numberInputSimpleFormTest

2020-07-30 13:00:18 - [TEST_STEP][PASSED] - openBrowser(""): Browser is opened with url: ''

2020-07-30 13:00:18 - [MESSAGE][INFO] - Starting 'Chrome' driver

2020-07-30 13:00:18 - [MESSAGE][INFO] - Action delay is set to 0 milliseconds

2020-07-30 13:00:21 - [MESSAGE][PASSED] - Browser is opened with url: ''

2020-07-30 13:00:21 - [TEST_STEP][PASSED] - maximizeWindow(): Current window maximized

2020-07-30 13:00:23 - [MESSAGE][PASSED] - Current window maximized

2020-07-30 13:00:23 - [TEST_STEP][PASSED] - navigateToUrl("https://www.seleniumeasy.com/test/basic-first-form-demo.html"): Navigate to 'https://www.seleniumeasy.com/test/basic-first-form-demo.html' successfully

2020-07-30 13:00:26 - [MESSAGE][PASSED] - Navigate to 'https://www.seleniumeasy.com/test/basic-first-form-demo.html' successfully

2020-07-30 13:00:26 - [TEST_STEP][PASSED] - delay(2): Delayed 2 second(s)

2020-07-30 13:00:28 - [MESSAGE][PASSED] - Delayed 2 second(s)

2020-07-30 13:00:28 - [TEST_STEP][PASSED] - click(findTestObject("TestPage/popupCloseBtn")): Object: 'Object Repository/TestPage/popupCloseBtn' is clicked on

2020-07-30 13:00:29 - [MESSAGE][PASSED] - Object: 'Object Repository/TestPage/popupCloseBtn' is clicked on

2020-07-30 13:00:29 - [TEST_STEP][PASSED] - sendKeys(findTestObject("SimpleFormDemoPage/a_numberInputField"), numberA): Keys '100000000000000000000' sent to object: 'Object Repository/SimpleFormDemoPage/a_numberInputField'

2020-07-30 13:00:29 - [MESSAGE][PASSED] - Keys '100000000000000000000' sent to object: 'Object Repository/SimpleFormDemoPage/a_numberInputField'

2020-07-30 13:00:29 - [TEST_STEP][PASSED] - sendKeys(findTestObject("SimpleFormDemoPage/b_numberInputField"), numberB): Keys '100000000000000000000' sent to object: 'Object Repository/SimpleFormDemoPage/b_numberInputField'

2020-07-30 13:00:29 - [MESSAGE][PASSED] - Keys '100000000000000000000' sent to object: 'Object Repository/SimpleFormDemoPage/b_numberInputField'

2020-07-30 13:00:29 - [TEST_STEP][PASSED] - click(findTestObject("SimpleFormDemoPage/getTotalBtn")): Object: 'Object Repository/SimpleFormDemoPage/getTotalBtn' is clicked on

2020-07-30 13:00:30 - [MESSAGE][PASSED] - Object: 'Object Repository/SimpleFormDemoPage/getTotalBtn' is clicked on

2020-07-30 13:00:30 - [TEST_STEP][PASSED] - verifyElementText(findTestObject("SimpleFormDemoPage/resultNumber"), numberResult): Actual text and expected text of test object 'Object Repository/SimpleFormDemoPage/resultNumber' are matched.

2020-07-30 13:00:30 - [MESSAGE][PASSED] - Actual text and expected text of test object 'Object Repository/SimpleFormDemoPage/resultNumber' are matched.

2020-07-30 13:00:30 - [TEST_STEP][PASSED] - closeBrowser(): Browser is closed

2020-07-30 13:00:31 - [MESSAGE][PASSED] - Browser is closed]]></system-out>
         <system-err><![CDATA[]]></system-err>
      </testcase>
      <testcase name="Test Cases/SimpleForm/numberInputSimpleFormTest" time="13.236" classname="Test Cases/SimpleForm/numberInputSimpleFormTest" status="PASSED">
         <system-out><![CDATA[2020-07-30 13:00:31 - [TEST_CASE][PASSED] - Test Cases/SimpleForm/numberInputSimpleFormTest: Test Cases/SimpleForm/numberInputSimpleFormTest

2020-07-30 13:00:31 - [TEST_STEP][PASSED] - openBrowser(""): Browser is opened with url: ''

2020-07-30 13:00:31 - [MESSAGE][INFO] - Starting 'Chrome' driver

2020-07-30 13:00:31 - [MESSAGE][INFO] - Action delay is set to 0 milliseconds

2020-07-30 13:00:34 - [MESSAGE][PASSED] - Browser is opened with url: ''

2020-07-30 13:00:34 - [TEST_STEP][PASSED] - maximizeWindow(): Current window maximized

2020-07-30 13:00:36 - [MESSAGE][PASSED] - Current window maximized

2020-07-30 13:00:36 - [TEST_STEP][PASSED] - navigateToUrl("https://www.seleniumeasy.com/test/basic-first-form-demo.html"): Navigate to 'https://www.seleniumeasy.com/test/basic-first-form-demo.html' successfully

2020-07-30 13:00:39 - [MESSAGE][PASSED] - Navigate to 'https://www.seleniumeasy.com/test/basic-first-form-demo.html' successfully

2020-07-30 13:00:39 - [TEST_STEP][PASSED] - delay(2): Delayed 2 second(s)

2020-07-30 13:00:41 - [MESSAGE][PASSED] - Delayed 2 second(s)

2020-07-30 13:00:41 - [TEST_STEP][PASSED] - click(findTestObject("TestPage/popupCloseBtn")): Object: 'Object Repository/TestPage/popupCloseBtn' is clicked on

2020-07-30 13:00:42 - [MESSAGE][PASSED] - Object: 'Object Repository/TestPage/popupCloseBtn' is clicked on

2020-07-30 13:00:42 - [TEST_STEP][PASSED] - sendKeys(findTestObject("SimpleFormDemoPage/a_numberInputField"), numberA): Keys 'a' sent to object: 'Object Repository/SimpleFormDemoPage/a_numberInputField'

2020-07-30 13:00:42 - [MESSAGE][PASSED] - Keys 'a' sent to object: 'Object Repository/SimpleFormDemoPage/a_numberInputField'

2020-07-30 13:00:42 - [TEST_STEP][PASSED] - sendKeys(findTestObject("SimpleFormDemoPage/b_numberInputField"), numberB): Keys 'a' sent to object: 'Object Repository/SimpleFormDemoPage/b_numberInputField'

2020-07-30 13:00:43 - [MESSAGE][PASSED] - Keys 'a' sent to object: 'Object Repository/SimpleFormDemoPage/b_numberInputField'

2020-07-30 13:00:43 - [TEST_STEP][PASSED] - click(findTestObject("SimpleFormDemoPage/getTotalBtn")): Object: 'Object Repository/SimpleFormDemoPage/getTotalBtn' is clicked on

2020-07-30 13:00:43 - [MESSAGE][PASSED] - Object: 'Object Repository/SimpleFormDemoPage/getTotalBtn' is clicked on

2020-07-30 13:00:43 - [TEST_STEP][PASSED] - verifyElementText(findTestObject("SimpleFormDemoPage/resultNumber"), numberResult): Actual text and expected text of test object 'Object Repository/SimpleFormDemoPage/resultNumber' are matched.

2020-07-30 13:00:44 - [MESSAGE][PASSED] - Actual text and expected text of test object 'Object Repository/SimpleFormDemoPage/resultNumber' are matched.

2020-07-30 13:00:44 - [TEST_STEP][PASSED] - closeBrowser(): Browser is closed

2020-07-30 13:00:44 - [MESSAGE][PASSED] - Browser is closed]]></system-out>
         <system-err><![CDATA[]]></system-err>
      </testcase>
      <testcase name="Test Cases/SimpleForm/numberInputSimpleFormTest" time="13.226" classname="Test Cases/SimpleForm/numberInputSimpleFormTest" status="PASSED">
         <system-out><![CDATA[2020-07-30 13:00:44 - [TEST_CASE][PASSED] - Test Cases/SimpleForm/numberInputSimpleFormTest: Test Cases/SimpleForm/numberInputSimpleFormTest

2020-07-30 13:00:44 - [TEST_STEP][PASSED] - openBrowser(""): Browser is opened with url: ''

2020-07-30 13:00:44 - [MESSAGE][INFO] - Starting 'Chrome' driver

2020-07-30 13:00:44 - [MESSAGE][INFO] - Action delay is set to 0 milliseconds

2020-07-30 13:00:47 - [MESSAGE][PASSED] - Browser is opened with url: ''

2020-07-30 13:00:47 - [TEST_STEP][PASSED] - maximizeWindow(): Current window maximized

2020-07-30 13:00:49 - [MESSAGE][PASSED] - Current window maximized

2020-07-30 13:00:49 - [TEST_STEP][PASSED] - navigateToUrl("https://www.seleniumeasy.com/test/basic-first-form-demo.html"): Navigate to 'https://www.seleniumeasy.com/test/basic-first-form-demo.html' successfully

2020-07-30 13:00:53 - [MESSAGE][PASSED] - Navigate to 'https://www.seleniumeasy.com/test/basic-first-form-demo.html' successfully

2020-07-30 13:00:53 - [TEST_STEP][PASSED] - delay(2): Delayed 2 second(s)

2020-07-30 13:00:55 - [MESSAGE][PASSED] - Delayed 2 second(s)

2020-07-30 13:00:55 - [TEST_STEP][PASSED] - click(findTestObject("TestPage/popupCloseBtn")): Object: 'Object Repository/TestPage/popupCloseBtn' is clicked on

2020-07-30 13:00:55 - [MESSAGE][PASSED] - Object: 'Object Repository/TestPage/popupCloseBtn' is clicked on

2020-07-30 13:00:55 - [TEST_STEP][PASSED] - sendKeys(findTestObject("SimpleFormDemoPage/a_numberInputField"), numberA): Keys '10' sent to object: 'Object Repository/SimpleFormDemoPage/a_numberInputField'

2020-07-30 13:00:56 - [MESSAGE][PASSED] - Keys '10' sent to object: 'Object Repository/SimpleFormDemoPage/a_numberInputField'

2020-07-30 13:00:56 - [TEST_STEP][PASSED] - sendKeys(findTestObject("SimpleFormDemoPage/b_numberInputField"), numberB): Keys 'random' sent to object: 'Object Repository/SimpleFormDemoPage/b_numberInputField'

2020-07-30 13:00:56 - [MESSAGE][PASSED] - Keys 'random' sent to object: 'Object Repository/SimpleFormDemoPage/b_numberInputField'

2020-07-30 13:00:56 - [TEST_STEP][PASSED] - click(findTestObject("SimpleFormDemoPage/getTotalBtn")): Object: 'Object Repository/SimpleFormDemoPage/getTotalBtn' is clicked on

2020-07-30 13:00:56 - [MESSAGE][PASSED] - Object: 'Object Repository/SimpleFormDemoPage/getTotalBtn' is clicked on

2020-07-30 13:00:56 - [TEST_STEP][PASSED] - verifyElementText(findTestObject("SimpleFormDemoPage/resultNumber"), numberResult): Actual text and expected text of test object 'Object Repository/SimpleFormDemoPage/resultNumber' are matched.

2020-07-30 13:00:57 - [MESSAGE][PASSED] - Actual text and expected text of test object 'Object Repository/SimpleFormDemoPage/resultNumber' are matched.

2020-07-30 13:00:57 - [TEST_STEP][PASSED] - closeBrowser(): Browser is closed

2020-07-30 13:00:57 - [MESSAGE][PASSED] - Browser is closed]]></system-out>
         <system-err><![CDATA[]]></system-err>
      </testcase>
      <system-out><![CDATA[2020-07-30 12:58:42 - [TEST_SUITE][PASSED] - SimpleForm: Test Cases/SimpleForm/numberInputSimpleFormTest]]></system-out>
      <system-err><![CDATA[]]></system-err>
   </testsuite>
</testsuites>
