<?xml version="1.0" encoding="UTF-8"?>
<testsuites name="SimpleForm" time="54.932" tests="4" failures="0" errors="0">
   <testsuite name="SimpleForm" tests="4" failures="0" errors="0" time="54.932" timestamp="2020-07-29 12:49:30" hostname="adamz - DESKTOP-9O3DKQB" id="Test Suites/SimpleForm">
      <properties>
         <property name="deviceName" value=""/>
         <property name="devicePlatform" value=""/>
         <property name="logFolder" value="C:\\Users\\adamz\\git\\seleniumeasy-katalon\\Reports\\20200729_124928\\SimpleForm\\20200729_124928"/>
         <property name="logFiles" value="C:\\Users\\adamz\\git\\seleniumeasy-katalon\\Reports\\20200729_124928\\SimpleForm\\20200729_124928\\execution0.log"/>
         <property name="attachments" value=""/>
         <property name="hostName" value="adamz - DESKTOP-9O3DKQB"/>
         <property name="os" value="Windows 10 64bit"/>
         <property name="katalonVersion" value="7.6.2.205"/>
         <property name="browser" value="Chrome 84.0.4147.105"/>
         <property name="hostAddress" value="10.202.0.2"/>
         <property name="sessionId" value="a4be2a74942f3aae90a1e1fe0ec10089"/>
         <property name="seleniumVersion" value="3.141.59"/>
         <property name="proxyInformation" value="ProxyInformation { proxyOption=NO_PROXY, proxyServerType=HTTP, username=, password=********, proxyServerAddress=, proxyServerPort=0, executionList=\&quot;\&quot;, isApplyToDesiredCapabilities=true }"/>
         <property name="platform" value="Windows 10"/>
      </properties>
      <testcase name="Test Cases/textInputSimpleForm" time="14.462" classname="Test Cases/textInputSimpleForm" status="PASSED">
         <system-out><![CDATA[2020-07-29 12:49:30 - [TEST_CASE][PASSED] - Test Cases/textInputSimpleForm: Test Cases/textInputSimpleForm

2020-07-29 12:49:30 - [TEST_STEP][PASSED] - openBrowser(""): Browser is opened with url: ''

2020-07-29 12:49:31 - [MESSAGE][INFO] - Starting 'Chrome' driver

2020-07-29 12:49:31 - [MESSAGE][INFO] - Action delay is set to 0 milliseconds

2020-07-29 12:49:35 - [MESSAGE][PASSED] - Browser is opened with url: ''

2020-07-29 12:49:35 - [TEST_STEP][PASSED] - maximizeWindow(): Current window maximized

2020-07-29 12:49:37 - [MESSAGE][PASSED] - Current window maximized

2020-07-29 12:49:37 - [TEST_STEP][PASSED] - navigateToUrl("https://www.seleniumeasy.com/test/basic-first-form-demo.html"): Navigate to 'https://www.seleniumeasy.com/test/basic-first-form-demo.html' successfully

2020-07-29 12:49:40 - [MESSAGE][PASSED] - Navigate to 'https://www.seleniumeasy.com/test/basic-first-form-demo.html' successfully

2020-07-29 12:49:40 - [TEST_STEP][PASSED] - delay(2): Delayed 2 second(s)

2020-07-29 12:49:42 - [MESSAGE][PASSED] - Delayed 2 second(s)

2020-07-29 12:49:42 - [TEST_STEP][PASSED] - click(findTestObject("TestPage/popupCloseBtn")): Object: 'Object Repository/TestPage/popupCloseBtn' is clicked on

2020-07-29 12:49:42 - [MESSAGE][PASSED] - Object: 'Object Repository/TestPage/popupCloseBtn' is clicked on

2020-07-29 12:49:42 - [TEST_STEP][PASSED] - sendKeys(findTestObject("SimpleFormDemoPage/textInputSimpleForm"), textInput): Keys 'test data' sent to object: 'Object Repository/SimpleFormDemoPage/textInputSimpleForm'

2020-07-29 12:49:43 - [MESSAGE][PASSED] - Keys 'test data' sent to object: 'Object Repository/SimpleFormDemoPage/textInputSimpleForm'

2020-07-29 12:49:43 - [TEST_STEP][PASSED] - click(findTestObject("SimpleFormDemoPage/showMessageBtn")): Object: 'Object Repository/SimpleFormDemoPage/showMessageBtn' is clicked on

2020-07-29 12:49:43 - [MESSAGE][PASSED] - Object: 'Object Repository/SimpleFormDemoPage/showMessageBtn' is clicked on

2020-07-29 12:49:43 - [TEST_STEP][PASSED] - verifyElementText(findTestObject("SimpleFormDemoPage/printedValueFromTextInput"), textInput): Actual text and expected text of test object 'Object Repository/SimpleFormDemoPage/printedValueFromTextInput' are matched.

2020-07-29 12:49:44 - [MESSAGE][PASSED] - Actual text and expected text of test object 'Object Repository/SimpleFormDemoPage/printedValueFromTextInput' are matched.

2020-07-29 12:49:44 - [TEST_STEP][PASSED] - closeBrowser(): Browser is closed

2020-07-29 12:49:44 - [MESSAGE][PASSED] - Browser is closed]]></system-out>
         <system-err><![CDATA[]]></system-err>
      </testcase>
      <testcase name="Test Cases/textInputSimpleForm" time="13.747" classname="Test Cases/textInputSimpleForm" status="PASSED">
         <system-out><![CDATA[2020-07-29 12:49:44 - [TEST_CASE][PASSED] - Test Cases/textInputSimpleForm: Test Cases/textInputSimpleForm

2020-07-29 12:49:44 - [TEST_STEP][PASSED] - openBrowser(""): Browser is opened with url: ''

2020-07-29 12:49:44 - [MESSAGE][INFO] - Starting 'Chrome' driver

2020-07-29 12:49:44 - [MESSAGE][INFO] - Action delay is set to 0 milliseconds

2020-07-29 12:49:48 - [MESSAGE][PASSED] - Browser is opened with url: ''

2020-07-29 12:49:48 - [TEST_STEP][PASSED] - maximizeWindow(): Current window maximized

2020-07-29 12:49:50 - [MESSAGE][PASSED] - Current window maximized

2020-07-29 12:49:50 - [TEST_STEP][PASSED] - navigateToUrl("https://www.seleniumeasy.com/test/basic-first-form-demo.html"): Navigate to 'https://www.seleniumeasy.com/test/basic-first-form-demo.html' successfully

2020-07-29 12:49:53 - [MESSAGE][PASSED] - Navigate to 'https://www.seleniumeasy.com/test/basic-first-form-demo.html' successfully

2020-07-29 12:49:53 - [TEST_STEP][PASSED] - delay(2): Delayed 2 second(s)

2020-07-29 12:49:55 - [MESSAGE][PASSED] - Delayed 2 second(s)

2020-07-29 12:49:55 - [TEST_STEP][PASSED] - click(findTestObject("TestPage/popupCloseBtn")): Object: 'Object Repository/TestPage/popupCloseBtn' is clicked on

2020-07-29 12:49:55 - [MESSAGE][PASSED] - Object: 'Object Repository/TestPage/popupCloseBtn' is clicked on

2020-07-29 12:49:55 - [TEST_STEP][PASSED] - sendKeys(findTestObject("SimpleFormDemoPage/textInputSimpleForm"), textInput): Keys 'this is a long long long long long long long test data' sent to object: 'Object Repository/SimpleFormDemoPage/textInputSimpleForm'

2020-07-29 12:49:56 - [MESSAGE][PASSED] - Keys 'this is a long long long long long long long test data' sent to object: 'Object Repository/SimpleFormDemoPage/textInputSimpleForm'

2020-07-29 12:49:56 - [TEST_STEP][PASSED] - click(findTestObject("SimpleFormDemoPage/showMessageBtn")): Object: 'Object Repository/SimpleFormDemoPage/showMessageBtn' is clicked on

2020-07-29 12:49:56 - [MESSAGE][PASSED] - Object: 'Object Repository/SimpleFormDemoPage/showMessageBtn' is clicked on

2020-07-29 12:49:56 - [TEST_STEP][PASSED] - verifyElementText(findTestObject("SimpleFormDemoPage/printedValueFromTextInput"), textInput): Actual text and expected text of test object 'Object Repository/SimpleFormDemoPage/printedValueFromTextInput' are matched.

2020-07-29 12:49:57 - [MESSAGE][PASSED] - Actual text and expected text of test object 'Object Repository/SimpleFormDemoPage/printedValueFromTextInput' are matched.

2020-07-29 12:49:57 - [TEST_STEP][PASSED] - closeBrowser(): Browser is closed

2020-07-29 12:49:58 - [MESSAGE][PASSED] - Browser is closed]]></system-out>
         <system-err><![CDATA[]]></system-err>
      </testcase>
      <testcase name="Test Cases/textInputSimpleForm" time="12.945" classname="Test Cases/textInputSimpleForm" status="PASSED">
         <system-out><![CDATA[2020-07-29 12:49:58 - [TEST_CASE][PASSED] - Test Cases/textInputSimpleForm: Test Cases/textInputSimpleForm

2020-07-29 12:49:58 - [TEST_STEP][PASSED] - openBrowser(""): Browser is opened with url: ''

2020-07-29 12:49:58 - [MESSAGE][INFO] - Starting 'Chrome' driver

2020-07-29 12:49:58 - [MESSAGE][INFO] - Action delay is set to 0 milliseconds

2020-07-29 12:50:01 - [MESSAGE][PASSED] - Browser is opened with url: ''

2020-07-29 12:50:01 - [TEST_STEP][PASSED] - maximizeWindow(): Current window maximized

2020-07-29 12:50:03 - [MESSAGE][PASSED] - Current window maximized

2020-07-29 12:50:03 - [TEST_STEP][PASSED] - navigateToUrl("https://www.seleniumeasy.com/test/basic-first-form-demo.html"): Navigate to 'https://www.seleniumeasy.com/test/basic-first-form-demo.html' successfully

2020-07-29 12:50:07 - [MESSAGE][PASSED] - Navigate to 'https://www.seleniumeasy.com/test/basic-first-form-demo.html' successfully

2020-07-29 12:50:07 - [TEST_STEP][PASSED] - delay(2): Delayed 2 second(s)

2020-07-29 12:50:09 - [MESSAGE][PASSED] - Delayed 2 second(s)

2020-07-29 12:50:09 - [TEST_STEP][PASSED] - click(findTestObject("TestPage/popupCloseBtn")): Object: 'Object Repository/TestPage/popupCloseBtn' is clicked on

2020-07-29 12:50:09 - [MESSAGE][PASSED] - Object: 'Object Repository/TestPage/popupCloseBtn' is clicked on

2020-07-29 12:50:09 - [TEST_STEP][PASSED] - sendKeys(findTestObject("SimpleFormDemoPage/textInputSimpleForm"), textInput): Keys '0' sent to object: 'Object Repository/SimpleFormDemoPage/textInputSimpleForm'

2020-07-29 12:50:10 - [MESSAGE][PASSED] - Keys '0' sent to object: 'Object Repository/SimpleFormDemoPage/textInputSimpleForm'

2020-07-29 12:50:10 - [TEST_STEP][PASSED] - click(findTestObject("SimpleFormDemoPage/showMessageBtn")): Object: 'Object Repository/SimpleFormDemoPage/showMessageBtn' is clicked on

2020-07-29 12:50:10 - [MESSAGE][PASSED] - Object: 'Object Repository/SimpleFormDemoPage/showMessageBtn' is clicked on

2020-07-29 12:50:10 - [TEST_STEP][PASSED] - verifyElementText(findTestObject("SimpleFormDemoPage/printedValueFromTextInput"), textInput): Actual text and expected text of test object 'Object Repository/SimpleFormDemoPage/printedValueFromTextInput' are matched.

2020-07-29 12:50:11 - [MESSAGE][PASSED] - Actual text and expected text of test object 'Object Repository/SimpleFormDemoPage/printedValueFromTextInput' are matched.

2020-07-29 12:50:11 - [TEST_STEP][PASSED] - closeBrowser(): Browser is closed

2020-07-29 12:50:11 - [MESSAGE][PASSED] - Browser is closed]]></system-out>
         <system-err><![CDATA[]]></system-err>
      </testcase>
      <testcase name="Test Cases/textInputSimpleForm" time="13.384" classname="Test Cases/textInputSimpleForm" status="PASSED">
         <system-out><![CDATA[2020-07-29 12:50:11 - [TEST_CASE][PASSED] - Test Cases/textInputSimpleForm: Test Cases/textInputSimpleForm

2020-07-29 12:50:11 - [TEST_STEP][PASSED] - openBrowser(""): Browser is opened with url: ''

2020-07-29 12:50:11 - [MESSAGE][INFO] - Starting 'Chrome' driver

2020-07-29 12:50:11 - [MESSAGE][INFO] - Action delay is set to 0 milliseconds

2020-07-29 12:50:14 - [MESSAGE][PASSED] - Browser is opened with url: ''

2020-07-29 12:50:14 - [TEST_STEP][PASSED] - maximizeWindow(): Current window maximized

2020-07-29 12:50:16 - [MESSAGE][PASSED] - Current window maximized

2020-07-29 12:50:16 - [TEST_STEP][PASSED] - navigateToUrl("https://www.seleniumeasy.com/test/basic-first-form-demo.html"): Navigate to 'https://www.seleniumeasy.com/test/basic-first-form-demo.html' successfully

2020-07-29 12:50:19 - [MESSAGE][PASSED] - Navigate to 'https://www.seleniumeasy.com/test/basic-first-form-demo.html' successfully

2020-07-29 12:50:19 - [TEST_STEP][PASSED] - delay(2): Delayed 2 second(s)

2020-07-29 12:50:21 - [MESSAGE][PASSED] - Delayed 2 second(s)

2020-07-29 12:50:21 - [TEST_STEP][PASSED] - click(findTestObject("TestPage/popupCloseBtn")): Object: 'Object Repository/TestPage/popupCloseBtn' is clicked on

2020-07-29 12:50:22 - [MESSAGE][PASSED] - Object: 'Object Repository/TestPage/popupCloseBtn' is clicked on

2020-07-29 12:50:22 - [TEST_STEP][PASSED] - sendKeys(findTestObject("SimpleFormDemoPage/textInputSimpleForm"), textInput): Keys '"+!%/=()Ö#@' sent to object: 'Object Repository/SimpleFormDemoPage/textInputSimpleForm'

2020-07-29 12:50:23 - [MESSAGE][PASSED] - Keys '"+!%/=()Ö#@' sent to object: 'Object Repository/SimpleFormDemoPage/textInputSimpleForm'

2020-07-29 12:50:23 - [TEST_STEP][PASSED] - click(findTestObject("SimpleFormDemoPage/showMessageBtn")): Object: 'Object Repository/SimpleFormDemoPage/showMessageBtn' is clicked on

2020-07-29 12:50:23 - [MESSAGE][PASSED] - Object: 'Object Repository/SimpleFormDemoPage/showMessageBtn' is clicked on

2020-07-29 12:50:23 - [TEST_STEP][PASSED] - verifyElementText(findTestObject("SimpleFormDemoPage/printedValueFromTextInput"), textInput): Actual text and expected text of test object 'Object Repository/SimpleFormDemoPage/printedValueFromTextInput' are matched.

2020-07-29 12:50:24 - [MESSAGE][PASSED] - Actual text and expected text of test object 'Object Repository/SimpleFormDemoPage/printedValueFromTextInput' are matched.

2020-07-29 12:50:24 - [TEST_STEP][PASSED] - closeBrowser(): Browser is closed

2020-07-29 12:50:25 - [MESSAGE][PASSED] - Browser is closed]]></system-out>
         <system-err><![CDATA[]]></system-err>
      </testcase>
      <system-out><![CDATA[2020-07-29 12:49:30 - [TEST_SUITE][PASSED] - SimpleForm: Test Cases/textInputSimpleForm]]></system-out>
      <system-err><![CDATA[]]></system-err>
   </testsuite>
</testsuites>
