<?xml version="1.0" encoding="UTF-8"?>
<testsuites name="Navigation" time="31.246" tests="2" failures="0" errors="0">
   <testsuite name="Navigation" tests="2" failures="0" errors="0" time="31.246" timestamp="2020-07-28 11:38:57" hostname="adamz - DESKTOP-9O3DKQB" id="Test Suites/Navigation">
      <properties>
         <property name="deviceName" value=""/>
         <property name="devicePlatform" value=""/>
         <property name="logFolder" value="C:\\Users\\adamz\\git\\seleniumeasy-katalon\\Reports\\20200728_113855\\Navigation\\20200728_113855"/>
         <property name="logFiles" value="C:\\Users\\adamz\\git\\seleniumeasy-katalon\\Reports\\20200728_113855\\Navigation\\20200728_113855\\execution0.log"/>
         <property name="attachments" value=""/>
         <property name="hostName" value="adamz - DESKTOP-9O3DKQB"/>
         <property name="os" value="Windows 10 64bit"/>
         <property name="katalonVersion" value="7.6.2.205"/>
         <property name="browser" value="Chrome 84.0.4147.89"/>
         <property name="hostAddress" value="10.202.0.2"/>
         <property name="sessionId" value="b531874daeb82c841083cae22b2a643e"/>
         <property name="seleniumVersion" value="3.141.59"/>
         <property name="proxyInformation" value="ProxyInformation { proxyOption=NO_PROXY, proxyServerType=HTTP, username=, password=********, proxyServerAddress=, proxyServerPort=0, executionList=\&quot;\&quot;, isApplyToDesiredCapabilities=true }"/>
         <property name="platform" value="Windows 10"/>
      </properties>
      <testcase name="Test Cases/NavigateToSimpleFormDemoPage" time="16.123" classname="Test Cases/NavigateToSimpleFormDemoPage" status="PASSED">
         <system-out><![CDATA[2020-07-28 11:38:57 - [TEST_CASE][PASSED] - Test Cases/NavigateToSimpleFormDemoPage: Test Cases/NavigateToSimpleFormDemoPage

2020-07-28 11:38:58 - [TEST_STEP][PASSED] - openBrowser(""): Browser is opened with url: ''

2020-07-28 11:38:58 - [MESSAGE][INFO] - Starting 'Chrome' driver

2020-07-28 11:38:58 - [MESSAGE][INFO] - Action delay is set to 0 milliseconds

2020-07-28 11:39:02 - [MESSAGE][PASSED] - Browser is opened with url: ''

2020-07-28 11:39:02 - [TEST_STEP][PASSED] - maximizeWindow(): Current window maximized

2020-07-28 11:39:04 - [MESSAGE][PASSED] - Current window maximized

2020-07-28 11:39:04 - [TEST_STEP][PASSED] - navigateToUrl("https://www.seleniumeasy.com/test/"): Navigate to 'https://www.seleniumeasy.com/test/' successfully

2020-07-28 11:39:08 - [MESSAGE][PASSED] - Navigate to 'https://www.seleniumeasy.com/test/' successfully

2020-07-28 11:39:08 - [TEST_STEP][PASSED] - delay(2): Delayed 2 second(s)

2020-07-28 11:39:10 - [MESSAGE][PASSED] - Delayed 2 second(s)

2020-07-28 11:39:10 - [TEST_STEP][PASSED] - click(findTestObject("Object Repository/TestPage/popupCloseBtn")): Object: 'Object Repository/TestPage/popupCloseBtn' is clicked on

2020-07-28 11:39:10 - [MESSAGE][PASSED] - Object: 'Object Repository/TestPage/popupCloseBtn' is clicked on

2020-07-28 11:39:10 - [TEST_STEP][PASSED] - click(findTestObject("Object Repository/TestPage/inputFormsMenu")): Object: 'Object Repository/TestPage/inputFormsMenu' is clicked on

2020-07-28 11:39:11 - [MESSAGE][PASSED] - Object: 'Object Repository/TestPage/inputFormsMenu' is clicked on

2020-07-28 11:39:11 - [TEST_STEP][PASSED] - click(findTestObject("Object Repository/TestPage/simpleFormDemoOpt")): Object: 'Object Repository/TestPage/simpleFormDemoOpt' is clicked on

2020-07-28 11:39:12 - [MESSAGE][PASSED] - Object: 'Object Repository/TestPage/simpleFormDemoOpt' is clicked on

2020-07-28 11:39:12 - [TEST_STEP][PASSED] - verifyElementPresent(findTestObject("SimpleFormDemoPage/simpleFormDemoPageHeader"), 0): Object 'Object Repository/SimpleFormDemoPage/simpleFormDemoPageHeader' is present

2020-07-28 11:39:12 - [MESSAGE][WARNING] - Timeout '0' is invalid. Using default page load timeout: '30'

2020-07-28 11:39:13 - [MESSAGE][PASSED] - Object 'Object Repository/SimpleFormDemoPage/simpleFormDemoPageHeader' is present

2020-07-28 11:39:13 - [TEST_STEP][PASSED] - closeBrowser(): Browser is closed

2020-07-28 11:39:13 - [MESSAGE][PASSED] - Browser is closed]]></system-out>
         <system-err><![CDATA[]]></system-err>
      </testcase>
      <testcase name="Test Cases/NavigateToCheckboxDemoPage" time="14.88" classname="Test Cases/NavigateToCheckboxDemoPage" status="PASSED">
         <system-out><![CDATA[2020-07-28 11:39:13 - [TEST_CASE][PASSED] - Test Cases/NavigateToCheckboxDemoPage: Test Cases/NavigateToCheckboxDemoPage

2020-07-28 11:39:14 - [TEST_STEP][PASSED] - openBrowser(""): Browser is opened with url: ''

2020-07-28 11:39:14 - [MESSAGE][INFO] - Starting 'Chrome' driver

2020-07-28 11:39:14 - [MESSAGE][INFO] - Action delay is set to 0 milliseconds

2020-07-28 11:39:17 - [MESSAGE][PASSED] - Browser is opened with url: ''

2020-07-28 11:39:17 - [TEST_STEP][PASSED] - maximizeWindow(): Current window maximized

2020-07-28 11:39:19 - [MESSAGE][PASSED] - Current window maximized

2020-07-28 11:39:19 - [TEST_STEP][PASSED] - navigateToUrl("https://seleniumeasy.com/test"): Navigate to 'https://seleniumeasy.com/test' successfully

2020-07-28 11:39:23 - [MESSAGE][PASSED] - Navigate to 'https://seleniumeasy.com/test' successfully

2020-07-28 11:39:23 - [TEST_STEP][PASSED] - delay(2): Delayed 2 second(s)

2020-07-28 11:39:25 - [MESSAGE][PASSED] - Delayed 2 second(s)

2020-07-28 11:39:25 - [TEST_STEP][PASSED] - click(findTestObject("TestPage/popupCloseBtn")): Object: 'Object Repository/TestPage/popupCloseBtn' is clicked on

2020-07-28 11:39:25 - [MESSAGE][PASSED] - Object: 'Object Repository/TestPage/popupCloseBtn' is clicked on

2020-07-28 11:39:25 - [TEST_STEP][PASSED] - click(findTestObject("TestPage/inputFormsMenu")): Object: 'Object Repository/TestPage/inputFormsMenu' is clicked on

2020-07-28 11:39:26 - [MESSAGE][PASSED] - Object: 'Object Repository/TestPage/inputFormsMenu' is clicked on

2020-07-28 11:39:26 - [TEST_STEP][PASSED] - click(findTestObject("TestPage/checkboxDemoOpt")): Object: 'Object Repository/TestPage/checkboxDemoOpt' is clicked on

2020-07-28 11:39:27 - [MESSAGE][PASSED] - Object: 'Object Repository/TestPage/checkboxDemoOpt' is clicked on

2020-07-28 11:39:27 - [TEST_STEP][PASSED] - verifyElementPresent(findTestObject("CheckboxDemoPage/checkboxDemoHeader"), 0): Object 'Object Repository/CheckboxDemoPage/checkboxDemoHeader' is present

2020-07-28 11:39:27 - [MESSAGE][WARNING] - Timeout '0' is invalid. Using default page load timeout: '30'

2020-07-28 11:39:28 - [MESSAGE][PASSED] - Object 'Object Repository/CheckboxDemoPage/checkboxDemoHeader' is present

2020-07-28 11:39:28 - [TEST_STEP][PASSED] - closeBrowser(): Browser is closed

2020-07-28 11:39:28 - [MESSAGE][PASSED] - Browser is closed]]></system-out>
         <system-err><![CDATA[]]></system-err>
      </testcase>
      <system-out><![CDATA[2020-07-28 11:38:57 - [TEST_SUITE][PASSED] - Navigation: Test Cases/NavigateToCheckboxDemoPage]]></system-out>
      <system-err><![CDATA[]]></system-err>
   </testsuite>
</testsuites>
