<?xml version="1.0" encoding="UTF-8"?>
<testsuites name="AllTests" time="121.379" tests="8" failures="0" errors="0">
   <testsuite name="AllTests" tests="8" failures="0" errors="0" time="121.379" timestamp="2020-07-29 13:04:01" hostname="adamz - DESKTOP-9O3DKQB" id="Test Suites/AllTests">
      <properties>
         <property name="deviceName" value=""/>
         <property name="devicePlatform" value=""/>
         <property name="logFolder" value="C:\\Users\\adamz\\git\\seleniumeasy-katalon\\Reports\\20200729_130359\\AllTests\\20200729_130359"/>
         <property name="logFiles" value="C:\\Users\\adamz\\git\\seleniumeasy-katalon\\Reports\\20200729_130359\\AllTests\\20200729_130359\\execution0.log"/>
         <property name="attachments" value=""/>
         <property name="hostName" value="adamz - DESKTOP-9O3DKQB"/>
         <property name="os" value="Windows 10 64bit"/>
         <property name="katalonVersion" value="7.6.2.205"/>
         <property name="browser" value="Chrome 84.0.4147.105"/>
         <property name="hostAddress" value="10.202.0.2"/>
         <property name="sessionId" value="da8062eedcfe8b265da7c4407259097e"/>
         <property name="seleniumVersion" value="3.141.59"/>
         <property name="proxyInformation" value="ProxyInformation { proxyOption=NO_PROXY, proxyServerType=HTTP, username=, password=********, proxyServerAddress=, proxyServerPort=0, executionList=\&quot;\&quot;, isApplyToDesiredCapabilities=true }"/>
         <property name="platform" value="Windows 10"/>
      </properties>
      <testcase name="Test Cases/Navigation/NavigateToAjaxFormSumbitPage" time="16.604" classname="Test Cases/Navigation/NavigateToAjaxFormSumbitPage" status="PASSED">
         <system-out><![CDATA[2020-07-29 13:04:01 - [TEST_CASE][PASSED] - Test Cases/Navigation/NavigateToAjaxFormSumbitPage: Test Cases/Navigation/NavigateToAjaxFormSumbitPage

2020-07-29 13:04:02 - [TEST_STEP][PASSED] - openBrowser(""): Browser is opened with url: ''

2020-07-29 13:04:02 - [MESSAGE][INFO] - Starting 'Chrome' driver

2020-07-29 13:04:02 - [MESSAGE][INFO] - Action delay is set to 0 milliseconds

2020-07-29 13:04:06 - [MESSAGE][PASSED] - Browser is opened with url: ''

2020-07-29 13:04:06 - [TEST_STEP][PASSED] - maximizeWindow(): Current window maximized

2020-07-29 13:04:09 - [MESSAGE][PASSED] - Current window maximized

2020-07-29 13:04:09 - [TEST_STEP][PASSED] - navigateToUrl("https://seleniumeasy.com/test"): Navigate to 'https://seleniumeasy.com/test' successfully

2020-07-29 13:04:13 - [MESSAGE][PASSED] - Navigate to 'https://seleniumeasy.com/test' successfully

2020-07-29 13:04:13 - [TEST_STEP][PASSED] - delay(2): Delayed 2 second(s)

2020-07-29 13:04:15 - [MESSAGE][PASSED] - Delayed 2 second(s)

2020-07-29 13:04:15 - [TEST_STEP][PASSED] - click(findTestObject("TestPage/popupCloseBtn")): Object: 'Object Repository/TestPage/popupCloseBtn' is clicked on

2020-07-29 13:04:15 - [MESSAGE][PASSED] - Object: 'Object Repository/TestPage/popupCloseBtn' is clicked on

2020-07-29 13:04:15 - [TEST_STEP][PASSED] - click(findTestObject("TestPage/inputFormsMenu")): Object: 'Object Repository/TestPage/inputFormsMenu' is clicked on

2020-07-29 13:04:16 - [MESSAGE][PASSED] - Object: 'Object Repository/TestPage/inputFormsMenu' is clicked on

2020-07-29 13:04:16 - [TEST_STEP][PASSED] - click(findTestObject("TestPage/ajaxFormSubmitOpt")): Object: 'Object Repository/TestPage/ajaxFormSubmitOpt' is clicked on

2020-07-29 13:04:17 - [MESSAGE][PASSED] - Object: 'Object Repository/TestPage/ajaxFormSubmitOpt' is clicked on

2020-07-29 13:04:17 - [TEST_STEP][PASSED] - verifyElementVisible(findTestObject("AjaxFormSubmitPage/ajaxFormSubmitPageHeader")): Object 'Object Repository/AjaxFormSubmitPage/ajaxFormSubmitPageHeader' is visible

2020-07-29 13:04:17 - [MESSAGE][PASSED] - Object 'Object Repository/AjaxFormSubmitPage/ajaxFormSubmitPageHeader' is visible

2020-07-29 13:04:17 - [TEST_STEP][PASSED] - closeBrowser(): Browser is closed

2020-07-29 13:04:18 - [MESSAGE][PASSED] - Browser is closed]]></system-out>
         <system-err><![CDATA[]]></system-err>
      </testcase>
      <testcase name="Test Cases/Navigation/NavigateToCheckboxDemoPage" time="15.169" classname="Test Cases/Navigation/NavigateToCheckboxDemoPage" status="PASSED">
         <system-out><![CDATA[2020-07-29 13:04:18 - [TEST_CASE][PASSED] - Test Cases/Navigation/NavigateToCheckboxDemoPage: Test Cases/Navigation/NavigateToCheckboxDemoPage

2020-07-29 13:04:18 - [TEST_STEP][PASSED] - openBrowser(""): Browser is opened with url: ''

2020-07-29 13:04:18 - [MESSAGE][INFO] - Starting 'Chrome' driver

2020-07-29 13:04:18 - [MESSAGE][INFO] - Action delay is set to 0 milliseconds

2020-07-29 13:04:21 - [MESSAGE][PASSED] - Browser is opened with url: ''

2020-07-29 13:04:21 - [TEST_STEP][PASSED] - maximizeWindow(): Current window maximized

2020-07-29 13:04:23 - [MESSAGE][PASSED] - Current window maximized

2020-07-29 13:04:23 - [TEST_STEP][PASSED] - navigateToUrl("https://seleniumeasy.com/test"): Navigate to 'https://seleniumeasy.com/test' successfully

2020-07-29 13:04:28 - [MESSAGE][PASSED] - Navigate to 'https://seleniumeasy.com/test' successfully

2020-07-29 13:04:28 - [TEST_STEP][PASSED] - delay(2): Delayed 2 second(s)

2020-07-29 13:04:30 - [MESSAGE][PASSED] - Delayed 2 second(s)

2020-07-29 13:04:30 - [TEST_STEP][PASSED] - click(findTestObject("TestPage/popupCloseBtn")): Object: 'Object Repository/TestPage/popupCloseBtn' is clicked on

2020-07-29 13:04:30 - [MESSAGE][PASSED] - Object: 'Object Repository/TestPage/popupCloseBtn' is clicked on

2020-07-29 13:04:30 - [TEST_STEP][PASSED] - click(findTestObject("TestPage/inputFormsMenu")): Object: 'Object Repository/TestPage/inputFormsMenu' is clicked on

2020-07-29 13:04:31 - [MESSAGE][PASSED] - Object: 'Object Repository/TestPage/inputFormsMenu' is clicked on

2020-07-29 13:04:31 - [TEST_STEP][PASSED] - click(findTestObject("TestPage/checkboxDemoOpt")): Object: 'Object Repository/TestPage/checkboxDemoOpt' is clicked on

2020-07-29 13:04:32 - [MESSAGE][PASSED] - Object: 'Object Repository/TestPage/checkboxDemoOpt' is clicked on

2020-07-29 13:04:32 - [TEST_STEP][PASSED] - verifyElementPresent(findTestObject("CheckboxDemoPage/checkboxDemoHeader"), 0): Object 'Object Repository/CheckboxDemoPage/checkboxDemoHeader' is present

2020-07-29 13:04:32 - [MESSAGE][WARNING] - Timeout '0' is invalid. Using default page load timeout: '30'

2020-07-29 13:04:33 - [MESSAGE][PASSED] - Object 'Object Repository/CheckboxDemoPage/checkboxDemoHeader' is present

2020-07-29 13:04:33 - [TEST_STEP][PASSED] - closeBrowser(): Browser is closed

2020-07-29 13:04:33 - [MESSAGE][PASSED] - Browser is closed]]></system-out>
         <system-err><![CDATA[]]></system-err>
      </testcase>
      <testcase name="Test Cases/Navigation/NavigateToInputFormSubmitPage" time="15.137" classname="Test Cases/Navigation/NavigateToInputFormSubmitPage" status="PASSED">
         <system-out><![CDATA[2020-07-29 13:04:33 - [TEST_CASE][PASSED] - Test Cases/Navigation/NavigateToInputFormSubmitPage: Test Cases/Navigation/NavigateToInputFormSubmitPage

2020-07-29 13:04:33 - [TEST_STEP][PASSED] - openBrowser(""): Browser is opened with url: ''

2020-07-29 13:04:33 - [MESSAGE][INFO] - Starting 'Chrome' driver

2020-07-29 13:04:33 - [MESSAGE][INFO] - Action delay is set to 0 milliseconds

2020-07-29 13:04:36 - [MESSAGE][PASSED] - Browser is opened with url: ''

2020-07-29 13:04:36 - [TEST_STEP][PASSED] - maximizeWindow(): Current window maximized

2020-07-29 13:04:39 - [MESSAGE][PASSED] - Current window maximized

2020-07-29 13:04:39 - [TEST_STEP][PASSED] - navigateToUrl("https://seleniumeasy.com/test"): Navigate to 'https://seleniumeasy.com/test' successfully

2020-07-29 13:04:43 - [MESSAGE][PASSED] - Navigate to 'https://seleniumeasy.com/test' successfully

2020-07-29 13:04:43 - [TEST_STEP][PASSED] - delay(2): Delayed 2 second(s)

2020-07-29 13:04:45 - [MESSAGE][PASSED] - Delayed 2 second(s)

2020-07-29 13:04:45 - [TEST_STEP][PASSED] - click(findTestObject("TestPage/popupCloseBtn")): Object: 'Object Repository/TestPage/popupCloseBtn' is clicked on

2020-07-29 13:04:46 - [MESSAGE][PASSED] - Object: 'Object Repository/TestPage/popupCloseBtn' is clicked on

2020-07-29 13:04:46 - [TEST_STEP][PASSED] - click(findTestObject("TestPage/inputFormsMenu")): Object: 'Object Repository/TestPage/inputFormsMenu' is clicked on

2020-07-29 13:04:46 - [MESSAGE][PASSED] - Object: 'Object Repository/TestPage/inputFormsMenu' is clicked on

2020-07-29 13:04:46 - [TEST_STEP][PASSED] - click(findTestObject("TestPage/inputFormSubmitOpt")): Object: 'Object Repository/TestPage/inputFormSubmitOpt' is clicked on

2020-07-29 13:04:47 - [MESSAGE][PASSED] - Object: 'Object Repository/TestPage/inputFormSubmitOpt' is clicked on

2020-07-29 13:04:47 - [TEST_STEP][PASSED] - verifyElementText(findTestObject("ImputFormSubmitPage/inputFormSumbitPageHeader"), "Input form with validations"): Actual text and expected text of test object 'Object Repository/ImputFormSubmitPage/inputFormSumbitPageHeader' are matched.

2020-07-29 13:04:48 - [MESSAGE][PASSED] - Actual text and expected text of test object 'Object Repository/ImputFormSubmitPage/inputFormSumbitPageHeader' are matched.

2020-07-29 13:04:48 - [TEST_STEP][PASSED] - closeBrowser(): Browser is closed

2020-07-29 13:04:48 - [MESSAGE][PASSED] - Browser is closed]]></system-out>
         <system-err><![CDATA[]]></system-err>
      </testcase>
      <testcase name="Test Cases/Navigation/NavigateToJQuerySelectDropdownPage" time="16.832" classname="Test Cases/Navigation/NavigateToJQuerySelectDropdownPage" status="PASSED">
         <system-out><![CDATA[2020-07-29 13:04:48 - [TEST_CASE][PASSED] - Test Cases/Navigation/NavigateToJQuerySelectDropdownPage: Test Cases/Navigation/NavigateToJQuerySelectDropdownPage

2020-07-29 13:04:49 - [TEST_STEP][PASSED] - openBrowser(""): Browser is opened with url: ''

2020-07-29 13:04:49 - [MESSAGE][INFO] - Starting 'Chrome' driver

2020-07-29 13:04:49 - [MESSAGE][INFO] - Action delay is set to 0 milliseconds

2020-07-29 13:04:52 - [MESSAGE][PASSED] - Browser is opened with url: ''

2020-07-29 13:04:52 - [TEST_STEP][PASSED] - maximizeWindow(): Current window maximized

2020-07-29 13:04:54 - [MESSAGE][PASSED] - Current window maximized

2020-07-29 13:04:54 - [TEST_STEP][PASSED] - navigateToUrl("https://seleniumeasy.com/test"): Navigate to 'https://seleniumeasy.com/test' successfully

2020-07-29 13:04:59 - [MESSAGE][PASSED] - Navigate to 'https://seleniumeasy.com/test' successfully

2020-07-29 13:04:59 - [TEST_STEP][PASSED] - delay(2): Delayed 2 second(s)

2020-07-29 13:05:01 - [MESSAGE][PASSED] - Delayed 2 second(s)

2020-07-29 13:05:01 - [TEST_STEP][PASSED] - click(findTestObject("TestPage/popupCloseBtn")): Object: 'Object Repository/TestPage/popupCloseBtn' is clicked on

2020-07-29 13:05:01 - [MESSAGE][PASSED] - Object: 'Object Repository/TestPage/popupCloseBtn' is clicked on

2020-07-29 13:05:01 - [TEST_STEP][PASSED] - click(findTestObject("TestPage/inputFormsMenu")): Object: 'Object Repository/TestPage/inputFormsMenu' is clicked on

2020-07-29 13:05:02 - [MESSAGE][PASSED] - Object: 'Object Repository/TestPage/inputFormsMenu' is clicked on

2020-07-29 13:05:02 - [TEST_STEP][PASSED] - click(findTestObject("TestPage/jQuerySelectDropdownOpt")): Object: 'Object Repository/TestPage/jQuerySelectDropdownOpt' is clicked on

2020-07-29 13:05:03 - [MESSAGE][PASSED] - Object: 'Object Repository/TestPage/jQuerySelectDropdownOpt' is clicked on

2020-07-29 13:05:03 - [TEST_STEP][PASSED] - verifyElementPresent(findTestObject("JQuerySelectDropdownPage/jQuerySelectDropdownPageHeader"), 0): Object 'Object Repository/JQuerySelectDropdownPage/jQuerySelectDropdownPageHeader' is present

2020-07-29 13:05:03 - [MESSAGE][WARNING] - Timeout '0' is invalid. Using default page load timeout: '30'

2020-07-29 13:05:04 - [MESSAGE][PASSED] - Object 'Object Repository/JQuerySelectDropdownPage/jQuerySelectDropdownPageHeader' is present

2020-07-29 13:05:04 - [TEST_STEP][PASSED] - closeBrowser(): Browser is closed

2020-07-29 13:05:05 - [MESSAGE][PASSED] - Browser is closed]]></system-out>
         <system-err><![CDATA[]]></system-err>
      </testcase>
      <testcase name="Test Cases/Navigation/NavigateToRadioButtonsDemoPage" time="14.413" classname="Test Cases/Navigation/NavigateToRadioButtonsDemoPage" status="PASSED">
         <system-out><![CDATA[2020-07-29 13:05:05 - [TEST_CASE][PASSED] - Test Cases/Navigation/NavigateToRadioButtonsDemoPage: Test Cases/Navigation/NavigateToRadioButtonsDemoPage

2020-07-29 13:05:05 - [TEST_STEP][PASSED] - openBrowser(""): Browser is opened with url: ''

2020-07-29 13:05:05 - [MESSAGE][INFO] - Starting 'Chrome' driver

2020-07-29 13:05:05 - [MESSAGE][INFO] - Action delay is set to 0 milliseconds

2020-07-29 13:05:08 - [MESSAGE][PASSED] - Browser is opened with url: ''

2020-07-29 13:05:08 - [TEST_STEP][PASSED] - maximizeWindow(): Current window maximized

2020-07-29 13:05:11 - [MESSAGE][PASSED] - Current window maximized

2020-07-29 13:05:11 - [TEST_STEP][PASSED] - navigateToUrl("https://seleniumeasy.com/test"): Navigate to 'https://seleniumeasy.com/test' successfully

2020-07-29 13:05:15 - [MESSAGE][PASSED] - Navigate to 'https://seleniumeasy.com/test' successfully

2020-07-29 13:05:15 - [TEST_STEP][PASSED] - delay(2): Delayed 2 second(s)

2020-07-29 13:05:17 - [MESSAGE][PASSED] - Delayed 2 second(s)

2020-07-29 13:05:17 - [TEST_STEP][PASSED] - click(findTestObject("TestPage/popupCloseBtn")): Object: 'Object Repository/TestPage/popupCloseBtn' is clicked on

2020-07-29 13:05:17 - [MESSAGE][PASSED] - Object: 'Object Repository/TestPage/popupCloseBtn' is clicked on

2020-07-29 13:05:17 - [TEST_STEP][PASSED] - click(findTestObject("TestPage/inputFormsMenu")): Object: 'Object Repository/TestPage/inputFormsMenu' is clicked on

2020-07-29 13:05:18 - [MESSAGE][PASSED] - Object: 'Object Repository/TestPage/inputFormsMenu' is clicked on

2020-07-29 13:05:18 - [TEST_STEP][PASSED] - click(findTestObject("TestPage/radioButtonsDemoOpt")): Object: 'Object Repository/TestPage/radioButtonsDemoOpt' is clicked on

2020-07-29 13:05:19 - [MESSAGE][PASSED] - Object: 'Object Repository/TestPage/radioButtonsDemoOpt' is clicked on

2020-07-29 13:05:19 - [TEST_STEP][PASSED] - verifyElementText(findTestObject("RadioButtonsDemoPage/RadioButtonsPageHeader"), "This is again simple example to start working with radio buttons using Selenium."): Actual text and expected text of test object 'Object Repository/RadioButtonsDemoPage/RadioButtonsPageHeader' are matched.

2020-07-29 13:05:19 - [MESSAGE][PASSED] - Actual text and expected text of test object 'Object Repository/RadioButtonsDemoPage/RadioButtonsPageHeader' are matched.

2020-07-29 13:05:19 - [TEST_STEP][PASSED] - closeBrowser(): Browser is closed

2020-07-29 13:05:20 - [MESSAGE][PASSED] - Browser is closed]]></system-out>
         <system-err><![CDATA[]]></system-err>
      </testcase>
      <testcase name="Test Cases/Navigation/NavigateToSelectDropdownListPage" time="15.788" classname="Test Cases/Navigation/NavigateToSelectDropdownListPage" status="PASSED">
         <system-out><![CDATA[2020-07-29 13:05:20 - [TEST_CASE][PASSED] - Test Cases/Navigation/NavigateToSelectDropdownListPage: Test Cases/Navigation/NavigateToSelectDropdownListPage

2020-07-29 13:05:20 - [TEST_STEP][PASSED] - openBrowser(""): Browser is opened with url: ''

2020-07-29 13:05:20 - [MESSAGE][INFO] - Starting 'Chrome' driver

2020-07-29 13:05:20 - [MESSAGE][INFO] - Action delay is set to 0 milliseconds

2020-07-29 13:05:23 - [MESSAGE][PASSED] - Browser is opened with url: ''

2020-07-29 13:05:23 - [TEST_STEP][PASSED] - maximizeWindow(): Current window maximized

2020-07-29 13:05:25 - [MESSAGE][PASSED] - Current window maximized

2020-07-29 13:05:25 - [TEST_STEP][PASSED] - navigateToUrl("https://seleniumeasy.com/test"): Navigate to 'https://seleniumeasy.com/test' successfully

2020-07-29 13:05:30 - [MESSAGE][PASSED] - Navigate to 'https://seleniumeasy.com/test' successfully

2020-07-29 13:05:30 - [TEST_STEP][PASSED] - delay(2): Delayed 2 second(s)

2020-07-29 13:05:32 - [MESSAGE][PASSED] - Delayed 2 second(s)

2020-07-29 13:05:32 - [TEST_STEP][PASSED] - click(findTestObject("TestPage/popupCloseBtn")): Object: 'Object Repository/TestPage/popupCloseBtn' is clicked on

2020-07-29 13:05:33 - [MESSAGE][PASSED] - Object: 'Object Repository/TestPage/popupCloseBtn' is clicked on

2020-07-29 13:05:33 - [TEST_STEP][PASSED] - click(findTestObject("TestPage/inputFormsMenu")): Object: 'Object Repository/TestPage/inputFormsMenu' is clicked on

2020-07-29 13:05:33 - [MESSAGE][PASSED] - Object: 'Object Repository/TestPage/inputFormsMenu' is clicked on

2020-07-29 13:05:33 - [TEST_STEP][PASSED] - click(findTestObject("TestPage/selectDropdownListOpt")): Object: 'Object Repository/TestPage/selectDropdownListOpt' is clicked on

2020-07-29 13:05:34 - [MESSAGE][PASSED] - Object: 'Object Repository/TestPage/selectDropdownListOpt' is clicked on

2020-07-29 13:05:34 - [TEST_STEP][PASSED] - verifyElementText(findTestObject("SelectDropdownListPage/selectDropdownListPageHeader"), "This would be your first example on select dropd down list to with Selenium."): Actual text and expected text of test object 'Object Repository/SelectDropdownListPage/selectDropdownListPageHeader' are matched.

2020-07-29 13:05:35 - [MESSAGE][PASSED] - Actual text and expected text of test object 'Object Repository/SelectDropdownListPage/selectDropdownListPageHeader' are matched.

2020-07-29 13:05:35 - [TEST_STEP][PASSED] - closeBrowser(): Browser is closed

2020-07-29 13:05:35 - [MESSAGE][PASSED] - Browser is closed]]></system-out>
         <system-err><![CDATA[]]></system-err>
      </testcase>
      <testcase name="Test Cases/Navigation/NavigateToSimpleFormDemoPage" time="14.375" classname="Test Cases/Navigation/NavigateToSimpleFormDemoPage" status="PASSED">
         <system-out><![CDATA[2020-07-29 13:05:35 - [TEST_CASE][PASSED] - Test Cases/Navigation/NavigateToSimpleFormDemoPage: Test Cases/Navigation/NavigateToSimpleFormDemoPage

2020-07-29 13:05:36 - [TEST_STEP][PASSED] - openBrowser(""): Browser is opened with url: ''

2020-07-29 13:05:36 - [MESSAGE][INFO] - Starting 'Chrome' driver

2020-07-29 13:05:36 - [MESSAGE][INFO] - Action delay is set to 0 milliseconds

2020-07-29 13:05:39 - [MESSAGE][PASSED] - Browser is opened with url: ''

2020-07-29 13:05:39 - [TEST_STEP][PASSED] - maximizeWindow(): Current window maximized

2020-07-29 13:05:41 - [MESSAGE][PASSED] - Current window maximized

2020-07-29 13:05:41 - [TEST_STEP][PASSED] - navigateToUrl("https://www.seleniumeasy.com/test/"): Navigate to 'https://www.seleniumeasy.com/test/' successfully

2020-07-29 13:05:45 - [MESSAGE][PASSED] - Navigate to 'https://www.seleniumeasy.com/test/' successfully

2020-07-29 13:05:45 - [TEST_STEP][PASSED] - delay(2): Delayed 2 second(s)

2020-07-29 13:05:47 - [MESSAGE][PASSED] - Delayed 2 second(s)

2020-07-29 13:05:47 - [TEST_STEP][PASSED] - click(findTestObject("Object Repository/TestPage/popupCloseBtn")): Object: 'Object Repository/TestPage/popupCloseBtn' is clicked on

2020-07-29 13:05:47 - [MESSAGE][PASSED] - Object: 'Object Repository/TestPage/popupCloseBtn' is clicked on

2020-07-29 13:05:47 - [TEST_STEP][PASSED] - click(findTestObject("Object Repository/TestPage/inputFormsMenu")): Object: 'Object Repository/TestPage/inputFormsMenu' is clicked on

2020-07-29 13:05:47 - [MESSAGE][PASSED] - Object: 'Object Repository/TestPage/inputFormsMenu' is clicked on

2020-07-29 13:05:47 - [TEST_STEP][PASSED] - click(findTestObject("Object Repository/TestPage/simpleFormDemoOpt")): Object: 'Object Repository/TestPage/simpleFormDemoOpt' is clicked on

2020-07-29 13:05:49 - [MESSAGE][PASSED] - Object: 'Object Repository/TestPage/simpleFormDemoOpt' is clicked on

2020-07-29 13:05:49 - [TEST_STEP][PASSED] - verifyElementPresent(findTestObject("SimpleFormDemoPage/simpleFormDemoPageHeader"), 0): Object 'Object Repository/SimpleFormDemoPage/simpleFormDemoPageHeader' is present

2020-07-29 13:05:49 - [MESSAGE][WARNING] - Timeout '0' is invalid. Using default page load timeout: '30'

2020-07-29 13:05:49 - [MESSAGE][PASSED] - Object 'Object Repository/SimpleFormDemoPage/simpleFormDemoPageHeader' is present

2020-07-29 13:05:49 - [TEST_STEP][PASSED] - closeBrowser(): Browser is closed

2020-07-29 13:05:50 - [MESSAGE][PASSED] - Browser is closed]]></system-out>
         <system-err><![CDATA[]]></system-err>
      </testcase>
      <testcase name="Test Cases/SimpleForm/textInputSimpleForm" time="12.731" classname="Test Cases/SimpleForm/textInputSimpleForm" status="PASSED">
         <system-out><![CDATA[2020-07-29 13:05:50 - [TEST_CASE][PASSED] - Test Cases/SimpleForm/textInputSimpleForm: Test Cases/SimpleForm/textInputSimpleForm

2020-07-29 13:05:50 - [TEST_STEP][PASSED] - openBrowser(""): Browser is opened with url: ''

2020-07-29 13:05:50 - [MESSAGE][INFO] - Starting 'Chrome' driver

2020-07-29 13:05:50 - [MESSAGE][INFO] - Action delay is set to 0 milliseconds

2020-07-29 13:05:53 - [MESSAGE][PASSED] - Browser is opened with url: ''

2020-07-29 13:05:53 - [TEST_STEP][PASSED] - maximizeWindow(): Current window maximized

2020-07-29 13:05:55 - [MESSAGE][PASSED] - Current window maximized

2020-07-29 13:05:55 - [TEST_STEP][PASSED] - navigateToUrl("https://www.seleniumeasy.com/test/basic-first-form-demo.html"): Navigate to 'https://www.seleniumeasy.com/test/basic-first-form-demo.html' successfully

2020-07-29 13:05:58 - [MESSAGE][PASSED] - Navigate to 'https://www.seleniumeasy.com/test/basic-first-form-demo.html' successfully

2020-07-29 13:05:58 - [TEST_STEP][PASSED] - delay(2): Delayed 2 second(s)

2020-07-29 13:06:00 - [MESSAGE][PASSED] - Delayed 2 second(s)

2020-07-29 13:06:00 - [TEST_STEP][PASSED] - click(findTestObject("TestPage/popupCloseBtn")): Object: 'Object Repository/TestPage/popupCloseBtn' is clicked on

2020-07-29 13:06:01 - [MESSAGE][PASSED] - Object: 'Object Repository/TestPage/popupCloseBtn' is clicked on

2020-07-29 13:06:01 - [TEST_STEP][PASSED] - sendKeys(findTestObject("SimpleFormDemoPage/textInputSimpleForm"), textInput): Keys '' sent to object: 'Object Repository/SimpleFormDemoPage/textInputSimpleForm'

2020-07-29 13:06:01 - [MESSAGE][PASSED] - Keys '' sent to object: 'Object Repository/SimpleFormDemoPage/textInputSimpleForm'

2020-07-29 13:06:01 - [TEST_STEP][PASSED] - click(findTestObject("SimpleFormDemoPage/showMessageBtn")): Object: 'Object Repository/SimpleFormDemoPage/showMessageBtn' is clicked on

2020-07-29 13:06:02 - [MESSAGE][PASSED] - Object: 'Object Repository/SimpleFormDemoPage/showMessageBtn' is clicked on

2020-07-29 13:06:02 - [TEST_STEP][PASSED] - verifyElementText(findTestObject("SimpleFormDemoPage/printedValueFromTextInput"), textInput): Actual text and expected text of test object 'Object Repository/SimpleFormDemoPage/printedValueFromTextInput' are matched.

2020-07-29 13:06:02 - [MESSAGE][PASSED] - Actual text and expected text of test object 'Object Repository/SimpleFormDemoPage/printedValueFromTextInput' are matched.

2020-07-29 13:06:02 - [TEST_STEP][PASSED] - closeBrowser(): Browser is closed

2020-07-29 13:06:02 - [MESSAGE][PASSED] - Browser is closed]]></system-out>
         <system-err><![CDATA[]]></system-err>
      </testcase>
      <system-out><![CDATA[2020-07-29 13:04:01 - [TEST_SUITE][PASSED] - AllTests: Test Cases/SimpleForm/textInputSimpleForm]]></system-out>
      <system-err><![CDATA[]]></system-err>
   </testsuite>
</testsuites>
