<?xml version="1.0" encoding="UTF-8"?>
<testsuites name="Navigation" time="45.589" tests="3" failures="0" errors="0">
   <testsuite name="Navigation" tests="3" failures="0" errors="0" time="45.589" timestamp="2020-07-28 13:34:21" hostname="adamz - DESKTOP-9O3DKQB" id="Test Suites/Navigation">
      <properties>
         <property name="deviceName" value=""/>
         <property name="devicePlatform" value=""/>
         <property name="logFolder" value="C:\\Users\\adamz\\git\\seleniumeasy-katalon\\Reports\\20200728_133419\\Navigation\\20200728_133419"/>
         <property name="logFiles" value="C:\\Users\\adamz\\git\\seleniumeasy-katalon\\Reports\\20200728_133419\\Navigation\\20200728_133419\\execution0.log"/>
         <property name="attachments" value=""/>
         <property name="hostName" value="adamz - DESKTOP-9O3DKQB"/>
         <property name="os" value="Windows 10 64bit"/>
         <property name="katalonVersion" value="7.6.2.205"/>
         <property name="browser" value="Chrome 84.0.4147.89"/>
         <property name="hostAddress" value="10.202.0.2"/>
         <property name="sessionId" value="c7b1097151ced6e0b78f1b5d54765f99"/>
         <property name="seleniumVersion" value="3.141.59"/>
         <property name="proxyInformation" value="ProxyInformation { proxyOption=NO_PROXY, proxyServerType=HTTP, username=, password=********, proxyServerAddress=, proxyServerPort=0, executionList=\&quot;\&quot;, isApplyToDesiredCapabilities=true }"/>
         <property name="platform" value="Windows 10"/>
      </properties>
      <testcase name="Test Cases/NavigateToSimpleFormDemoPage" time="15.544" classname="Test Cases/NavigateToSimpleFormDemoPage" status="PASSED">
         <system-out><![CDATA[2020-07-28 13:34:21 - [TEST_CASE][PASSED] - Test Cases/NavigateToSimpleFormDemoPage: Test Cases/NavigateToSimpleFormDemoPage

2020-07-28 13:34:21 - [TEST_STEP][PASSED] - openBrowser(""): Browser is opened with url: ''

2020-07-28 13:34:22 - [MESSAGE][INFO] - Starting 'Chrome' driver

2020-07-28 13:34:22 - [MESSAGE][INFO] - Action delay is set to 0 milliseconds

2020-07-28 13:34:26 - [MESSAGE][PASSED] - Browser is opened with url: ''

2020-07-28 13:34:26 - [TEST_STEP][PASSED] - maximizeWindow(): Current window maximized

2020-07-28 13:34:28 - [MESSAGE][PASSED] - Current window maximized

2020-07-28 13:34:28 - [TEST_STEP][PASSED] - navigateToUrl("https://www.seleniumeasy.com/test/"): Navigate to 'https://www.seleniumeasy.com/test/' successfully

2020-07-28 13:34:31 - [MESSAGE][PASSED] - Navigate to 'https://www.seleniumeasy.com/test/' successfully

2020-07-28 13:34:31 - [TEST_STEP][PASSED] - delay(2): Delayed 2 second(s)

2020-07-28 13:34:33 - [MESSAGE][PASSED] - Delayed 2 second(s)

2020-07-28 13:34:33 - [TEST_STEP][PASSED] - click(findTestObject("Object Repository/TestPage/popupCloseBtn")): Object: 'Object Repository/TestPage/popupCloseBtn' is clicked on

2020-07-28 13:34:34 - [MESSAGE][PASSED] - Object: 'Object Repository/TestPage/popupCloseBtn' is clicked on

2020-07-28 13:34:34 - [TEST_STEP][PASSED] - click(findTestObject("Object Repository/TestPage/inputFormsMenu")): Object: 'Object Repository/TestPage/inputFormsMenu' is clicked on

2020-07-28 13:34:34 - [MESSAGE][PASSED] - Object: 'Object Repository/TestPage/inputFormsMenu' is clicked on

2020-07-28 13:34:34 - [TEST_STEP][PASSED] - click(findTestObject("Object Repository/TestPage/simpleFormDemoOpt")): Object: 'Object Repository/TestPage/simpleFormDemoOpt' is clicked on

2020-07-28 13:34:35 - [MESSAGE][PASSED] - Object: 'Object Repository/TestPage/simpleFormDemoOpt' is clicked on

2020-07-28 13:34:35 - [TEST_STEP][PASSED] - verifyElementPresent(findTestObject("SimpleFormDemoPage/simpleFormDemoPageHeader"), 0): Object 'Object Repository/SimpleFormDemoPage/simpleFormDemoPageHeader' is present

2020-07-28 13:34:35 - [MESSAGE][WARNING] - Timeout '0' is invalid. Using default page load timeout: '30'

2020-07-28 13:34:36 - [MESSAGE][PASSED] - Object 'Object Repository/SimpleFormDemoPage/simpleFormDemoPageHeader' is present

2020-07-28 13:34:36 - [TEST_STEP][PASSED] - closeBrowser(): Browser is closed

2020-07-28 13:34:36 - [MESSAGE][PASSED] - Browser is closed]]></system-out>
         <system-err><![CDATA[]]></system-err>
      </testcase>
      <testcase name="Test Cases/NavigateToCheckboxDemoPage" time="14.95" classname="Test Cases/NavigateToCheckboxDemoPage" status="PASSED">
         <system-out><![CDATA[2020-07-28 13:34:37 - [TEST_CASE][PASSED] - Test Cases/NavigateToCheckboxDemoPage: Test Cases/NavigateToCheckboxDemoPage

2020-07-28 13:34:37 - [TEST_STEP][PASSED] - openBrowser(""): Browser is opened with url: ''

2020-07-28 13:34:37 - [MESSAGE][INFO] - Starting 'Chrome' driver

2020-07-28 13:34:37 - [MESSAGE][INFO] - Action delay is set to 0 milliseconds

2020-07-28 13:34:40 - [MESSAGE][PASSED] - Browser is opened with url: ''

2020-07-28 13:34:40 - [TEST_STEP][PASSED] - maximizeWindow(): Current window maximized

2020-07-28 13:34:42 - [MESSAGE][PASSED] - Current window maximized

2020-07-28 13:34:42 - [TEST_STEP][PASSED] - navigateToUrl("https://seleniumeasy.com/test"): Navigate to 'https://seleniumeasy.com/test' successfully

2020-07-28 13:34:46 - [MESSAGE][PASSED] - Navigate to 'https://seleniumeasy.com/test' successfully

2020-07-28 13:34:46 - [TEST_STEP][PASSED] - delay(2): Delayed 2 second(s)

2020-07-28 13:34:48 - [MESSAGE][PASSED] - Delayed 2 second(s)

2020-07-28 13:34:48 - [TEST_STEP][PASSED] - click(findTestObject("TestPage/popupCloseBtn")): Object: 'Object Repository/TestPage/popupCloseBtn' is clicked on

2020-07-28 13:34:49 - [MESSAGE][PASSED] - Object: 'Object Repository/TestPage/popupCloseBtn' is clicked on

2020-07-28 13:34:49 - [TEST_STEP][PASSED] - click(findTestObject("TestPage/inputFormsMenu")): Object: 'Object Repository/TestPage/inputFormsMenu' is clicked on

2020-07-28 13:34:49 - [MESSAGE][PASSED] - Object: 'Object Repository/TestPage/inputFormsMenu' is clicked on

2020-07-28 13:34:49 - [TEST_STEP][PASSED] - click(findTestObject("TestPage/checkboxDemoOpt")): Object: 'Object Repository/TestPage/checkboxDemoOpt' is clicked on

2020-07-28 13:34:50 - [MESSAGE][PASSED] - Object: 'Object Repository/TestPage/checkboxDemoOpt' is clicked on

2020-07-28 13:34:50 - [TEST_STEP][PASSED] - verifyElementPresent(findTestObject("CheckboxDemoPage/checkboxDemoHeader"), 0): Object 'Object Repository/CheckboxDemoPage/checkboxDemoHeader' is present

2020-07-28 13:34:51 - [MESSAGE][WARNING] - Timeout '0' is invalid. Using default page load timeout: '30'

2020-07-28 13:34:51 - [MESSAGE][PASSED] - Object 'Object Repository/CheckboxDemoPage/checkboxDemoHeader' is present

2020-07-28 13:34:51 - [TEST_STEP][PASSED] - closeBrowser(): Browser is closed

2020-07-28 13:34:51 - [MESSAGE][PASSED] - Browser is closed]]></system-out>
         <system-err><![CDATA[]]></system-err>
      </testcase>
      <testcase name="Test Cases/NavigateToRadioButtonsDemo" time="14.846" classname="Test Cases/NavigateToRadioButtonsDemo" status="PASSED">
         <system-out><![CDATA[2020-07-28 13:34:51 - [TEST_CASE][PASSED] - Test Cases/NavigateToRadioButtonsDemo: Test Cases/NavigateToRadioButtonsDemo

2020-07-28 13:34:52 - [TEST_STEP][PASSED] - openBrowser(""): Browser is opened with url: ''

2020-07-28 13:34:52 - [MESSAGE][INFO] - Starting 'Chrome' driver

2020-07-28 13:34:52 - [MESSAGE][INFO] - Action delay is set to 0 milliseconds

2020-07-28 13:34:55 - [MESSAGE][PASSED] - Browser is opened with url: ''

2020-07-28 13:34:55 - [TEST_STEP][PASSED] - maximizeWindow(): Current window maximized

2020-07-28 13:34:57 - [MESSAGE][PASSED] - Current window maximized

2020-07-28 13:34:57 - [TEST_STEP][PASSED] - navigateToUrl("https://seleniumeasy.com/test"): Navigate to 'https://seleniumeasy.com/test' successfully

2020-07-28 13:35:02 - [MESSAGE][PASSED] - Navigate to 'https://seleniumeasy.com/test' successfully

2020-07-28 13:35:02 - [TEST_STEP][PASSED] - delay(2): Delayed 2 second(s)

2020-07-28 13:35:04 - [MESSAGE][PASSED] - Delayed 2 second(s)

2020-07-28 13:35:04 - [TEST_STEP][PASSED] - click(findTestObject("TestPage/popupCloseBtn")): Object: 'Object Repository/TestPage/popupCloseBtn' is clicked on

2020-07-28 13:35:04 - [MESSAGE][PASSED] - Object: 'Object Repository/TestPage/popupCloseBtn' is clicked on

2020-07-28 13:35:04 - [TEST_STEP][PASSED] - click(findTestObject("TestPage/inputFormsMenu")): Object: 'Object Repository/TestPage/inputFormsMenu' is clicked on

2020-07-28 13:35:04 - [MESSAGE][PASSED] - Object: 'Object Repository/TestPage/inputFormsMenu' is clicked on

2020-07-28 13:35:04 - [TEST_STEP][PASSED] - click(findTestObject("TestPage/radioButtonsDemoOpt")): Object: 'Object Repository/TestPage/radioButtonsDemoOpt' is clicked on

2020-07-28 13:35:05 - [MESSAGE][PASSED] - Object: 'Object Repository/TestPage/radioButtonsDemoOpt' is clicked on

2020-07-28 13:35:05 - [TEST_STEP][PASSED] - verifyElementText(findTestObject("RadioButtonsDemoPage/RadioButtonsPageHeader"), "This is again simple example to start working with radio buttons using Selenium."): Actual text and expected text of test object 'Object Repository/RadioButtonsDemoPage/RadioButtonsPageHeader' are matched.

2020-07-28 13:35:06 - [MESSAGE][PASSED] - Actual text and expected text of test object 'Object Repository/RadioButtonsDemoPage/RadioButtonsPageHeader' are matched.

2020-07-28 13:35:06 - [TEST_STEP][PASSED] - closeBrowser(): Browser is closed

2020-07-28 13:35:06 - [MESSAGE][PASSED] - Browser is closed]]></system-out>
         <system-err><![CDATA[]]></system-err>
      </testcase>
      <system-out><![CDATA[2020-07-28 13:34:21 - [TEST_SUITE][PASSED] - Navigation: Test Cases/NavigateToRadioButtonsDemo]]></system-out>
      <system-err><![CDATA[]]></system-err>
   </testsuite>
</testsuites>
