<?xml version="1.0" encoding="UTF-8"?>
<testsuites name="SimpleForm" time="135.307" tests="10" failures="0" errors="0">
   <testsuite name="SimpleForm" tests="10" failures="0" errors="0" time="135.307" timestamp="2020-07-29 13:39:47" hostname="adamz - DESKTOP-9O3DKQB" id="Test Suites/SimpleForm">
      <properties>
         <property name="deviceName" value=""/>
         <property name="devicePlatform" value=""/>
         <property name="logFolder" value="C:\\Users\\adamz\\git\\seleniumeasy-katalon\\Reports\\20200729_133945\\SimpleForm\\20200729_133945"/>
         <property name="logFiles" value="C:\\Users\\adamz\\git\\seleniumeasy-katalon\\Reports\\20200729_133945\\SimpleForm\\20200729_133945\\execution0.log"/>
         <property name="attachments" value=""/>
         <property name="hostName" value="adamz - DESKTOP-9O3DKQB"/>
         <property name="os" value="Windows 10 64bit"/>
         <property name="katalonVersion" value="7.6.2.205"/>
         <property name="browser" value="Chrome 84.0.4147.105"/>
         <property name="hostAddress" value="10.202.0.2"/>
         <property name="sessionId" value="3da62e2a74ac1a1d3d2aba2026de19e8"/>
         <property name="seleniumVersion" value="3.141.59"/>
         <property name="proxyInformation" value="ProxyInformation { proxyOption=NO_PROXY, proxyServerType=HTTP, username=, password=********, proxyServerAddress=, proxyServerPort=0, executionList=\&quot;\&quot;, isApplyToDesiredCapabilities=true }"/>
         <property name="platform" value="Windows 10"/>
      </properties>
      <testcase name="Test Cases/SimpleForm/textInputSimpleForm" time="14.736" classname="Test Cases/SimpleForm/textInputSimpleForm" status="PASSED">
         <system-out><![CDATA[2020-07-29 13:39:47 - [TEST_CASE][PASSED] - Test Cases/SimpleForm/textInputSimpleForm: Test Cases/SimpleForm/textInputSimpleForm

2020-07-29 13:39:47 - [TEST_STEP][PASSED] - openBrowser(""): Browser is opened with url: ''

2020-07-29 13:39:48 - [MESSAGE][INFO] - Starting 'Chrome' driver

2020-07-29 13:39:48 - [MESSAGE][INFO] - Action delay is set to 0 milliseconds

2020-07-29 13:39:52 - [MESSAGE][PASSED] - Browser is opened with url: ''

2020-07-29 13:39:52 - [TEST_STEP][PASSED] - maximizeWindow(): Current window maximized

2020-07-29 13:39:54 - [MESSAGE][PASSED] - Current window maximized

2020-07-29 13:39:54 - [TEST_STEP][PASSED] - navigateToUrl("https://www.seleniumeasy.com/test/basic-first-form-demo.html"): Navigate to 'https://www.seleniumeasy.com/test/basic-first-form-demo.html' successfully

2020-07-29 13:39:57 - [MESSAGE][PASSED] - Navigate to 'https://www.seleniumeasy.com/test/basic-first-form-demo.html' successfully

2020-07-29 13:39:57 - [TEST_STEP][PASSED] - delay(2): Delayed 2 second(s)

2020-07-29 13:39:59 - [MESSAGE][PASSED] - Delayed 2 second(s)

2020-07-29 13:39:59 - [TEST_STEP][PASSED] - click(findTestObject("TestPage/popupCloseBtn")): Object: 'Object Repository/TestPage/popupCloseBtn' is clicked on

2020-07-29 13:40:00 - [MESSAGE][PASSED] - Object: 'Object Repository/TestPage/popupCloseBtn' is clicked on

2020-07-29 13:40:00 - [TEST_STEP][PASSED] - sendKeys(findTestObject("SimpleFormDemoPage/textInputSimpleForm"), textInput): Keys 'test data' sent to object: 'Object Repository/SimpleFormDemoPage/textInputSimpleForm'

2020-07-29 13:40:00 - [MESSAGE][PASSED] - Keys 'test data' sent to object: 'Object Repository/SimpleFormDemoPage/textInputSimpleForm'

2020-07-29 13:40:00 - [TEST_STEP][PASSED] - click(findTestObject("SimpleFormDemoPage/showMessageBtn")): Object: 'Object Repository/SimpleFormDemoPage/showMessageBtn' is clicked on

2020-07-29 13:40:00 - [MESSAGE][PASSED] - Object: 'Object Repository/SimpleFormDemoPage/showMessageBtn' is clicked on

2020-07-29 13:40:00 - [TEST_STEP][PASSED] - verifyElementText(findTestObject("SimpleFormDemoPage/printedValueFromTextInput"), textInput): Actual text and expected text of test object 'Object Repository/SimpleFormDemoPage/printedValueFromTextInput' are matched.

2020-07-29 13:40:01 - [MESSAGE][PASSED] - Actual text and expected text of test object 'Object Repository/SimpleFormDemoPage/printedValueFromTextInput' are matched.

2020-07-29 13:40:01 - [TEST_STEP][PASSED] - closeBrowser(): Browser is closed

2020-07-29 13:40:02 - [MESSAGE][PASSED] - Browser is closed]]></system-out>
         <system-err><![CDATA[]]></system-err>
      </testcase>
      <testcase name="Test Cases/SimpleForm/textInputSimpleForm" time="13.872" classname="Test Cases/SimpleForm/textInputSimpleForm" status="PASSED">
         <system-out><![CDATA[2020-07-29 13:40:02 - [TEST_CASE][PASSED] - Test Cases/SimpleForm/textInputSimpleForm: Test Cases/SimpleForm/textInputSimpleForm

2020-07-29 13:40:02 - [TEST_STEP][PASSED] - openBrowser(""): Browser is opened with url: ''

2020-07-29 13:40:02 - [MESSAGE][INFO] - Starting 'Chrome' driver

2020-07-29 13:40:02 - [MESSAGE][INFO] - Action delay is set to 0 milliseconds

2020-07-29 13:40:05 - [MESSAGE][PASSED] - Browser is opened with url: ''

2020-07-29 13:40:05 - [TEST_STEP][PASSED] - maximizeWindow(): Current window maximized

2020-07-29 13:40:07 - [MESSAGE][PASSED] - Current window maximized

2020-07-29 13:40:07 - [TEST_STEP][PASSED] - navigateToUrl("https://www.seleniumeasy.com/test/basic-first-form-demo.html"): Navigate to 'https://www.seleniumeasy.com/test/basic-first-form-demo.html' successfully

2020-07-29 13:40:10 - [MESSAGE][PASSED] - Navigate to 'https://www.seleniumeasy.com/test/basic-first-form-demo.html' successfully

2020-07-29 13:40:10 - [TEST_STEP][PASSED] - delay(2): Delayed 2 second(s)

2020-07-29 13:40:12 - [MESSAGE][PASSED] - Delayed 2 second(s)

2020-07-29 13:40:12 - [TEST_STEP][PASSED] - click(findTestObject("TestPage/popupCloseBtn")): Object: 'Object Repository/TestPage/popupCloseBtn' is clicked on

2020-07-29 13:40:13 - [MESSAGE][PASSED] - Object: 'Object Repository/TestPage/popupCloseBtn' is clicked on

2020-07-29 13:40:13 - [TEST_STEP][PASSED] - sendKeys(findTestObject("SimpleFormDemoPage/textInputSimpleForm"), textInput): Keys 'this is a long long long long long long long test data' sent to object: 'Object Repository/SimpleFormDemoPage/textInputSimpleForm'

2020-07-29 13:40:14 - [MESSAGE][PASSED] - Keys 'this is a long long long long long long long test data' sent to object: 'Object Repository/SimpleFormDemoPage/textInputSimpleForm'

2020-07-29 13:40:14 - [TEST_STEP][PASSED] - click(findTestObject("SimpleFormDemoPage/showMessageBtn")): Object: 'Object Repository/SimpleFormDemoPage/showMessageBtn' is clicked on

2020-07-29 13:40:14 - [MESSAGE][PASSED] - Object: 'Object Repository/SimpleFormDemoPage/showMessageBtn' is clicked on

2020-07-29 13:40:14 - [TEST_STEP][PASSED] - verifyElementText(findTestObject("SimpleFormDemoPage/printedValueFromTextInput"), textInput): Actual text and expected text of test object 'Object Repository/SimpleFormDemoPage/printedValueFromTextInput' are matched.

2020-07-29 13:40:14 - [MESSAGE][PASSED] - Actual text and expected text of test object 'Object Repository/SimpleFormDemoPage/printedValueFromTextInput' are matched.

2020-07-29 13:40:14 - [TEST_STEP][PASSED] - closeBrowser(): Browser is closed

2020-07-29 13:40:16 - [MESSAGE][PASSED] - Browser is closed]]></system-out>
         <system-err><![CDATA[]]></system-err>
      </testcase>
      <testcase name="Test Cases/SimpleForm/textInputSimpleForm" time="12.856" classname="Test Cases/SimpleForm/textInputSimpleForm" status="PASSED">
         <system-out><![CDATA[2020-07-29 13:40:16 - [TEST_CASE][PASSED] - Test Cases/SimpleForm/textInputSimpleForm: Test Cases/SimpleForm/textInputSimpleForm

2020-07-29 13:40:16 - [TEST_STEP][PASSED] - openBrowser(""): Browser is opened with url: ''

2020-07-29 13:40:16 - [MESSAGE][INFO] - Starting 'Chrome' driver

2020-07-29 13:40:16 - [MESSAGE][INFO] - Action delay is set to 0 milliseconds

2020-07-29 13:40:19 - [MESSAGE][PASSED] - Browser is opened with url: ''

2020-07-29 13:40:19 - [TEST_STEP][PASSED] - maximizeWindow(): Current window maximized

2020-07-29 13:40:21 - [MESSAGE][PASSED] - Current window maximized

2020-07-29 13:40:21 - [TEST_STEP][PASSED] - navigateToUrl("https://www.seleniumeasy.com/test/basic-first-form-demo.html"): Navigate to 'https://www.seleniumeasy.com/test/basic-first-form-demo.html' successfully

2020-07-29 13:40:24 - [MESSAGE][PASSED] - Navigate to 'https://www.seleniumeasy.com/test/basic-first-form-demo.html' successfully

2020-07-29 13:40:24 - [TEST_STEP][PASSED] - delay(2): Delayed 2 second(s)

2020-07-29 13:40:26 - [MESSAGE][PASSED] - Delayed 2 second(s)

2020-07-29 13:40:26 - [TEST_STEP][PASSED] - click(findTestObject("TestPage/popupCloseBtn")): Object: 'Object Repository/TestPage/popupCloseBtn' is clicked on

2020-07-29 13:40:26 - [MESSAGE][PASSED] - Object: 'Object Repository/TestPage/popupCloseBtn' is clicked on

2020-07-29 13:40:26 - [TEST_STEP][PASSED] - sendKeys(findTestObject("SimpleFormDemoPage/textInputSimpleForm"), textInput): Keys '0' sent to object: 'Object Repository/SimpleFormDemoPage/textInputSimpleForm'

2020-07-29 13:40:27 - [MESSAGE][PASSED] - Keys '0' sent to object: 'Object Repository/SimpleFormDemoPage/textInputSimpleForm'

2020-07-29 13:40:27 - [TEST_STEP][PASSED] - click(findTestObject("SimpleFormDemoPage/showMessageBtn")): Object: 'Object Repository/SimpleFormDemoPage/showMessageBtn' is clicked on

2020-07-29 13:40:27 - [MESSAGE][PASSED] - Object: 'Object Repository/SimpleFormDemoPage/showMessageBtn' is clicked on

2020-07-29 13:40:27 - [TEST_STEP][PASSED] - verifyElementText(findTestObject("SimpleFormDemoPage/printedValueFromTextInput"), textInput): Actual text and expected text of test object 'Object Repository/SimpleFormDemoPage/printedValueFromTextInput' are matched.

2020-07-29 13:40:28 - [MESSAGE][PASSED] - Actual text and expected text of test object 'Object Repository/SimpleFormDemoPage/printedValueFromTextInput' are matched.

2020-07-29 13:40:28 - [TEST_STEP][PASSED] - closeBrowser(): Browser is closed

2020-07-29 13:40:29 - [MESSAGE][PASSED] - Browser is closed]]></system-out>
         <system-err><![CDATA[]]></system-err>
      </testcase>
      <testcase name="Test Cases/SimpleForm/textInputSimpleForm" time="13.755" classname="Test Cases/SimpleForm/textInputSimpleForm" status="PASSED">
         <system-out><![CDATA[2020-07-29 13:40:29 - [TEST_CASE][PASSED] - Test Cases/SimpleForm/textInputSimpleForm: Test Cases/SimpleForm/textInputSimpleForm

2020-07-29 13:40:29 - [TEST_STEP][PASSED] - openBrowser(""): Browser is opened with url: ''

2020-07-29 13:40:29 - [MESSAGE][INFO] - Starting 'Chrome' driver

2020-07-29 13:40:29 - [MESSAGE][INFO] - Action delay is set to 0 milliseconds

2020-07-29 13:40:32 - [MESSAGE][PASSED] - Browser is opened with url: ''

2020-07-29 13:40:32 - [TEST_STEP][PASSED] - maximizeWindow(): Current window maximized

2020-07-29 13:40:34 - [MESSAGE][PASSED] - Current window maximized

2020-07-29 13:40:34 - [TEST_STEP][PASSED] - navigateToUrl("https://www.seleniumeasy.com/test/basic-first-form-demo.html"): Navigate to 'https://www.seleniumeasy.com/test/basic-first-form-demo.html' successfully

2020-07-29 13:40:37 - [MESSAGE][PASSED] - Navigate to 'https://www.seleniumeasy.com/test/basic-first-form-demo.html' successfully

2020-07-29 13:40:37 - [TEST_STEP][PASSED] - delay(2): Delayed 2 second(s)

2020-07-29 13:40:39 - [MESSAGE][PASSED] - Delayed 2 second(s)

2020-07-29 13:40:39 - [TEST_STEP][PASSED] - click(findTestObject("TestPage/popupCloseBtn")): Object: 'Object Repository/TestPage/popupCloseBtn' is clicked on

2020-07-29 13:40:40 - [MESSAGE][PASSED] - Object: 'Object Repository/TestPage/popupCloseBtn' is clicked on

2020-07-29 13:40:40 - [TEST_STEP][PASSED] - sendKeys(findTestObject("SimpleFormDemoPage/textInputSimpleForm"), textInput): Keys '"+!%/=()Ö#@' sent to object: 'Object Repository/SimpleFormDemoPage/textInputSimpleForm'

2020-07-29 13:40:40 - [MESSAGE][PASSED] - Keys '"+!%/=()Ö#@' sent to object: 'Object Repository/SimpleFormDemoPage/textInputSimpleForm'

2020-07-29 13:40:40 - [TEST_STEP][PASSED] - click(findTestObject("SimpleFormDemoPage/showMessageBtn")): Object: 'Object Repository/SimpleFormDemoPage/showMessageBtn' is clicked on

2020-07-29 13:40:41 - [MESSAGE][PASSED] - Object: 'Object Repository/SimpleFormDemoPage/showMessageBtn' is clicked on

2020-07-29 13:40:41 - [TEST_STEP][PASSED] - verifyElementText(findTestObject("SimpleFormDemoPage/printedValueFromTextInput"), textInput): Actual text and expected text of test object 'Object Repository/SimpleFormDemoPage/printedValueFromTextInput' are matched.

2020-07-29 13:40:41 - [MESSAGE][PASSED] - Actual text and expected text of test object 'Object Repository/SimpleFormDemoPage/printedValueFromTextInput' are matched.

2020-07-29 13:40:41 - [TEST_STEP][PASSED] - closeBrowser(): Browser is closed

2020-07-29 13:40:42 - [MESSAGE][PASSED] - Browser is closed]]></system-out>
         <system-err><![CDATA[]]></system-err>
      </testcase>
      <testcase name="Test Cases/SimpleForm/numberInputSimpleForm" time="13.632" classname="Test Cases/SimpleForm/numberInputSimpleForm" status="PASSED">
         <system-out><![CDATA[2020-07-29 13:40:42 - [TEST_CASE][PASSED] - Test Cases/SimpleForm/numberInputSimpleForm: Test Cases/SimpleForm/numberInputSimpleForm

2020-07-29 13:40:43 - [TEST_STEP][PASSED] - openBrowser(""): Browser is opened with url: ''

2020-07-29 13:40:43 - [MESSAGE][INFO] - Starting 'Chrome' driver

2020-07-29 13:40:43 - [MESSAGE][INFO] - Action delay is set to 0 milliseconds

2020-07-29 13:40:46 - [MESSAGE][PASSED] - Browser is opened with url: ''

2020-07-29 13:40:46 - [TEST_STEP][PASSED] - maximizeWindow(): Current window maximized

2020-07-29 13:40:48 - [MESSAGE][PASSED] - Current window maximized

2020-07-29 13:40:48 - [TEST_STEP][PASSED] - navigateToUrl("https://www.seleniumeasy.com/test/basic-first-form-demo.html"): Navigate to 'https://www.seleniumeasy.com/test/basic-first-form-demo.html' successfully

2020-07-29 13:40:51 - [MESSAGE][PASSED] - Navigate to 'https://www.seleniumeasy.com/test/basic-first-form-demo.html' successfully

2020-07-29 13:40:51 - [TEST_STEP][PASSED] - delay(2): Delayed 2 second(s)

2020-07-29 13:40:53 - [MESSAGE][PASSED] - Delayed 2 second(s)

2020-07-29 13:40:53 - [TEST_STEP][PASSED] - click(findTestObject("TestPage/popupCloseBtn")): Object: 'Object Repository/TestPage/popupCloseBtn' is clicked on

2020-07-29 13:40:53 - [MESSAGE][PASSED] - Object: 'Object Repository/TestPage/popupCloseBtn' is clicked on

2020-07-29 13:40:53 - [TEST_STEP][PASSED] - sendKeys(findTestObject("SimpleFormDemoPage/a_numberInputField"), numberA): Keys '0' sent to object: 'Object Repository/SimpleFormDemoPage/a_numberInputField'

2020-07-29 13:40:54 - [MESSAGE][PASSED] - Keys '0' sent to object: 'Object Repository/SimpleFormDemoPage/a_numberInputField'

2020-07-29 13:40:54 - [TEST_STEP][PASSED] - sendKeys(findTestObject("SimpleFormDemoPage/b_numberInputField"), numberB): Keys '0' sent to object: 'Object Repository/SimpleFormDemoPage/b_numberInputField'

2020-07-29 13:40:54 - [MESSAGE][PASSED] - Keys '0' sent to object: 'Object Repository/SimpleFormDemoPage/b_numberInputField'

2020-07-29 13:40:54 - [TEST_STEP][PASSED] - click(findTestObject("SimpleFormDemoPage/getTotalBtn")): Object: 'Object Repository/SimpleFormDemoPage/getTotalBtn' is clicked on

2020-07-29 13:40:54 - [MESSAGE][PASSED] - Object: 'Object Repository/SimpleFormDemoPage/getTotalBtn' is clicked on

2020-07-29 13:40:54 - [TEST_STEP][PASSED] - verifyElementText(findTestObject("SimpleFormDemoPage/resultNumber"), numberResult): Actual text and expected text of test object 'Object Repository/SimpleFormDemoPage/resultNumber' are matched.

2020-07-29 13:40:55 - [MESSAGE][PASSED] - Actual text and expected text of test object 'Object Repository/SimpleFormDemoPage/resultNumber' are matched.

2020-07-29 13:40:55 - [TEST_STEP][PASSED] - closeBrowser(): Browser is closed

2020-07-29 13:40:56 - [MESSAGE][PASSED] - Browser is closed]]></system-out>
         <system-err><![CDATA[]]></system-err>
      </testcase>
      <testcase name="Test Cases/SimpleForm/numberInputSimpleForm" time="13.131" classname="Test Cases/SimpleForm/numberInputSimpleForm" status="PASSED">
         <system-out><![CDATA[2020-07-29 13:40:56 - [TEST_CASE][PASSED] - Test Cases/SimpleForm/numberInputSimpleForm: Test Cases/SimpleForm/numberInputSimpleForm

2020-07-29 13:40:56 - [TEST_STEP][PASSED] - openBrowser(""): Browser is opened with url: ''

2020-07-29 13:40:56 - [MESSAGE][INFO] - Starting 'Chrome' driver

2020-07-29 13:40:56 - [MESSAGE][INFO] - Action delay is set to 0 milliseconds

2020-07-29 13:40:59 - [MESSAGE][PASSED] - Browser is opened with url: ''

2020-07-29 13:40:59 - [TEST_STEP][PASSED] - maximizeWindow(): Current window maximized

2020-07-29 13:41:01 - [MESSAGE][PASSED] - Current window maximized

2020-07-29 13:41:01 - [TEST_STEP][PASSED] - navigateToUrl("https://www.seleniumeasy.com/test/basic-first-form-demo.html"): Navigate to 'https://www.seleniumeasy.com/test/basic-first-form-demo.html' successfully

2020-07-29 13:41:04 - [MESSAGE][PASSED] - Navigate to 'https://www.seleniumeasy.com/test/basic-first-form-demo.html' successfully

2020-07-29 13:41:04 - [TEST_STEP][PASSED] - delay(2): Delayed 2 second(s)

2020-07-29 13:41:06 - [MESSAGE][PASSED] - Delayed 2 second(s)

2020-07-29 13:41:06 - [TEST_STEP][PASSED] - click(findTestObject("TestPage/popupCloseBtn")): Object: 'Object Repository/TestPage/popupCloseBtn' is clicked on

2020-07-29 13:41:07 - [MESSAGE][PASSED] - Object: 'Object Repository/TestPage/popupCloseBtn' is clicked on

2020-07-29 13:41:07 - [TEST_STEP][PASSED] - sendKeys(findTestObject("SimpleFormDemoPage/a_numberInputField"), numberA): Keys '1' sent to object: 'Object Repository/SimpleFormDemoPage/a_numberInputField'

2020-07-29 13:41:07 - [MESSAGE][PASSED] - Keys '1' sent to object: 'Object Repository/SimpleFormDemoPage/a_numberInputField'

2020-07-29 13:41:07 - [TEST_STEP][PASSED] - sendKeys(findTestObject("SimpleFormDemoPage/b_numberInputField"), numberB): Keys '1' sent to object: 'Object Repository/SimpleFormDemoPage/b_numberInputField'

2020-07-29 13:41:08 - [MESSAGE][PASSED] - Keys '1' sent to object: 'Object Repository/SimpleFormDemoPage/b_numberInputField'

2020-07-29 13:41:08 - [TEST_STEP][PASSED] - click(findTestObject("SimpleFormDemoPage/getTotalBtn")): Object: 'Object Repository/SimpleFormDemoPage/getTotalBtn' is clicked on

2020-07-29 13:41:08 - [MESSAGE][PASSED] - Object: 'Object Repository/SimpleFormDemoPage/getTotalBtn' is clicked on

2020-07-29 13:41:08 - [TEST_STEP][PASSED] - verifyElementText(findTestObject("SimpleFormDemoPage/resultNumber"), numberResult): Actual text and expected text of test object 'Object Repository/SimpleFormDemoPage/resultNumber' are matched.

2020-07-29 13:41:09 - [MESSAGE][PASSED] - Actual text and expected text of test object 'Object Repository/SimpleFormDemoPage/resultNumber' are matched.

2020-07-29 13:41:09 - [TEST_STEP][PASSED] - closeBrowser(): Browser is closed

2020-07-29 13:41:09 - [MESSAGE][PASSED] - Browser is closed]]></system-out>
         <system-err><![CDATA[]]></system-err>
      </testcase>
      <testcase name="Test Cases/SimpleForm/numberInputSimpleForm" time="12.799" classname="Test Cases/SimpleForm/numberInputSimpleForm" status="PASSED">
         <system-out><![CDATA[2020-07-29 13:41:09 - [TEST_CASE][PASSED] - Test Cases/SimpleForm/numberInputSimpleForm: Test Cases/SimpleForm/numberInputSimpleForm

2020-07-29 13:41:09 - [TEST_STEP][PASSED] - openBrowser(""): Browser is opened with url: ''

2020-07-29 13:41:09 - [MESSAGE][INFO] - Starting 'Chrome' driver

2020-07-29 13:41:09 - [MESSAGE][INFO] - Action delay is set to 0 milliseconds

2020-07-29 13:41:12 - [MESSAGE][PASSED] - Browser is opened with url: ''

2020-07-29 13:41:12 - [TEST_STEP][PASSED] - maximizeWindow(): Current window maximized

2020-07-29 13:41:14 - [MESSAGE][PASSED] - Current window maximized

2020-07-29 13:41:14 - [TEST_STEP][PASSED] - navigateToUrl("https://www.seleniumeasy.com/test/basic-first-form-demo.html"): Navigate to 'https://www.seleniumeasy.com/test/basic-first-form-demo.html' successfully

2020-07-29 13:41:17 - [MESSAGE][PASSED] - Navigate to 'https://www.seleniumeasy.com/test/basic-first-form-demo.html' successfully

2020-07-29 13:41:17 - [TEST_STEP][PASSED] - delay(2): Delayed 2 second(s)

2020-07-29 13:41:19 - [MESSAGE][PASSED] - Delayed 2 second(s)

2020-07-29 13:41:19 - [TEST_STEP][PASSED] - click(findTestObject("TestPage/popupCloseBtn")): Object: 'Object Repository/TestPage/popupCloseBtn' is clicked on

2020-07-29 13:41:20 - [MESSAGE][PASSED] - Object: 'Object Repository/TestPage/popupCloseBtn' is clicked on

2020-07-29 13:41:20 - [TEST_STEP][PASSED] - sendKeys(findTestObject("SimpleFormDemoPage/a_numberInputField"), numberA): Keys '-1' sent to object: 'Object Repository/SimpleFormDemoPage/a_numberInputField'

2020-07-29 13:41:20 - [MESSAGE][PASSED] - Keys '-1' sent to object: 'Object Repository/SimpleFormDemoPage/a_numberInputField'

2020-07-29 13:41:20 - [TEST_STEP][PASSED] - sendKeys(findTestObject("SimpleFormDemoPage/b_numberInputField"), numberB): Keys '-1' sent to object: 'Object Repository/SimpleFormDemoPage/b_numberInputField'

2020-07-29 13:41:20 - [MESSAGE][PASSED] - Keys '-1' sent to object: 'Object Repository/SimpleFormDemoPage/b_numberInputField'

2020-07-29 13:41:20 - [TEST_STEP][PASSED] - click(findTestObject("SimpleFormDemoPage/getTotalBtn")): Object: 'Object Repository/SimpleFormDemoPage/getTotalBtn' is clicked on

2020-07-29 13:41:21 - [MESSAGE][PASSED] - Object: 'Object Repository/SimpleFormDemoPage/getTotalBtn' is clicked on

2020-07-29 13:41:21 - [TEST_STEP][PASSED] - verifyElementText(findTestObject("SimpleFormDemoPage/resultNumber"), numberResult): Actual text and expected text of test object 'Object Repository/SimpleFormDemoPage/resultNumber' are matched.

2020-07-29 13:41:21 - [MESSAGE][PASSED] - Actual text and expected text of test object 'Object Repository/SimpleFormDemoPage/resultNumber' are matched.

2020-07-29 13:41:21 - [TEST_STEP][PASSED] - closeBrowser(): Browser is closed

2020-07-29 13:41:22 - [MESSAGE][PASSED] - Browser is closed]]></system-out>
         <system-err><![CDATA[]]></system-err>
      </testcase>
      <testcase name="Test Cases/SimpleForm/numberInputSimpleForm" time="13.328" classname="Test Cases/SimpleForm/numberInputSimpleForm" status="PASSED">
         <system-out><![CDATA[2020-07-29 13:41:22 - [TEST_CASE][PASSED] - Test Cases/SimpleForm/numberInputSimpleForm: Test Cases/SimpleForm/numberInputSimpleForm

2020-07-29 13:41:22 - [TEST_STEP][PASSED] - openBrowser(""): Browser is opened with url: ''

2020-07-29 13:41:22 - [MESSAGE][INFO] - Starting 'Chrome' driver

2020-07-29 13:41:22 - [MESSAGE][INFO] - Action delay is set to 0 milliseconds

2020-07-29 13:41:25 - [MESSAGE][PASSED] - Browser is opened with url: ''

2020-07-29 13:41:25 - [TEST_STEP][PASSED] - maximizeWindow(): Current window maximized

2020-07-29 13:41:27 - [MESSAGE][PASSED] - Current window maximized

2020-07-29 13:41:27 - [TEST_STEP][PASSED] - navigateToUrl("https://www.seleniumeasy.com/test/basic-first-form-demo.html"): Navigate to 'https://www.seleniumeasy.com/test/basic-first-form-demo.html' successfully

2020-07-29 13:41:30 - [MESSAGE][PASSED] - Navigate to 'https://www.seleniumeasy.com/test/basic-first-form-demo.html' successfully

2020-07-29 13:41:30 - [TEST_STEP][PASSED] - delay(2): Delayed 2 second(s)

2020-07-29 13:41:32 - [MESSAGE][PASSED] - Delayed 2 second(s)

2020-07-29 13:41:32 - [TEST_STEP][PASSED] - click(findTestObject("TestPage/popupCloseBtn")): Object: 'Object Repository/TestPage/popupCloseBtn' is clicked on

2020-07-29 13:41:33 - [MESSAGE][PASSED] - Object: 'Object Repository/TestPage/popupCloseBtn' is clicked on

2020-07-29 13:41:33 - [TEST_STEP][PASSED] - sendKeys(findTestObject("SimpleFormDemoPage/a_numberInputField"), numberA): Keys '100000000000000000000' sent to object: 'Object Repository/SimpleFormDemoPage/a_numberInputField'

2020-07-29 13:41:33 - [MESSAGE][PASSED] - Keys '100000000000000000000' sent to object: 'Object Repository/SimpleFormDemoPage/a_numberInputField'

2020-07-29 13:41:33 - [TEST_STEP][PASSED] - sendKeys(findTestObject("SimpleFormDemoPage/b_numberInputField"), numberB): Keys '100000000000000000000' sent to object: 'Object Repository/SimpleFormDemoPage/b_numberInputField'

2020-07-29 13:41:34 - [MESSAGE][PASSED] - Keys '100000000000000000000' sent to object: 'Object Repository/SimpleFormDemoPage/b_numberInputField'

2020-07-29 13:41:34 - [TEST_STEP][PASSED] - click(findTestObject("SimpleFormDemoPage/getTotalBtn")): Object: 'Object Repository/SimpleFormDemoPage/getTotalBtn' is clicked on

2020-07-29 13:41:34 - [MESSAGE][PASSED] - Object: 'Object Repository/SimpleFormDemoPage/getTotalBtn' is clicked on

2020-07-29 13:41:34 - [TEST_STEP][PASSED] - verifyElementText(findTestObject("SimpleFormDemoPage/resultNumber"), numberResult): Actual text and expected text of test object 'Object Repository/SimpleFormDemoPage/resultNumber' are matched.

2020-07-29 13:41:35 - [MESSAGE][PASSED] - Actual text and expected text of test object 'Object Repository/SimpleFormDemoPage/resultNumber' are matched.

2020-07-29 13:41:35 - [TEST_STEP][PASSED] - closeBrowser(): Browser is closed

2020-07-29 13:41:35 - [MESSAGE][PASSED] - Browser is closed]]></system-out>
         <system-err><![CDATA[]]></system-err>
      </testcase>
      <testcase name="Test Cases/SimpleForm/numberInputSimpleForm" time="13.402" classname="Test Cases/SimpleForm/numberInputSimpleForm" status="PASSED">
         <system-out><![CDATA[2020-07-29 13:41:35 - [TEST_CASE][PASSED] - Test Cases/SimpleForm/numberInputSimpleForm: Test Cases/SimpleForm/numberInputSimpleForm

2020-07-29 13:41:35 - [TEST_STEP][PASSED] - openBrowser(""): Browser is opened with url: ''

2020-07-29 13:41:35 - [MESSAGE][INFO] - Starting 'Chrome' driver

2020-07-29 13:41:35 - [MESSAGE][INFO] - Action delay is set to 0 milliseconds

2020-07-29 13:41:38 - [MESSAGE][PASSED] - Browser is opened with url: ''

2020-07-29 13:41:38 - [TEST_STEP][PASSED] - maximizeWindow(): Current window maximized

2020-07-29 13:41:41 - [MESSAGE][PASSED] - Current window maximized

2020-07-29 13:41:41 - [TEST_STEP][PASSED] - navigateToUrl("https://www.seleniumeasy.com/test/basic-first-form-demo.html"): Navigate to 'https://www.seleniumeasy.com/test/basic-first-form-demo.html' successfully

2020-07-29 13:41:44 - [MESSAGE][PASSED] - Navigate to 'https://www.seleniumeasy.com/test/basic-first-form-demo.html' successfully

2020-07-29 13:41:44 - [TEST_STEP][PASSED] - delay(2): Delayed 2 second(s)

2020-07-29 13:41:46 - [MESSAGE][PASSED] - Delayed 2 second(s)

2020-07-29 13:41:46 - [TEST_STEP][PASSED] - click(findTestObject("TestPage/popupCloseBtn")): Object: 'Object Repository/TestPage/popupCloseBtn' is clicked on

2020-07-29 13:41:47 - [MESSAGE][PASSED] - Object: 'Object Repository/TestPage/popupCloseBtn' is clicked on

2020-07-29 13:41:47 - [TEST_STEP][PASSED] - sendKeys(findTestObject("SimpleFormDemoPage/a_numberInputField"), numberA): Keys 'a' sent to object: 'Object Repository/SimpleFormDemoPage/a_numberInputField'

2020-07-29 13:41:47 - [MESSAGE][PASSED] - Keys 'a' sent to object: 'Object Repository/SimpleFormDemoPage/a_numberInputField'

2020-07-29 13:41:47 - [TEST_STEP][PASSED] - sendKeys(findTestObject("SimpleFormDemoPage/b_numberInputField"), numberB): Keys 'a' sent to object: 'Object Repository/SimpleFormDemoPage/b_numberInputField'

2020-07-29 13:41:47 - [MESSAGE][PASSED] - Keys 'a' sent to object: 'Object Repository/SimpleFormDemoPage/b_numberInputField'

2020-07-29 13:41:47 - [TEST_STEP][PASSED] - click(findTestObject("SimpleFormDemoPage/getTotalBtn")): Object: 'Object Repository/SimpleFormDemoPage/getTotalBtn' is clicked on

2020-07-29 13:41:48 - [MESSAGE][PASSED] - Object: 'Object Repository/SimpleFormDemoPage/getTotalBtn' is clicked on

2020-07-29 13:41:48 - [TEST_STEP][PASSED] - verifyElementText(findTestObject("SimpleFormDemoPage/resultNumber"), numberResult): Actual text and expected text of test object 'Object Repository/SimpleFormDemoPage/resultNumber' are matched.

2020-07-29 13:41:48 - [MESSAGE][PASSED] - Actual text and expected text of test object 'Object Repository/SimpleFormDemoPage/resultNumber' are matched.

2020-07-29 13:41:48 - [TEST_STEP][PASSED] - closeBrowser(): Browser is closed

2020-07-29 13:41:49 - [MESSAGE][PASSED] - Browser is closed]]></system-out>
         <system-err><![CDATA[]]></system-err>
      </testcase>
      <testcase name="Test Cases/SimpleForm/numberInputSimpleForm" time="13.343" classname="Test Cases/SimpleForm/numberInputSimpleForm" status="PASSED">
         <system-out><![CDATA[2020-07-29 13:41:49 - [TEST_CASE][PASSED] - Test Cases/SimpleForm/numberInputSimpleForm: Test Cases/SimpleForm/numberInputSimpleForm

2020-07-29 13:41:49 - [TEST_STEP][PASSED] - openBrowser(""): Browser is opened with url: ''

2020-07-29 13:41:49 - [MESSAGE][INFO] - Starting 'Chrome' driver

2020-07-29 13:41:49 - [MESSAGE][INFO] - Action delay is set to 0 milliseconds

2020-07-29 13:41:52 - [MESSAGE][PASSED] - Browser is opened with url: ''

2020-07-29 13:41:52 - [TEST_STEP][PASSED] - maximizeWindow(): Current window maximized

2020-07-29 13:41:54 - [MESSAGE][PASSED] - Current window maximized

2020-07-29 13:41:54 - [TEST_STEP][PASSED] - navigateToUrl("https://www.seleniumeasy.com/test/basic-first-form-demo.html"): Navigate to 'https://www.seleniumeasy.com/test/basic-first-form-demo.html' successfully

2020-07-29 13:41:57 - [MESSAGE][PASSED] - Navigate to 'https://www.seleniumeasy.com/test/basic-first-form-demo.html' successfully

2020-07-29 13:41:57 - [TEST_STEP][PASSED] - delay(2): Delayed 2 second(s)

2020-07-29 13:41:59 - [MESSAGE][PASSED] - Delayed 2 second(s)

2020-07-29 13:41:59 - [TEST_STEP][PASSED] - click(findTestObject("TestPage/popupCloseBtn")): Object: 'Object Repository/TestPage/popupCloseBtn' is clicked on

2020-07-29 13:42:00 - [MESSAGE][PASSED] - Object: 'Object Repository/TestPage/popupCloseBtn' is clicked on

2020-07-29 13:42:00 - [TEST_STEP][PASSED] - sendKeys(findTestObject("SimpleFormDemoPage/a_numberInputField"), numberA): Keys '10' sent to object: 'Object Repository/SimpleFormDemoPage/a_numberInputField'

2020-07-29 13:42:00 - [MESSAGE][PASSED] - Keys '10' sent to object: 'Object Repository/SimpleFormDemoPage/a_numberInputField'

2020-07-29 13:42:00 - [TEST_STEP][PASSED] - sendKeys(findTestObject("SimpleFormDemoPage/b_numberInputField"), numberB): Keys 'random' sent to object: 'Object Repository/SimpleFormDemoPage/b_numberInputField'

2020-07-29 13:42:00 - [MESSAGE][PASSED] - Keys 'random' sent to object: 'Object Repository/SimpleFormDemoPage/b_numberInputField'

2020-07-29 13:42:00 - [TEST_STEP][PASSED] - click(findTestObject("SimpleFormDemoPage/getTotalBtn")): Object: 'Object Repository/SimpleFormDemoPage/getTotalBtn' is clicked on

2020-07-29 13:42:01 - [MESSAGE][PASSED] - Object: 'Object Repository/SimpleFormDemoPage/getTotalBtn' is clicked on

2020-07-29 13:42:01 - [TEST_STEP][PASSED] - verifyElementText(findTestObject("SimpleFormDemoPage/resultNumber"), numberResult): Actual text and expected text of test object 'Object Repository/SimpleFormDemoPage/resultNumber' are matched.

2020-07-29 13:42:01 - [MESSAGE][PASSED] - Actual text and expected text of test object 'Object Repository/SimpleFormDemoPage/resultNumber' are matched.

2020-07-29 13:42:01 - [TEST_STEP][PASSED] - closeBrowser(): Browser is closed

2020-07-29 13:42:02 - [MESSAGE][PASSED] - Browser is closed]]></system-out>
         <system-err><![CDATA[]]></system-err>
      </testcase>
      <system-out><![CDATA[2020-07-29 13:39:47 - [TEST_SUITE][PASSED] - SimpleForm: Test Cases/SimpleForm/numberInputSimpleForm]]></system-out>
      <system-err><![CDATA[]]></system-err>
   </testsuite>
</testsuites>
