<?xml version="1.0" encoding="UTF-8"?>
<testsuites name="Navigation" time="60.908" tests="4" failures="0" errors="0">
   <testsuite name="Navigation" tests="4" failures="0" errors="0" time="60.908" timestamp="2020-07-28 13:53:08" hostname="adamz - DESKTOP-9O3DKQB" id="Test Suites/Navigation">
      <properties>
         <property name="deviceName" value=""/>
         <property name="devicePlatform" value=""/>
         <property name="logFolder" value="C:\\Users\\adamz\\git\\seleniumeasy-katalon\\Reports\\20200728_135307\\Navigation\\20200728_135307"/>
         <property name="logFiles" value="C:\\Users\\adamz\\git\\seleniumeasy-katalon\\Reports\\20200728_135307\\Navigation\\20200728_135307\\execution0.log"/>
         <property name="attachments" value=""/>
         <property name="hostName" value="adamz - DESKTOP-9O3DKQB"/>
         <property name="os" value="Windows 10 64bit"/>
         <property name="katalonVersion" value="7.6.2.205"/>
         <property name="browser" value="Chrome 84.0.4147.89"/>
         <property name="hostAddress" value="10.202.0.2"/>
         <property name="sessionId" value="2386cce95f36f779390ce703d1f88ea2"/>
         <property name="seleniumVersion" value="3.141.59"/>
         <property name="proxyInformation" value="ProxyInformation { proxyOption=NO_PROXY, proxyServerType=HTTP, username=, password=********, proxyServerAddress=, proxyServerPort=0, executionList=\&quot;\&quot;, isApplyToDesiredCapabilities=true }"/>
         <property name="platform" value="Windows 10"/>
      </properties>
      <testcase name="Test Cases/NavigateToSimpleFormDemoPage" time="15.813" classname="Test Cases/NavigateToSimpleFormDemoPage" status="PASSED">
         <system-out><![CDATA[2020-07-28 13:53:09 - [TEST_CASE][PASSED] - Test Cases/NavigateToSimpleFormDemoPage: Test Cases/NavigateToSimpleFormDemoPage

2020-07-28 13:53:09 - [TEST_STEP][PASSED] - openBrowser(""): Browser is opened with url: ''

2020-07-28 13:53:09 - [MESSAGE][INFO] - Starting 'Chrome' driver

2020-07-28 13:53:09 - [MESSAGE][INFO] - Action delay is set to 0 milliseconds

2020-07-28 13:53:13 - [MESSAGE][PASSED] - Browser is opened with url: ''

2020-07-28 13:53:13 - [TEST_STEP][PASSED] - maximizeWindow(): Current window maximized

2020-07-28 13:53:15 - [MESSAGE][PASSED] - Current window maximized

2020-07-28 13:53:15 - [TEST_STEP][PASSED] - navigateToUrl("https://www.seleniumeasy.com/test/"): Navigate to 'https://www.seleniumeasy.com/test/' successfully

2020-07-28 13:53:19 - [MESSAGE][PASSED] - Navigate to 'https://www.seleniumeasy.com/test/' successfully

2020-07-28 13:53:19 - [TEST_STEP][PASSED] - delay(2): Delayed 2 second(s)

2020-07-28 13:53:21 - [MESSAGE][PASSED] - Delayed 2 second(s)

2020-07-28 13:53:21 - [TEST_STEP][PASSED] - click(findTestObject("Object Repository/TestPage/popupCloseBtn")): Object: 'Object Repository/TestPage/popupCloseBtn' is clicked on

2020-07-28 13:53:21 - [MESSAGE][PASSED] - Object: 'Object Repository/TestPage/popupCloseBtn' is clicked on

2020-07-28 13:53:21 - [TEST_STEP][PASSED] - click(findTestObject("Object Repository/TestPage/inputFormsMenu")): Object: 'Object Repository/TestPage/inputFormsMenu' is clicked on

2020-07-28 13:53:22 - [MESSAGE][PASSED] - Object: 'Object Repository/TestPage/inputFormsMenu' is clicked on

2020-07-28 13:53:22 - [TEST_STEP][PASSED] - click(findTestObject("Object Repository/TestPage/simpleFormDemoOpt")): Object: 'Object Repository/TestPage/simpleFormDemoOpt' is clicked on

2020-07-28 13:53:23 - [MESSAGE][PASSED] - Object: 'Object Repository/TestPage/simpleFormDemoOpt' is clicked on

2020-07-28 13:53:23 - [TEST_STEP][PASSED] - verifyElementPresent(findTestObject("SimpleFormDemoPage/simpleFormDemoPageHeader"), 0): Object 'Object Repository/SimpleFormDemoPage/simpleFormDemoPageHeader' is present

2020-07-28 13:53:23 - [MESSAGE][WARNING] - Timeout '0' is invalid. Using default page load timeout: '30'

2020-07-28 13:53:24 - [MESSAGE][PASSED] - Object 'Object Repository/SimpleFormDemoPage/simpleFormDemoPageHeader' is present

2020-07-28 13:53:24 - [TEST_STEP][PASSED] - closeBrowser(): Browser is closed

2020-07-28 13:53:24 - [MESSAGE][PASSED] - Browser is closed]]></system-out>
         <system-err><![CDATA[]]></system-err>
      </testcase>
      <testcase name="Test Cases/NavigateToCheckboxDemoPage" time="14.924" classname="Test Cases/NavigateToCheckboxDemoPage" status="PASSED">
         <system-out><![CDATA[2020-07-28 13:53:24 - [TEST_CASE][PASSED] - Test Cases/NavigateToCheckboxDemoPage: Test Cases/NavigateToCheckboxDemoPage

2020-07-28 13:53:25 - [TEST_STEP][PASSED] - openBrowser(""): Browser is opened with url: ''

2020-07-28 13:53:25 - [MESSAGE][INFO] - Starting 'Chrome' driver

2020-07-28 13:53:25 - [MESSAGE][INFO] - Action delay is set to 0 milliseconds

2020-07-28 13:53:28 - [MESSAGE][PASSED] - Browser is opened with url: ''

2020-07-28 13:53:28 - [TEST_STEP][PASSED] - maximizeWindow(): Current window maximized

2020-07-28 13:53:30 - [MESSAGE][PASSED] - Current window maximized

2020-07-28 13:53:30 - [TEST_STEP][PASSED] - navigateToUrl("https://seleniumeasy.com/test"): Navigate to 'https://seleniumeasy.com/test' successfully

2020-07-28 13:53:34 - [MESSAGE][PASSED] - Navigate to 'https://seleniumeasy.com/test' successfully

2020-07-28 13:53:34 - [TEST_STEP][PASSED] - delay(2): Delayed 2 second(s)

2020-07-28 13:53:36 - [MESSAGE][PASSED] - Delayed 2 second(s)

2020-07-28 13:53:36 - [TEST_STEP][PASSED] - click(findTestObject("TestPage/popupCloseBtn")): Object: 'Object Repository/TestPage/popupCloseBtn' is clicked on

2020-07-28 13:53:37 - [MESSAGE][PASSED] - Object: 'Object Repository/TestPage/popupCloseBtn' is clicked on

2020-07-28 13:53:37 - [TEST_STEP][PASSED] - click(findTestObject("TestPage/inputFormsMenu")): Object: 'Object Repository/TestPage/inputFormsMenu' is clicked on

2020-07-28 13:53:37 - [MESSAGE][PASSED] - Object: 'Object Repository/TestPage/inputFormsMenu' is clicked on

2020-07-28 13:53:37 - [TEST_STEP][PASSED] - click(findTestObject("TestPage/checkboxDemoOpt")): Object: 'Object Repository/TestPage/checkboxDemoOpt' is clicked on

2020-07-28 13:53:38 - [MESSAGE][PASSED] - Object: 'Object Repository/TestPage/checkboxDemoOpt' is clicked on

2020-07-28 13:53:38 - [TEST_STEP][PASSED] - verifyElementPresent(findTestObject("CheckboxDemoPage/checkboxDemoHeader"), 0): Object 'Object Repository/CheckboxDemoPage/checkboxDemoHeader' is present

2020-07-28 13:53:38 - [MESSAGE][WARNING] - Timeout '0' is invalid. Using default page load timeout: '30'

2020-07-28 13:53:39 - [MESSAGE][PASSED] - Object 'Object Repository/CheckboxDemoPage/checkboxDemoHeader' is present

2020-07-28 13:53:39 - [TEST_STEP][PASSED] - closeBrowser(): Browser is closed

2020-07-28 13:53:39 - [MESSAGE][PASSED] - Browser is closed]]></system-out>
         <system-err><![CDATA[]]></system-err>
      </testcase>
      <testcase name="Test Cases/NavigateToRadioButtonsDemoPage" time="14.645" classname="Test Cases/NavigateToRadioButtonsDemoPage" status="PASSED">
         <system-out><![CDATA[2020-07-28 13:53:39 - [TEST_CASE][PASSED] - Test Cases/NavigateToRadioButtonsDemoPage: Test Cases/NavigateToRadioButtonsDemoPage

2020-07-28 13:53:39 - [TEST_STEP][PASSED] - openBrowser(""): Browser is opened with url: ''

2020-07-28 13:53:39 - [MESSAGE][INFO] - Starting 'Chrome' driver

2020-07-28 13:53:39 - [MESSAGE][INFO] - Action delay is set to 0 milliseconds

2020-07-28 13:53:43 - [MESSAGE][PASSED] - Browser is opened with url: ''

2020-07-28 13:53:43 - [TEST_STEP][PASSED] - maximizeWindow(): Current window maximized

2020-07-28 13:53:45 - [MESSAGE][PASSED] - Current window maximized

2020-07-28 13:53:45 - [TEST_STEP][PASSED] - navigateToUrl("https://seleniumeasy.com/test"): Navigate to 'https://seleniumeasy.com/test' successfully

2020-07-28 13:53:49 - [MESSAGE][PASSED] - Navigate to 'https://seleniumeasy.com/test' successfully

2020-07-28 13:53:49 - [TEST_STEP][PASSED] - delay(2): Delayed 2 second(s)

2020-07-28 13:53:51 - [MESSAGE][PASSED] - Delayed 2 second(s)

2020-07-28 13:53:51 - [TEST_STEP][PASSED] - click(findTestObject("TestPage/popupCloseBtn")): Object: 'Object Repository/TestPage/popupCloseBtn' is clicked on

2020-07-28 13:53:51 - [MESSAGE][PASSED] - Object: 'Object Repository/TestPage/popupCloseBtn' is clicked on

2020-07-28 13:53:51 - [TEST_STEP][PASSED] - click(findTestObject("TestPage/inputFormsMenu")): Object: 'Object Repository/TestPage/inputFormsMenu' is clicked on

2020-07-28 13:53:52 - [MESSAGE][PASSED] - Object: 'Object Repository/TestPage/inputFormsMenu' is clicked on

2020-07-28 13:53:52 - [TEST_STEP][PASSED] - click(findTestObject("TestPage/radioButtonsDemoOpt")): Object: 'Object Repository/TestPage/radioButtonsDemoOpt' is clicked on

2020-07-28 13:53:53 - [MESSAGE][PASSED] - Object: 'Object Repository/TestPage/radioButtonsDemoOpt' is clicked on

2020-07-28 13:53:53 - [TEST_STEP][PASSED] - verifyElementText(findTestObject("RadioButtonsDemoPage/RadioButtonsPageHeader"), "This is again simple example to start working with radio buttons using Selenium."): Actual text and expected text of test object 'Object Repository/RadioButtonsDemoPage/RadioButtonsPageHeader' are matched.

2020-07-28 13:53:53 - [MESSAGE][PASSED] - Actual text and expected text of test object 'Object Repository/RadioButtonsDemoPage/RadioButtonsPageHeader' are matched.

2020-07-28 13:53:53 - [TEST_STEP][PASSED] - closeBrowser(): Browser is closed

2020-07-28 13:53:54 - [MESSAGE][PASSED] - Browser is closed]]></system-out>
         <system-err><![CDATA[]]></system-err>
      </testcase>
      <testcase name="Test Cases/NavigateToSelectDropdownListPage" time="15.276" classname="Test Cases/NavigateToSelectDropdownListPage" status="PASSED">
         <system-out><![CDATA[2020-07-28 13:53:54 - [TEST_CASE][PASSED] - Test Cases/NavigateToSelectDropdownListPage: Test Cases/NavigateToSelectDropdownListPage

2020-07-28 13:53:54 - [TEST_STEP][PASSED] - openBrowser(""): Browser is opened with url: ''

2020-07-28 13:53:54 - [MESSAGE][INFO] - Starting 'Chrome' driver

2020-07-28 13:53:54 - [MESSAGE][INFO] - Action delay is set to 0 milliseconds

2020-07-28 13:53:57 - [MESSAGE][PASSED] - Browser is opened with url: ''

2020-07-28 13:53:57 - [TEST_STEP][PASSED] - maximizeWindow(): Current window maximized

2020-07-28 13:53:59 - [MESSAGE][PASSED] - Current window maximized

2020-07-28 13:53:59 - [TEST_STEP][PASSED] - navigateToUrl("https://seleniumeasy.com/test"): Navigate to 'https://seleniumeasy.com/test' successfully

2020-07-28 13:54:04 - [MESSAGE][PASSED] - Navigate to 'https://seleniumeasy.com/test' successfully

2020-07-28 13:54:04 - [TEST_STEP][PASSED] - delay(2): Delayed 2 second(s)

2020-07-28 13:54:06 - [MESSAGE][PASSED] - Delayed 2 second(s)

2020-07-28 13:54:06 - [TEST_STEP][PASSED] - click(findTestObject("TestPage/popupCloseBtn")): Object: 'Object Repository/TestPage/popupCloseBtn' is clicked on

2020-07-28 13:54:06 - [MESSAGE][PASSED] - Object: 'Object Repository/TestPage/popupCloseBtn' is clicked on

2020-07-28 13:54:06 - [TEST_STEP][PASSED] - click(findTestObject("TestPage/inputFormsMenu")): Object: 'Object Repository/TestPage/inputFormsMenu' is clicked on

2020-07-28 13:54:07 - [MESSAGE][PASSED] - Object: 'Object Repository/TestPage/inputFormsMenu' is clicked on

2020-07-28 13:54:07 - [TEST_STEP][PASSED] - click(findTestObject("TestPage/selectDropdownListOpt")): Object: 'Object Repository/TestPage/selectDropdownListOpt' is clicked on

2020-07-28 13:54:08 - [MESSAGE][PASSED] - Object: 'Object Repository/TestPage/selectDropdownListOpt' is clicked on

2020-07-28 13:54:08 - [TEST_STEP][PASSED] - verifyElementText(findTestObject("SelectDropdownListPage/selectDropdownListPageHeader"), "This would be your first example on select dropd down list to with Selenium."): Actual text and expected text of test object 'Object Repository/SelectDropdownListPage/selectDropdownListPageHeader' are matched.

2020-07-28 13:54:09 - [MESSAGE][PASSED] - Actual text and expected text of test object 'Object Repository/SelectDropdownListPage/selectDropdownListPageHeader' are matched.

2020-07-28 13:54:09 - [TEST_STEP][PASSED] - closeBrowser(): Browser is closed

2020-07-28 13:54:09 - [MESSAGE][PASSED] - Browser is closed]]></system-out>
         <system-err><![CDATA[]]></system-err>
      </testcase>
      <system-out><![CDATA[2020-07-28 13:53:08 - [TEST_SUITE][PASSED] - Navigation: Test Cases/NavigateToSelectDropdownListPage]]></system-out>
      <system-err><![CDATA[]]></system-err>
   </testsuite>
</testsuites>
