<?xml version="1.0" encoding="UTF-8"?>
<testsuites name="Navigation" time="110.164" tests="7" failures="0" errors="0">
   <testsuite name="Navigation" tests="7" failures="0" errors="0" time="110.164" timestamp="2020-07-29 10:58:49" hostname="adamz - DESKTOP-9O3DKQB" id="Test Suites/Navigation">
      <properties>
         <property name="deviceName" value=""/>
         <property name="devicePlatform" value=""/>
         <property name="logFolder" value="C:\\Users\\adamz\\git\\seleniumeasy-katalon\\Reports\\20200729_105847\\Navigation\\20200729_105847"/>
         <property name="logFiles" value="C:\\Users\\adamz\\git\\seleniumeasy-katalon\\Reports\\20200729_105847\\Navigation\\20200729_105847\\execution0.log"/>
         <property name="attachments" value=""/>
         <property name="hostName" value="adamz - DESKTOP-9O3DKQB"/>
         <property name="os" value="Windows 10 64bit"/>
         <property name="katalonVersion" value="7.6.2.205"/>
         <property name="browser" value="Chrome 84.0.4147.105"/>
         <property name="hostAddress" value="10.202.0.2"/>
         <property name="sessionId" value="6dde111f2d1b99447db606b9808bf5e0"/>
         <property name="seleniumVersion" value="3.141.59"/>
         <property name="proxyInformation" value="ProxyInformation { proxyOption=NO_PROXY, proxyServerType=HTTP, username=, password=********, proxyServerAddress=, proxyServerPort=0, executionList=\&quot;\&quot;, isApplyToDesiredCapabilities=true }"/>
         <property name="platform" value="Windows 10"/>
      </properties>
      <testcase name="Test Cases/NavigateToSimpleFormDemoPage" time="16.804" classname="Test Cases/NavigateToSimpleFormDemoPage" status="PASSED">
         <system-out><![CDATA[2020-07-29 10:58:49 - [TEST_CASE][PASSED] - Test Cases/NavigateToSimpleFormDemoPage: Test Cases/NavigateToSimpleFormDemoPage

2020-07-29 10:58:49 - [TEST_STEP][PASSED] - openBrowser(""): Browser is opened with url: ''

2020-07-29 10:58:49 - [MESSAGE][INFO] - Starting 'Chrome' driver

2020-07-29 10:58:50 - [MESSAGE][INFO] - Action delay is set to 0 milliseconds

2020-07-29 10:58:54 - [MESSAGE][PASSED] - Browser is opened with url: ''

2020-07-29 10:58:54 - [TEST_STEP][PASSED] - maximizeWindow(): Current window maximized

2020-07-29 10:58:56 - [MESSAGE][PASSED] - Current window maximized

2020-07-29 10:58:56 - [TEST_STEP][PASSED] - navigateToUrl("https://www.seleniumeasy.com/test/"): Navigate to 'https://www.seleniumeasy.com/test/' successfully

2020-07-29 10:59:00 - [MESSAGE][PASSED] - Navigate to 'https://www.seleniumeasy.com/test/' successfully

2020-07-29 10:59:00 - [TEST_STEP][PASSED] - delay(2): Delayed 2 second(s)

2020-07-29 10:59:02 - [MESSAGE][PASSED] - Delayed 2 second(s)

2020-07-29 10:59:02 - [TEST_STEP][PASSED] - click(findTestObject("Object Repository/TestPage/popupCloseBtn")): Object: 'Object Repository/TestPage/popupCloseBtn' is clicked on

2020-07-29 10:59:03 - [MESSAGE][PASSED] - Object: 'Object Repository/TestPage/popupCloseBtn' is clicked on

2020-07-29 10:59:03 - [TEST_STEP][PASSED] - click(findTestObject("Object Repository/TestPage/inputFormsMenu")): Object: 'Object Repository/TestPage/inputFormsMenu' is clicked on

2020-07-29 10:59:03 - [MESSAGE][PASSED] - Object: 'Object Repository/TestPage/inputFormsMenu' is clicked on

2020-07-29 10:59:03 - [TEST_STEP][PASSED] - click(findTestObject("Object Repository/TestPage/simpleFormDemoOpt")): Object: 'Object Repository/TestPage/simpleFormDemoOpt' is clicked on

2020-07-29 10:59:04 - [MESSAGE][PASSED] - Object: 'Object Repository/TestPage/simpleFormDemoOpt' is clicked on

2020-07-29 10:59:04 - [TEST_STEP][PASSED] - verifyElementPresent(findTestObject("SimpleFormDemoPage/simpleFormDemoPageHeader"), 0): Object 'Object Repository/SimpleFormDemoPage/simpleFormDemoPageHeader' is present

2020-07-29 10:59:04 - [MESSAGE][WARNING] - Timeout '0' is invalid. Using default page load timeout: '30'

2020-07-29 10:59:05 - [MESSAGE][PASSED] - Object 'Object Repository/SimpleFormDemoPage/simpleFormDemoPageHeader' is present

2020-07-29 10:59:05 - [TEST_STEP][PASSED] - closeBrowser(): Browser is closed

2020-07-29 10:59:06 - [MESSAGE][PASSED] - Browser is closed]]></system-out>
         <system-err><![CDATA[]]></system-err>
      </testcase>
      <testcase name="Test Cases/NavigateToCheckboxDemoPage" time="16.99" classname="Test Cases/NavigateToCheckboxDemoPage" status="PASSED">
         <system-out><![CDATA[2020-07-29 10:59:06 - [TEST_CASE][PASSED] - Test Cases/NavigateToCheckboxDemoPage: Test Cases/NavigateToCheckboxDemoPage

2020-07-29 10:59:06 - [TEST_STEP][PASSED] - openBrowser(""): Browser is opened with url: ''

2020-07-29 10:59:06 - [MESSAGE][INFO] - Starting 'Chrome' driver

2020-07-29 10:59:06 - [MESSAGE][INFO] - Action delay is set to 0 milliseconds

2020-07-29 10:59:09 - [MESSAGE][PASSED] - Browser is opened with url: ''

2020-07-29 10:59:09 - [TEST_STEP][PASSED] - maximizeWindow(): Current window maximized

2020-07-29 10:59:11 - [MESSAGE][PASSED] - Current window maximized

2020-07-29 10:59:11 - [TEST_STEP][PASSED] - navigateToUrl("https://seleniumeasy.com/test"): Navigate to 'https://seleniumeasy.com/test' successfully

2020-07-29 10:59:18 - [MESSAGE][PASSED] - Navigate to 'https://seleniumeasy.com/test' successfully

2020-07-29 10:59:18 - [TEST_STEP][PASSED] - delay(2): Delayed 2 second(s)

2020-07-29 10:59:20 - [MESSAGE][PASSED] - Delayed 2 second(s)

2020-07-29 10:59:20 - [TEST_STEP][PASSED] - click(findTestObject("TestPage/popupCloseBtn")): Object: 'Object Repository/TestPage/popupCloseBtn' is clicked on

2020-07-29 10:59:20 - [MESSAGE][PASSED] - Object: 'Object Repository/TestPage/popupCloseBtn' is clicked on

2020-07-29 10:59:20 - [TEST_STEP][PASSED] - click(findTestObject("TestPage/inputFormsMenu")): Object: 'Object Repository/TestPage/inputFormsMenu' is clicked on

2020-07-29 10:59:20 - [MESSAGE][PASSED] - Object: 'Object Repository/TestPage/inputFormsMenu' is clicked on

2020-07-29 10:59:20 - [TEST_STEP][PASSED] - click(findTestObject("TestPage/checkboxDemoOpt")): Object: 'Object Repository/TestPage/checkboxDemoOpt' is clicked on

2020-07-29 10:59:22 - [MESSAGE][PASSED] - Object: 'Object Repository/TestPage/checkboxDemoOpt' is clicked on

2020-07-29 10:59:22 - [TEST_STEP][PASSED] - verifyElementPresent(findTestObject("CheckboxDemoPage/checkboxDemoHeader"), 0): Object 'Object Repository/CheckboxDemoPage/checkboxDemoHeader' is present

2020-07-29 10:59:22 - [MESSAGE][WARNING] - Timeout '0' is invalid. Using default page load timeout: '30'

2020-07-29 10:59:22 - [MESSAGE][PASSED] - Object 'Object Repository/CheckboxDemoPage/checkboxDemoHeader' is present

2020-07-29 10:59:22 - [TEST_STEP][PASSED] - closeBrowser(): Browser is closed

2020-07-29 10:59:23 - [MESSAGE][PASSED] - Browser is closed]]></system-out>
         <system-err><![CDATA[]]></system-err>
      </testcase>
      <testcase name="Test Cases/NavigateToRadioButtonsDemoPage" time="14.985" classname="Test Cases/NavigateToRadioButtonsDemoPage" status="PASSED">
         <system-out><![CDATA[2020-07-29 10:59:23 - [TEST_CASE][PASSED] - Test Cases/NavigateToRadioButtonsDemoPage: Test Cases/NavigateToRadioButtonsDemoPage

2020-07-29 10:59:23 - [TEST_STEP][PASSED] - openBrowser(""): Browser is opened with url: ''

2020-07-29 10:59:23 - [MESSAGE][INFO] - Starting 'Chrome' driver

2020-07-29 10:59:23 - [MESSAGE][INFO] - Action delay is set to 0 milliseconds

2020-07-29 10:59:26 - [MESSAGE][PASSED] - Browser is opened with url: ''

2020-07-29 10:59:26 - [TEST_STEP][PASSED] - maximizeWindow(): Current window maximized

2020-07-29 10:59:28 - [MESSAGE][PASSED] - Current window maximized

2020-07-29 10:59:28 - [TEST_STEP][PASSED] - navigateToUrl("https://seleniumeasy.com/test"): Navigate to 'https://seleniumeasy.com/test' successfully

2020-07-29 10:59:32 - [MESSAGE][PASSED] - Navigate to 'https://seleniumeasy.com/test' successfully

2020-07-29 10:59:32 - [TEST_STEP][PASSED] - delay(2): Delayed 2 second(s)

2020-07-29 10:59:34 - [MESSAGE][PASSED] - Delayed 2 second(s)

2020-07-29 10:59:34 - [TEST_STEP][PASSED] - click(findTestObject("TestPage/popupCloseBtn")): Object: 'Object Repository/TestPage/popupCloseBtn' is clicked on

2020-07-29 10:59:35 - [MESSAGE][PASSED] - Object: 'Object Repository/TestPage/popupCloseBtn' is clicked on

2020-07-29 10:59:35 - [TEST_STEP][PASSED] - click(findTestObject("TestPage/inputFormsMenu")): Object: 'Object Repository/TestPage/inputFormsMenu' is clicked on

2020-07-29 10:59:36 - [MESSAGE][PASSED] - Object: 'Object Repository/TestPage/inputFormsMenu' is clicked on

2020-07-29 10:59:36 - [TEST_STEP][PASSED] - click(findTestObject("TestPage/radioButtonsDemoOpt")): Object: 'Object Repository/TestPage/radioButtonsDemoOpt' is clicked on

2020-07-29 10:59:37 - [MESSAGE][PASSED] - Object: 'Object Repository/TestPage/radioButtonsDemoOpt' is clicked on

2020-07-29 10:59:37 - [TEST_STEP][PASSED] - verifyElementText(findTestObject("RadioButtonsDemoPage/RadioButtonsPageHeader"), "This is again simple example to start working with radio buttons using Selenium."): Actual text and expected text of test object 'Object Repository/RadioButtonsDemoPage/RadioButtonsPageHeader' are matched.

2020-07-29 10:59:37 - [MESSAGE][PASSED] - Actual text and expected text of test object 'Object Repository/RadioButtonsDemoPage/RadioButtonsPageHeader' are matched.

2020-07-29 10:59:37 - [TEST_STEP][PASSED] - closeBrowser(): Browser is closed

2020-07-29 10:59:38 - [MESSAGE][PASSED] - Browser is closed]]></system-out>
         <system-err><![CDATA[]]></system-err>
      </testcase>
      <testcase name="Test Cases/NavigateToSelectDropdownListPage" time="15.242" classname="Test Cases/NavigateToSelectDropdownListPage" status="PASSED">
         <system-out><![CDATA[2020-07-29 10:59:38 - [TEST_CASE][PASSED] - Test Cases/NavigateToSelectDropdownListPage: Test Cases/NavigateToSelectDropdownListPage

2020-07-29 10:59:38 - [TEST_STEP][PASSED] - openBrowser(""): Browser is opened with url: ''

2020-07-29 10:59:38 - [MESSAGE][INFO] - Starting 'Chrome' driver

2020-07-29 10:59:38 - [MESSAGE][INFO] - Action delay is set to 0 milliseconds

2020-07-29 10:59:41 - [MESSAGE][PASSED] - Browser is opened with url: ''

2020-07-29 10:59:41 - [TEST_STEP][PASSED] - maximizeWindow(): Current window maximized

2020-07-29 10:59:43 - [MESSAGE][PASSED] - Current window maximized

2020-07-29 10:59:43 - [TEST_STEP][PASSED] - navigateToUrl("https://seleniumeasy.com/test"): Navigate to 'https://seleniumeasy.com/test' successfully

2020-07-29 10:59:48 - [MESSAGE][PASSED] - Navigate to 'https://seleniumeasy.com/test' successfully

2020-07-29 10:59:48 - [TEST_STEP][PASSED] - delay(2): Delayed 2 second(s)

2020-07-29 10:59:50 - [MESSAGE][PASSED] - Delayed 2 second(s)

2020-07-29 10:59:50 - [TEST_STEP][PASSED] - click(findTestObject("TestPage/popupCloseBtn")): Object: 'Object Repository/TestPage/popupCloseBtn' is clicked on

2020-07-29 10:59:50 - [MESSAGE][PASSED] - Object: 'Object Repository/TestPage/popupCloseBtn' is clicked on

2020-07-29 10:59:50 - [TEST_STEP][PASSED] - click(findTestObject("TestPage/inputFormsMenu")): Object: 'Object Repository/TestPage/inputFormsMenu' is clicked on

2020-07-29 10:59:51 - [MESSAGE][PASSED] - Object: 'Object Repository/TestPage/inputFormsMenu' is clicked on

2020-07-29 10:59:51 - [TEST_STEP][PASSED] - click(findTestObject("TestPage/selectDropdownListOpt")): Object: 'Object Repository/TestPage/selectDropdownListOpt' is clicked on

2020-07-29 10:59:52 - [MESSAGE][PASSED] - Object: 'Object Repository/TestPage/selectDropdownListOpt' is clicked on

2020-07-29 10:59:52 - [TEST_STEP][PASSED] - verifyElementText(findTestObject("SelectDropdownListPage/selectDropdownListPageHeader"), "This would be your first example on select dropd down list to with Selenium."): Actual text and expected text of test object 'Object Repository/SelectDropdownListPage/selectDropdownListPageHeader' are matched.

2020-07-29 10:59:52 - [MESSAGE][PASSED] - Actual text and expected text of test object 'Object Repository/SelectDropdownListPage/selectDropdownListPageHeader' are matched.

2020-07-29 10:59:52 - [TEST_STEP][PASSED] - closeBrowser(): Browser is closed

2020-07-29 10:59:53 - [MESSAGE][PASSED] - Browser is closed]]></system-out>
         <system-err><![CDATA[]]></system-err>
      </testcase>
      <testcase name="Test Cases/NavigateToInputFormSubmitPage" time="15.518" classname="Test Cases/NavigateToInputFormSubmitPage" status="PASSED">
         <system-out><![CDATA[2020-07-29 10:59:53 - [TEST_CASE][PASSED] - Test Cases/NavigateToInputFormSubmitPage: Test Cases/NavigateToInputFormSubmitPage

2020-07-29 10:59:53 - [TEST_STEP][PASSED] - openBrowser(""): Browser is opened with url: ''

2020-07-29 10:59:53 - [MESSAGE][INFO] - Starting 'Chrome' driver

2020-07-29 10:59:53 - [MESSAGE][INFO] - Action delay is set to 0 milliseconds

2020-07-29 10:59:56 - [MESSAGE][PASSED] - Browser is opened with url: ''

2020-07-29 10:59:56 - [TEST_STEP][PASSED] - maximizeWindow(): Current window maximized

2020-07-29 10:59:58 - [MESSAGE][PASSED] - Current window maximized

2020-07-29 10:59:58 - [TEST_STEP][PASSED] - navigateToUrl("https://seleniumeasy.com/test"): Navigate to 'https://seleniumeasy.com/test' successfully

2020-07-29 11:00:03 - [MESSAGE][PASSED] - Navigate to 'https://seleniumeasy.com/test' successfully

2020-07-29 11:00:03 - [TEST_STEP][PASSED] - delay(2): Delayed 2 second(s)

2020-07-29 11:00:05 - [MESSAGE][PASSED] - Delayed 2 second(s)

2020-07-29 11:00:05 - [TEST_STEP][PASSED] - click(findTestObject("TestPage/popupCloseBtn")): Object: 'Object Repository/TestPage/popupCloseBtn' is clicked on

2020-07-29 11:00:06 - [MESSAGE][PASSED] - Object: 'Object Repository/TestPage/popupCloseBtn' is clicked on

2020-07-29 11:00:06 - [TEST_STEP][PASSED] - click(findTestObject("TestPage/inputFormsMenu")): Object: 'Object Repository/TestPage/inputFormsMenu' is clicked on

2020-07-29 11:00:06 - [MESSAGE][PASSED] - Object: 'Object Repository/TestPage/inputFormsMenu' is clicked on

2020-07-29 11:00:06 - [TEST_STEP][PASSED] - click(findTestObject("TestPage/inputFormSubmitOpt")): Object: 'Object Repository/TestPage/inputFormSubmitOpt' is clicked on

2020-07-29 11:00:07 - [MESSAGE][PASSED] - Object: 'Object Repository/TestPage/inputFormSubmitOpt' is clicked on

2020-07-29 11:00:07 - [TEST_STEP][PASSED] - verifyElementText(findTestObject("ImputFormSubmitPage/inputFormSumbitPageHeader"), "Input form with validations"): Actual text and expected text of test object 'Object Repository/ImputFormSubmitPage/inputFormSumbitPageHeader' are matched.

2020-07-29 11:00:08 - [MESSAGE][PASSED] - Actual text and expected text of test object 'Object Repository/ImputFormSubmitPage/inputFormSumbitPageHeader' are matched.

2020-07-29 11:00:08 - [TEST_STEP][PASSED] - closeBrowser(): Browser is closed

2020-07-29 11:00:08 - [MESSAGE][PASSED] - Browser is closed]]></system-out>
         <system-err><![CDATA[]]></system-err>
      </testcase>
      <testcase name="Test Cases/NavigateToAjaxFormSumbitPage" time="15.157" classname="Test Cases/NavigateToAjaxFormSumbitPage" status="PASSED">
         <system-out><![CDATA[2020-07-29 11:00:08 - [TEST_CASE][PASSED] - Test Cases/NavigateToAjaxFormSumbitPage: Test Cases/NavigateToAjaxFormSumbitPage

2020-07-29 11:00:09 - [TEST_STEP][PASSED] - openBrowser(""): Browser is opened with url: ''

2020-07-29 11:00:09 - [MESSAGE][INFO] - Starting 'Chrome' driver

2020-07-29 11:00:09 - [MESSAGE][INFO] - Action delay is set to 0 milliseconds

2020-07-29 11:00:12 - [MESSAGE][PASSED] - Browser is opened with url: ''

2020-07-29 11:00:12 - [TEST_STEP][PASSED] - maximizeWindow(): Current window maximized

2020-07-29 11:00:14 - [MESSAGE][PASSED] - Current window maximized

2020-07-29 11:00:14 - [TEST_STEP][PASSED] - navigateToUrl("https://seleniumeasy.com/test"): Navigate to 'https://seleniumeasy.com/test' successfully

2020-07-29 11:00:18 - [MESSAGE][PASSED] - Navigate to 'https://seleniumeasy.com/test' successfully

2020-07-29 11:00:18 - [TEST_STEP][PASSED] - delay(2): Delayed 2 second(s)

2020-07-29 11:00:20 - [MESSAGE][PASSED] - Delayed 2 second(s)

2020-07-29 11:00:20 - [TEST_STEP][PASSED] - click(findTestObject("TestPage/popupCloseBtn")): Object: 'Object Repository/TestPage/popupCloseBtn' is clicked on

2020-07-29 11:00:21 - [MESSAGE][PASSED] - Object: 'Object Repository/TestPage/popupCloseBtn' is clicked on

2020-07-29 11:00:21 - [TEST_STEP][PASSED] - click(findTestObject("TestPage/inputFormsMenu")): Object: 'Object Repository/TestPage/inputFormsMenu' is clicked on

2020-07-29 11:00:22 - [MESSAGE][PASSED] - Object: 'Object Repository/TestPage/inputFormsMenu' is clicked on

2020-07-29 11:00:22 - [TEST_STEP][PASSED] - click(findTestObject("TestPage/ajaxFormSubmitOpt")): Object: 'Object Repository/TestPage/ajaxFormSubmitOpt' is clicked on

2020-07-29 11:00:23 - [MESSAGE][PASSED] - Object: 'Object Repository/TestPage/ajaxFormSubmitOpt' is clicked on

2020-07-29 11:00:23 - [TEST_STEP][PASSED] - verifyElementVisible(findTestObject("AjaxFormSubmitPage/ajaxFormSubmitPageHeader")): Object 'Object Repository/AjaxFormSubmitPage/ajaxFormSubmitPageHeader' is visible

2020-07-29 11:00:23 - [MESSAGE][PASSED] - Object 'Object Repository/AjaxFormSubmitPage/ajaxFormSubmitPageHeader' is visible

2020-07-29 11:00:23 - [TEST_STEP][PASSED] - closeBrowser(): Browser is closed

2020-07-29 11:00:24 - [MESSAGE][PASSED] - Browser is closed]]></system-out>
         <system-err><![CDATA[]]></system-err>
      </testcase>
      <testcase name="Test Cases/NavigateToJQuerySelectDropdownPage" time="15.112" classname="Test Cases/NavigateToJQuerySelectDropdownPage" status="PASSED">
         <system-out><![CDATA[2020-07-29 11:00:24 - [TEST_CASE][PASSED] - Test Cases/NavigateToJQuerySelectDropdownPage: Test Cases/NavigateToJQuerySelectDropdownPage

2020-07-29 11:00:24 - [TEST_STEP][PASSED] - openBrowser(""): Browser is opened with url: ''

2020-07-29 11:00:24 - [MESSAGE][INFO] - Starting 'Chrome' driver

2020-07-29 11:00:24 - [MESSAGE][INFO] - Action delay is set to 0 milliseconds

2020-07-29 11:00:27 - [MESSAGE][PASSED] - Browser is opened with url: ''

2020-07-29 11:00:27 - [TEST_STEP][PASSED] - maximizeWindow(): Current window maximized

2020-07-29 11:00:29 - [MESSAGE][PASSED] - Current window maximized

2020-07-29 11:00:29 - [TEST_STEP][PASSED] - navigateToUrl("https://seleniumeasy.com/test"): Navigate to 'https://seleniumeasy.com/test' successfully

2020-07-29 11:00:33 - [MESSAGE][PASSED] - Navigate to 'https://seleniumeasy.com/test' successfully

2020-07-29 11:00:33 - [TEST_STEP][PASSED] - delay(2): Delayed 2 second(s)

2020-07-29 11:00:35 - [MESSAGE][PASSED] - Delayed 2 second(s)

2020-07-29 11:00:35 - [TEST_STEP][PASSED] - click(findTestObject("TestPage/popupCloseBtn")): Object: 'Object Repository/TestPage/popupCloseBtn' is clicked on

2020-07-29 11:00:36 - [MESSAGE][PASSED] - Object: 'Object Repository/TestPage/popupCloseBtn' is clicked on

2020-07-29 11:00:36 - [TEST_STEP][PASSED] - click(findTestObject("TestPage/inputFormsMenu")): Object: 'Object Repository/TestPage/inputFormsMenu' is clicked on

2020-07-29 11:00:36 - [MESSAGE][PASSED] - Object: 'Object Repository/TestPage/inputFormsMenu' is clicked on

2020-07-29 11:00:36 - [TEST_STEP][PASSED] - click(findTestObject("TestPage/jQuerySelectDropdownOpt")): Object: 'Object Repository/TestPage/jQuerySelectDropdownOpt' is clicked on

2020-07-29 11:00:38 - [MESSAGE][PASSED] - Object: 'Object Repository/TestPage/jQuerySelectDropdownOpt' is clicked on

2020-07-29 11:00:38 - [TEST_STEP][PASSED] - verifyElementPresent(findTestObject("JQuerySelectDropdownPage/jQuerySelectDropdownPageHeader"), 0): Object 'Object Repository/JQuerySelectDropdownPage/jQuerySelectDropdownPageHeader' is present

2020-07-29 11:00:38 - [MESSAGE][WARNING] - Timeout '0' is invalid. Using default page load timeout: '30'

2020-07-29 11:00:38 - [MESSAGE][PASSED] - Object 'Object Repository/JQuerySelectDropdownPage/jQuerySelectDropdownPageHeader' is present

2020-07-29 11:00:38 - [TEST_STEP][PASSED] - closeBrowser(): Browser is closed

2020-07-29 11:00:39 - [MESSAGE][PASSED] - Browser is closed]]></system-out>
         <system-err><![CDATA[]]></system-err>
      </testcase>
      <system-out><![CDATA[2020-07-29 10:58:49 - [TEST_SUITE][PASSED] - Navigation: Test Cases/NavigateToJQuerySelectDropdownPage]]></system-out>
      <system-err><![CDATA[]]></system-err>
   </testsuite>
</testsuites>
