<?xml version="1.0" encoding="UTF-8"?>
<testsuites name="Navigation" time="107.108" tests="7" failures="0" errors="0">
   <testsuite name="Navigation" tests="7" failures="0" errors="0" time="107.108" timestamp="2020-07-28 14:22:48" hostname="adamz - DESKTOP-9O3DKQB" id="Test Suites/Navigation">
      <properties>
         <property name="deviceName" value=""/>
         <property name="devicePlatform" value=""/>
         <property name="logFolder" value="C:\\Users\\adamz\\git\\seleniumeasy-katalon\\Reports\\20200728_142246\\Navigation\\20200728_142246"/>
         <property name="logFiles" value="C:\\Users\\adamz\\git\\seleniumeasy-katalon\\Reports\\20200728_142246\\Navigation\\20200728_142246\\execution0.log"/>
         <property name="attachments" value=""/>
         <property name="hostName" value="adamz - DESKTOP-9O3DKQB"/>
         <property name="os" value="Windows 10 64bit"/>
         <property name="katalonVersion" value="7.6.2.205"/>
         <property name="browser" value="Chrome 84.0.4147.89"/>
         <property name="hostAddress" value="10.202.0.2"/>
         <property name="sessionId" value="999cdae92a8f250a625f34e81443793d"/>
         <property name="seleniumVersion" value="3.141.59"/>
         <property name="proxyInformation" value="ProxyInformation { proxyOption=NO_PROXY, proxyServerType=HTTP, username=, password=********, proxyServerAddress=, proxyServerPort=0, executionList=\&quot;\&quot;, isApplyToDesiredCapabilities=true }"/>
         <property name="platform" value="Windows 10"/>
      </properties>
      <testcase name="Test Cases/NavigateToSimpleFormDemoPage" time="16.306" classname="Test Cases/NavigateToSimpleFormDemoPage" status="PASSED">
         <system-out><![CDATA[2020-07-28 14:22:48 - [TEST_CASE][PASSED] - Test Cases/NavigateToSimpleFormDemoPage: Test Cases/NavigateToSimpleFormDemoPage

2020-07-28 14:22:48 - [TEST_STEP][PASSED] - openBrowser(""): Browser is opened with url: ''

2020-07-28 14:22:49 - [MESSAGE][INFO] - Starting 'Chrome' driver

2020-07-28 14:22:49 - [MESSAGE][INFO] - Action delay is set to 0 milliseconds

2020-07-28 14:22:53 - [MESSAGE][PASSED] - Browser is opened with url: ''

2020-07-28 14:22:53 - [TEST_STEP][PASSED] - maximizeWindow(): Current window maximized

2020-07-28 14:22:55 - [MESSAGE][PASSED] - Current window maximized

2020-07-28 14:22:55 - [TEST_STEP][PASSED] - navigateToUrl("https://www.seleniumeasy.com/test/"): Navigate to 'https://www.seleniumeasy.com/test/' successfully

2020-07-28 14:22:58 - [MESSAGE][PASSED] - Navigate to 'https://www.seleniumeasy.com/test/' successfully

2020-07-28 14:22:58 - [TEST_STEP][PASSED] - delay(2): Delayed 2 second(s)

2020-07-28 14:23:00 - [MESSAGE][PASSED] - Delayed 2 second(s)

2020-07-28 14:23:00 - [TEST_STEP][PASSED] - click(findTestObject("Object Repository/TestPage/popupCloseBtn")): Object: 'Object Repository/TestPage/popupCloseBtn' is clicked on

2020-07-28 14:23:02 - [MESSAGE][PASSED] - Object: 'Object Repository/TestPage/popupCloseBtn' is clicked on

2020-07-28 14:23:02 - [TEST_STEP][PASSED] - click(findTestObject("Object Repository/TestPage/inputFormsMenu")): Object: 'Object Repository/TestPage/inputFormsMenu' is clicked on

2020-07-28 14:23:02 - [MESSAGE][PASSED] - Object: 'Object Repository/TestPage/inputFormsMenu' is clicked on

2020-07-28 14:23:02 - [TEST_STEP][PASSED] - click(findTestObject("Object Repository/TestPage/simpleFormDemoOpt")): Object: 'Object Repository/TestPage/simpleFormDemoOpt' is clicked on

2020-07-28 14:23:03 - [MESSAGE][PASSED] - Object: 'Object Repository/TestPage/simpleFormDemoOpt' is clicked on

2020-07-28 14:23:03 - [TEST_STEP][PASSED] - verifyElementPresent(findTestObject("SimpleFormDemoPage/simpleFormDemoPageHeader"), 0): Object 'Object Repository/SimpleFormDemoPage/simpleFormDemoPageHeader' is present

2020-07-28 14:23:03 - [MESSAGE][WARNING] - Timeout '0' is invalid. Using default page load timeout: '30'

2020-07-28 14:23:04 - [MESSAGE][PASSED] - Object 'Object Repository/SimpleFormDemoPage/simpleFormDemoPageHeader' is present

2020-07-28 14:23:04 - [TEST_STEP][PASSED] - closeBrowser(): Browser is closed

2020-07-28 14:23:04 - [MESSAGE][PASSED] - Browser is closed]]></system-out>
         <system-err><![CDATA[]]></system-err>
      </testcase>
      <testcase name="Test Cases/NavigateToCheckboxDemoPage" time="15.319" classname="Test Cases/NavigateToCheckboxDemoPage" status="PASSED">
         <system-out><![CDATA[2020-07-28 14:23:05 - [TEST_CASE][PASSED] - Test Cases/NavigateToCheckboxDemoPage: Test Cases/NavigateToCheckboxDemoPage

2020-07-28 14:23:05 - [TEST_STEP][PASSED] - openBrowser(""): Browser is opened with url: ''

2020-07-28 14:23:05 - [MESSAGE][INFO] - Starting 'Chrome' driver

2020-07-28 14:23:05 - [MESSAGE][INFO] - Action delay is set to 0 milliseconds

2020-07-28 14:23:08 - [MESSAGE][PASSED] - Browser is opened with url: ''

2020-07-28 14:23:08 - [TEST_STEP][PASSED] - maximizeWindow(): Current window maximized

2020-07-28 14:23:10 - [MESSAGE][PASSED] - Current window maximized

2020-07-28 14:23:10 - [TEST_STEP][PASSED] - navigateToUrl("https://seleniumeasy.com/test"): Navigate to 'https://seleniumeasy.com/test' successfully

2020-07-28 14:23:15 - [MESSAGE][PASSED] - Navigate to 'https://seleniumeasy.com/test' successfully

2020-07-28 14:23:15 - [TEST_STEP][PASSED] - delay(2): Delayed 2 second(s)

2020-07-28 14:23:17 - [MESSAGE][PASSED] - Delayed 2 second(s)

2020-07-28 14:23:17 - [TEST_STEP][PASSED] - click(findTestObject("TestPage/popupCloseBtn")): Object: 'Object Repository/TestPage/popupCloseBtn' is clicked on

2020-07-28 14:23:17 - [MESSAGE][PASSED] - Object: 'Object Repository/TestPage/popupCloseBtn' is clicked on

2020-07-28 14:23:17 - [TEST_STEP][PASSED] - click(findTestObject("TestPage/inputFormsMenu")): Object: 'Object Repository/TestPage/inputFormsMenu' is clicked on

2020-07-28 14:23:18 - [MESSAGE][PASSED] - Object: 'Object Repository/TestPage/inputFormsMenu' is clicked on

2020-07-28 14:23:18 - [TEST_STEP][PASSED] - click(findTestObject("TestPage/checkboxDemoOpt")): Object: 'Object Repository/TestPage/checkboxDemoOpt' is clicked on

2020-07-28 14:23:19 - [MESSAGE][PASSED] - Object: 'Object Repository/TestPage/checkboxDemoOpt' is clicked on

2020-07-28 14:23:19 - [TEST_STEP][PASSED] - verifyElementPresent(findTestObject("CheckboxDemoPage/checkboxDemoHeader"), 0): Object 'Object Repository/CheckboxDemoPage/checkboxDemoHeader' is present

2020-07-28 14:23:19 - [MESSAGE][WARNING] - Timeout '0' is invalid. Using default page load timeout: '30'

2020-07-28 14:23:19 - [MESSAGE][PASSED] - Object 'Object Repository/CheckboxDemoPage/checkboxDemoHeader' is present

2020-07-28 14:23:19 - [TEST_STEP][PASSED] - closeBrowser(): Browser is closed

2020-07-28 14:23:20 - [MESSAGE][PASSED] - Browser is closed]]></system-out>
         <system-err><![CDATA[]]></system-err>
      </testcase>
      <testcase name="Test Cases/NavigateToRadioButtonsDemoPage" time="14.998" classname="Test Cases/NavigateToRadioButtonsDemoPage" status="PASSED">
         <system-out><![CDATA[2020-07-28 14:23:20 - [TEST_CASE][PASSED] - Test Cases/NavigateToRadioButtonsDemoPage: Test Cases/NavigateToRadioButtonsDemoPage

2020-07-28 14:23:20 - [TEST_STEP][PASSED] - openBrowser(""): Browser is opened with url: ''

2020-07-28 14:23:20 - [MESSAGE][INFO] - Starting 'Chrome' driver

2020-07-28 14:23:20 - [MESSAGE][INFO] - Action delay is set to 0 milliseconds

2020-07-28 14:23:23 - [MESSAGE][PASSED] - Browser is opened with url: ''

2020-07-28 14:23:23 - [TEST_STEP][PASSED] - maximizeWindow(): Current window maximized

2020-07-28 14:23:25 - [MESSAGE][PASSED] - Current window maximized

2020-07-28 14:23:25 - [TEST_STEP][PASSED] - navigateToUrl("https://seleniumeasy.com/test"): Navigate to 'https://seleniumeasy.com/test' successfully

2020-07-28 14:23:30 - [MESSAGE][PASSED] - Navigate to 'https://seleniumeasy.com/test' successfully

2020-07-28 14:23:30 - [TEST_STEP][PASSED] - delay(2): Delayed 2 second(s)

2020-07-28 14:23:32 - [MESSAGE][PASSED] - Delayed 2 second(s)

2020-07-28 14:23:32 - [TEST_STEP][PASSED] - click(findTestObject("TestPage/popupCloseBtn")): Object: 'Object Repository/TestPage/popupCloseBtn' is clicked on

2020-07-28 14:23:32 - [MESSAGE][PASSED] - Object: 'Object Repository/TestPage/popupCloseBtn' is clicked on

2020-07-28 14:23:32 - [TEST_STEP][PASSED] - click(findTestObject("TestPage/inputFormsMenu")): Object: 'Object Repository/TestPage/inputFormsMenu' is clicked on

2020-07-28 14:23:33 - [MESSAGE][PASSED] - Object: 'Object Repository/TestPage/inputFormsMenu' is clicked on

2020-07-28 14:23:33 - [TEST_STEP][PASSED] - click(findTestObject("TestPage/radioButtonsDemoOpt")): Object: 'Object Repository/TestPage/radioButtonsDemoOpt' is clicked on

2020-07-28 14:23:34 - [MESSAGE][PASSED] - Object: 'Object Repository/TestPage/radioButtonsDemoOpt' is clicked on

2020-07-28 14:23:34 - [TEST_STEP][PASSED] - verifyElementText(findTestObject("RadioButtonsDemoPage/RadioButtonsPageHeader"), "This is again simple example to start working with radio buttons using Selenium."): Actual text and expected text of test object 'Object Repository/RadioButtonsDemoPage/RadioButtonsPageHeader' are matched.

2020-07-28 14:23:34 - [MESSAGE][PASSED] - Actual text and expected text of test object 'Object Repository/RadioButtonsDemoPage/RadioButtonsPageHeader' are matched.

2020-07-28 14:23:34 - [TEST_STEP][PASSED] - closeBrowser(): Browser is closed

2020-07-28 14:23:35 - [MESSAGE][PASSED] - Browser is closed]]></system-out>
         <system-err><![CDATA[]]></system-err>
      </testcase>
      <testcase name="Test Cases/NavigateToSelectDropdownListPage" time="14.861" classname="Test Cases/NavigateToSelectDropdownListPage" status="PASSED">
         <system-out><![CDATA[2020-07-28 14:23:35 - [TEST_CASE][PASSED] - Test Cases/NavigateToSelectDropdownListPage: Test Cases/NavigateToSelectDropdownListPage

2020-07-28 14:23:35 - [TEST_STEP][PASSED] - openBrowser(""): Browser is opened with url: ''

2020-07-28 14:23:35 - [MESSAGE][INFO] - Starting 'Chrome' driver

2020-07-28 14:23:35 - [MESSAGE][INFO] - Action delay is set to 0 milliseconds

2020-07-28 14:23:38 - [MESSAGE][PASSED] - Browser is opened with url: ''

2020-07-28 14:23:38 - [TEST_STEP][PASSED] - maximizeWindow(): Current window maximized

2020-07-28 14:23:40 - [MESSAGE][PASSED] - Current window maximized

2020-07-28 14:23:40 - [TEST_STEP][PASSED] - navigateToUrl("https://seleniumeasy.com/test"): Navigate to 'https://seleniumeasy.com/test' successfully

2020-07-28 14:23:44 - [MESSAGE][PASSED] - Navigate to 'https://seleniumeasy.com/test' successfully

2020-07-28 14:23:44 - [TEST_STEP][PASSED] - delay(2): Delayed 2 second(s)

2020-07-28 14:23:46 - [MESSAGE][PASSED] - Delayed 2 second(s)

2020-07-28 14:23:46 - [TEST_STEP][PASSED] - click(findTestObject("TestPage/popupCloseBtn")): Object: 'Object Repository/TestPage/popupCloseBtn' is clicked on

2020-07-28 14:23:47 - [MESSAGE][PASSED] - Object: 'Object Repository/TestPage/popupCloseBtn' is clicked on

2020-07-28 14:23:47 - [TEST_STEP][PASSED] - click(findTestObject("TestPage/inputFormsMenu")): Object: 'Object Repository/TestPage/inputFormsMenu' is clicked on

2020-07-28 14:23:47 - [MESSAGE][PASSED] - Object: 'Object Repository/TestPage/inputFormsMenu' is clicked on

2020-07-28 14:23:47 - [TEST_STEP][PASSED] - click(findTestObject("TestPage/selectDropdownListOpt")): Object: 'Object Repository/TestPage/selectDropdownListOpt' is clicked on

2020-07-28 14:23:49 - [MESSAGE][PASSED] - Object: 'Object Repository/TestPage/selectDropdownListOpt' is clicked on

2020-07-28 14:23:49 - [TEST_STEP][PASSED] - verifyElementText(findTestObject("SelectDropdownListPage/selectDropdownListPageHeader"), "This would be your first example on select dropd down list to with Selenium."): Actual text and expected text of test object 'Object Repository/SelectDropdownListPage/selectDropdownListPageHeader' are matched.

2020-07-28 14:23:49 - [MESSAGE][PASSED] - Actual text and expected text of test object 'Object Repository/SelectDropdownListPage/selectDropdownListPageHeader' are matched.

2020-07-28 14:23:49 - [TEST_STEP][PASSED] - closeBrowser(): Browser is closed

2020-07-28 14:23:50 - [MESSAGE][PASSED] - Browser is closed]]></system-out>
         <system-err><![CDATA[]]></system-err>
      </testcase>
      <testcase name="Test Cases/NavigateToInputFormSubmitPage" time="15.126" classname="Test Cases/NavigateToInputFormSubmitPage" status="PASSED">
         <system-out><![CDATA[2020-07-28 14:23:50 - [TEST_CASE][PASSED] - Test Cases/NavigateToInputFormSubmitPage: Test Cases/NavigateToInputFormSubmitPage

2020-07-28 14:23:50 - [TEST_STEP][PASSED] - openBrowser(""): Browser is opened with url: ''

2020-07-28 14:23:50 - [MESSAGE][INFO] - Starting 'Chrome' driver

2020-07-28 14:23:50 - [MESSAGE][INFO] - Action delay is set to 0 milliseconds

2020-07-28 14:23:53 - [MESSAGE][PASSED] - Browser is opened with url: ''

2020-07-28 14:23:53 - [TEST_STEP][PASSED] - maximizeWindow(): Current window maximized

2020-07-28 14:23:55 - [MESSAGE][PASSED] - Current window maximized

2020-07-28 14:23:55 - [TEST_STEP][PASSED] - navigateToUrl("https://seleniumeasy.com/test"): Navigate to 'https://seleniumeasy.com/test' successfully

2020-07-28 14:23:59 - [MESSAGE][PASSED] - Navigate to 'https://seleniumeasy.com/test' successfully

2020-07-28 14:23:59 - [TEST_STEP][PASSED] - delay(2): Delayed 2 second(s)

2020-07-28 14:24:01 - [MESSAGE][PASSED] - Delayed 2 second(s)

2020-07-28 14:24:01 - [TEST_STEP][PASSED] - click(findTestObject("TestPage/popupCloseBtn")): Object: 'Object Repository/TestPage/popupCloseBtn' is clicked on

2020-07-28 14:24:02 - [MESSAGE][PASSED] - Object: 'Object Repository/TestPage/popupCloseBtn' is clicked on

2020-07-28 14:24:02 - [TEST_STEP][PASSED] - click(findTestObject("TestPage/inputFormsMenu")): Object: 'Object Repository/TestPage/inputFormsMenu' is clicked on

2020-07-28 14:24:02 - [MESSAGE][PASSED] - Object: 'Object Repository/TestPage/inputFormsMenu' is clicked on

2020-07-28 14:24:02 - [TEST_STEP][PASSED] - click(findTestObject("TestPage/inputFormSubmitOpt")): Object: 'Object Repository/TestPage/inputFormSubmitOpt' is clicked on

2020-07-28 14:24:04 - [MESSAGE][PASSED] - Object: 'Object Repository/TestPage/inputFormSubmitOpt' is clicked on

2020-07-28 14:24:04 - [TEST_STEP][PASSED] - verifyElementText(findTestObject("ImputFormSubmitPage/inputFormSumbitPageHeader"), "Input form with validations"): Actual text and expected text of test object 'Object Repository/ImputFormSubmitPage/inputFormSumbitPageHeader' are matched.

2020-07-28 14:24:04 - [MESSAGE][PASSED] - Actual text and expected text of test object 'Object Repository/ImputFormSubmitPage/inputFormSumbitPageHeader' are matched.

2020-07-28 14:24:04 - [TEST_STEP][PASSED] - closeBrowser(): Browser is closed

2020-07-28 14:24:05 - [MESSAGE][PASSED] - Browser is closed]]></system-out>
         <system-err><![CDATA[]]></system-err>
      </testcase>
      <testcase name="Test Cases/NavigateToAjaxFormSumbitPage" time="14.956" classname="Test Cases/NavigateToAjaxFormSumbitPage" status="PASSED">
         <system-out><![CDATA[2020-07-28 14:24:05 - [TEST_CASE][PASSED] - Test Cases/NavigateToAjaxFormSumbitPage: Test Cases/NavigateToAjaxFormSumbitPage

2020-07-28 14:24:05 - [TEST_STEP][PASSED] - openBrowser(""): Browser is opened with url: ''

2020-07-28 14:24:05 - [MESSAGE][INFO] - Starting 'Chrome' driver

2020-07-28 14:24:05 - [MESSAGE][INFO] - Action delay is set to 0 milliseconds

2020-07-28 14:24:08 - [MESSAGE][PASSED] - Browser is opened with url: ''

2020-07-28 14:24:08 - [TEST_STEP][PASSED] - maximizeWindow(): Current window maximized

2020-07-28 14:24:10 - [MESSAGE][PASSED] - Current window maximized

2020-07-28 14:24:10 - [TEST_STEP][PASSED] - navigateToUrl("https://seleniumeasy.com/test"): Navigate to 'https://seleniumeasy.com/test' successfully

2020-07-28 14:24:14 - [MESSAGE][PASSED] - Navigate to 'https://seleniumeasy.com/test' successfully

2020-07-28 14:24:14 - [TEST_STEP][PASSED] - delay(2): Delayed 2 second(s)

2020-07-28 14:24:16 - [MESSAGE][PASSED] - Delayed 2 second(s)

2020-07-28 14:24:16 - [TEST_STEP][PASSED] - click(findTestObject("TestPage/popupCloseBtn")): Object: 'Object Repository/TestPage/popupCloseBtn' is clicked on

2020-07-28 14:24:17 - [MESSAGE][PASSED] - Object: 'Object Repository/TestPage/popupCloseBtn' is clicked on

2020-07-28 14:24:17 - [TEST_STEP][PASSED] - click(findTestObject("TestPage/inputFormsMenu")): Object: 'Object Repository/TestPage/inputFormsMenu' is clicked on

2020-07-28 14:24:18 - [MESSAGE][PASSED] - Object: 'Object Repository/TestPage/inputFormsMenu' is clicked on

2020-07-28 14:24:18 - [TEST_STEP][PASSED] - click(findTestObject("TestPage/ajaxFormSubmitOpt")): Object: 'Object Repository/TestPage/ajaxFormSubmitOpt' is clicked on

2020-07-28 14:24:19 - [MESSAGE][PASSED] - Object: 'Object Repository/TestPage/ajaxFormSubmitOpt' is clicked on

2020-07-28 14:24:19 - [TEST_STEP][PASSED] - verifyElementVisible(findTestObject("AjaxFormSubmitPage/ajaxFormSubmitPageHeader")): Object 'Object Repository/AjaxFormSubmitPage/ajaxFormSubmitPageHeader' is visible

2020-07-28 14:24:19 - [MESSAGE][PASSED] - Object 'Object Repository/AjaxFormSubmitPage/ajaxFormSubmitPageHeader' is visible

2020-07-28 14:24:19 - [TEST_STEP][PASSED] - closeBrowser(): Browser is closed

2020-07-28 14:24:20 - [MESSAGE][PASSED] - Browser is closed]]></system-out>
         <system-err><![CDATA[]]></system-err>
      </testcase>
      <testcase name="Test Cases/NavigateToJQuerySelectDropdownPage" time="15.261" classname="Test Cases/NavigateToJQuerySelectDropdownPage" status="PASSED">
         <system-out><![CDATA[2020-07-28 14:24:20 - [TEST_CASE][PASSED] - Test Cases/NavigateToJQuerySelectDropdownPage: Test Cases/NavigateToJQuerySelectDropdownPage

2020-07-28 14:24:20 - [TEST_STEP][PASSED] - openBrowser(""): Browser is opened with url: ''

2020-07-28 14:24:20 - [MESSAGE][INFO] - Starting 'Chrome' driver

2020-07-28 14:24:20 - [MESSAGE][INFO] - Action delay is set to 0 milliseconds

2020-07-28 14:24:23 - [MESSAGE][PASSED] - Browser is opened with url: ''

2020-07-28 14:24:23 - [TEST_STEP][PASSED] - maximizeWindow(): Current window maximized

2020-07-28 14:24:25 - [MESSAGE][PASSED] - Current window maximized

2020-07-28 14:24:25 - [TEST_STEP][PASSED] - navigateToUrl("https://seleniumeasy.com/test"): Navigate to 'https://seleniumeasy.com/test' successfully

2020-07-28 14:24:30 - [MESSAGE][PASSED] - Navigate to 'https://seleniumeasy.com/test' successfully

2020-07-28 14:24:30 - [TEST_STEP][PASSED] - delay(2): Delayed 2 second(s)

2020-07-28 14:24:32 - [MESSAGE][PASSED] - Delayed 2 second(s)

2020-07-28 14:24:32 - [TEST_STEP][PASSED] - click(findTestObject("TestPage/popupCloseBtn")): Object: 'Object Repository/TestPage/popupCloseBtn' is clicked on

2020-07-28 14:24:32 - [MESSAGE][PASSED] - Object: 'Object Repository/TestPage/popupCloseBtn' is clicked on

2020-07-28 14:24:32 - [TEST_STEP][PASSED] - click(findTestObject("TestPage/inputFormsMenu")): Object: 'Object Repository/TestPage/inputFormsMenu' is clicked on

2020-07-28 14:24:33 - [MESSAGE][PASSED] - Object: 'Object Repository/TestPage/inputFormsMenu' is clicked on

2020-07-28 14:24:33 - [TEST_STEP][PASSED] - click(findTestObject("TestPage/jQuerySelectDropdownOpt")): Object: 'Object Repository/TestPage/jQuerySelectDropdownOpt' is clicked on

2020-07-28 14:24:34 - [MESSAGE][PASSED] - Object: 'Object Repository/TestPage/jQuerySelectDropdownOpt' is clicked on

2020-07-28 14:24:34 - [TEST_STEP][PASSED] - verifyElementPresent(findTestObject("JQuerySelectDropdownPage/jQuerySelectDropdownPageHeader"), 0): Object 'Object Repository/JQuerySelectDropdownPage/jQuerySelectDropdownPageHeader' is present

2020-07-28 14:24:34 - [MESSAGE][WARNING] - Timeout '0' is invalid. Using default page load timeout: '30'

2020-07-28 14:24:34 - [MESSAGE][PASSED] - Object 'Object Repository/JQuerySelectDropdownPage/jQuerySelectDropdownPageHeader' is present

2020-07-28 14:24:34 - [TEST_STEP][PASSED] - closeBrowser(): Browser is closed

2020-07-28 14:24:35 - [MESSAGE][PASSED] - Browser is closed]]></system-out>
         <system-err><![CDATA[]]></system-err>
      </testcase>
      <system-out><![CDATA[2020-07-28 14:22:48 - [TEST_SUITE][PASSED] - Navigation: Test Cases/NavigateToJQuerySelectDropdownPage]]></system-out>
      <system-err><![CDATA[]]></system-err>
   </testsuite>
</testsuites>
